Events log: audio services lifecycle
10-05 21:54:15:072 AudioService()

Message handler (watch for unhandled messages):
  Handler (com.android.server.audio.AudioService$AudioHandler) {7cf5b6e} @ 729787
    Looper (AudioService, tid 221) {c24a78e}
      (Total messages: 0, polling=true, quitting=false)

Fun with Flags:
	android.media.audio.autoPublicVolumeApiHardening:false
	android.media.audio.Flags.automaticBtDeviceType:true
	android.media.audio.featureSpatialAudioHeadtrackingLowLatency:false
	android.media.audio.focusFreezeTestApi:true
	com.android.media.audio.audioserverPermissions:false
	com.android.media.audio.disablePrescaleAbsoluteVolume:true
	com.android.media.audio.setStreamVolumeOrder:true
	android.media.audio.roForegroundAudioControl:true
	android.media.audio.scoManagedByAudio:false
	com.android.media.audio.vgsVssSyncMuteOrder:true
	com.android.media.audio.absVolumeIndexFix:false
Events log: Hardening enforcement

MediaFocusControl dump time: 오후 10:06:05

Audio Focus stack entries (last is top of stack):

MultiFocusStack:
size:2
device:2
------------------------------
device = 0
------------------------------
device = 2
------------------------------


No external focus policy



 Notify on duck:  true

 In ring or call: false



Events log: focus commands as seen by MediaFocusControl
10-05 21:58:10:946 abandonAudioFocus() from uid/pid 10123/21384 clientId=android.media.AudioManager@73ef96dcom.sec.android.app.camera.audio.e@d1d99a2 callingPack=com.sec.android.app.camera
10-05 21:59:20:078 abandonAudioFocus() from uid/pid 10123/21384 clientId=android.media.AudioManager@73ef96dcom.sec.android.app.camera.audio.e@c95f1cb callingPack=com.sec.android.app.camera
10-05 22:01:12:434 abandonAudioFocus() from uid/pid 10123/21384 clientId=android.media.AudioManager@73ef96dcom.sec.android.app.camera.audio.e@b34de68 callingPack=com.sec.android.app.camera
10-05 22:01:13:039 abandonAudioFocus() from uid/pid 10365/14091 clientId=android.media.AudioManager@d64f8cfEJ.a@6e7325c callingPack=com.kakao.talk
10-05 22:02:33:820 abandonAudioFocus() from uid/pid 10123/21384 clientId=android.media.AudioManager@73ef96dcom.sec.android.app.camera.audio.e@592785f callingPack=com.sec.android.app.camera
10-05 22:02:39:964 abandonAudioFocus() from uid/pid 10365/14091 clientId=android.media.AudioManager@d64f8cfEJ.a@ed65299 callingPack=com.kakao.talk
10-05 22:04:10:020 abandonAudioFocus() from uid/pid 10123/21384 clientId=android.media.AudioManager@73ef96dcom.sec.android.app.camera.audio.e@9208a73 callingPack=com.sec.android.app.camera
10-05 22:04:21:025 abandonAudioFocus() from uid/pid 10365/14091 clientId=android.media.AudioManager@d64f8cfEJ.a@8a61787 callingPack=com.kakao.talk
10-05 22:06:00:988 abandonAudioFocus() from uid/pid 10365/14091 clientId=android.media.AudioManager@d64f8cfEJ.a@eb7d94d callingPack=com.kakao.talk
Multi Audio Focus enabled :false
mIgnoredAudioFocusUid:-1

Stream volumes (device: index)
- STREAM_VOICE_CALL:
   Muted: false
   Muted Internally: false
   Min: 1
   Max: 8
   streamVolume:5
   Current: 1 (earpiece): 5, 20000000 (ble_headset): 5, 40000000 (default): 5
   Devices: earpiece(1)
   Volume Group: AUDIO_STREAM_VOICE_CALL

- STREAM_SYSTEM:
   Muted: true
   Muted Internally: false
   Min: 0
   Max: 15
   streamVolume:0
   Current: 1 (earpiece): 6, 2 (speaker): 6, 80 (bt_a2dp): 6, 100 (bt_a2dp_hp): 6, 200 (bt_a2dp_spk): 6, 40000000 (default): 6
   Devices: speaker(2)
   Volume Group: AUDIO_STREAM_SYSTEM

- STREAM_RING:
   Muted: true
   Muted Internally: false
   Min: 0
   Max: 15
   streamVolume:0
   Current: 2 (speaker): 11, 40000000 (default): 11
   Devices: speaker(2)
   Volume Group: AUDIO_STREAM_RING

- STREAM_MUSIC:
   Muted: false
   Muted Internally: false
   Min: 0
   Max: 15
   streamVolume:3
   Current: 1 (earpiece): 3\30, 2 (speaker): 3\30, 4 (headset): 8\80, 8 (headphone): 8\80, 80 (bt_a2dp): 8\80, 8000 (remote_submix): 15\150, 4000000 (usb_headset): 8\80, 20000000 (ble_headset): 7\70, 20000002 (ble_broadcast): 7\70, 40000000 (default): 7\70
   Devices: speaker(2)
   Volume Group: AUDIO_STREAM_MUSIC

- STREAM_ALARM:
   Muted: false
   Muted Internally: false
   Min: 1
   Max: 15
   streamVolume:11
   Current: 1 (earpiece): 11, 2 (speaker): 11, 40000000 (default): 11
   Devices: speaker(2)
   Volume Group: AUDIO_STREAM_ALARM

- STREAM_NOTIFICATION:
   Muted: true
   Muted Internally: false
   Min: 0
   Max: 15
   streamVolume:0
   Current: 1 (earpiece): 11, 2 (speaker): 11, 40000000 (default): 11
   Devices: speaker(2)
   Volume Group: AUDIO_STREAM_NOTIFICATION

- STREAM_BLUETOOTH_SCO:
   Muted: false
   Muted Internally: false
   Min: 0
   Max: 15
   streamVolume:7
   Current: 1 (earpiece): 7, 2 (speaker): 7, 40000000 (default): 7
   Devices: earpiece(1)
   Volume Group: AUDIO_STREAM_BLUETOOTH_SCO

- STREAM_SYSTEM_ENFORCED:
   Muted: false
   Muted Internally: false
   Min: 0
   Max: 15
   streamVolume:15
   Current: 1 (earpiece): 15, 2 (speaker): 15, 40000000 (default): 15
   Devices: speaker(2)
   Volume Group: AUDIO_STREAM_ENFORCED_AUDIBLE

- STREAM_DTMF (aliased to: STREAM_RING):
   Muted: true
   Muted Internally: false
   Min: 0
   Max: 15
   streamVolume:0
   Current: 2 (speaker): 11, 40000000 (default): 11
   Devices: speaker(2)
   Volume Group: AUDIO_STREAM_DTMF

- STREAM_TTS (aliased to: STREAM_MUSIC):
   Muted: false
   Muted Internally: false
   Min: 0
   Max: 15
   streamVolume:3
   Current: 1 (earpiece): 3, 2 (speaker): 3, 4 (headset): 8, 8 (headphone): 8, 80 (bt_a2dp): 8, 8000 (remote_submix): 15, 4000000 (usb_headset): 8, 20000000 (ble_headset): 7, 20000002 (ble_broadcast): 7, 40000000 (default): 7
   Devices: speaker(2)
   Volume Group: AUDIO_STREAM_TTS

- STREAM_ACCESSIBILITY (aliased to: STREAM_MUSIC):
   Muted: false
   Muted Internally: false
   Min: 1
   Max: 15
   streamVolume:4
   Current: 1 (earpiece): 4, 2 (speaker): 4, 4 (headset): 9, 8 (headphone): 9, 80 (bt_a2dp): 9, 8000 (remote_submix): 15, 4000000 (usb_headset): 9, 20000000 (ble_headset): 8, 20000002 (ble_broadcast): 8, 40000000 (default): 8
   Devices: speaker(2)
   Volume Group: AUDIO_STREAM_ACCESSIBILITY

- STREAM_ASSISTANT:
   Muted: false
   Muted Internally: false
   Min: 0
   Max: 15
   streamVolume:7
   Current: 1 (earpiece): 7, 2 (speaker): 7, 40000000 (default): 7
   Devices: speaker(2)
   Volume Group: AUDIO_STREAM_ASSISTANT


- mute affected streams = 0x6f

- user mutable streams = 0x2e

Volume Groups (device: index)
- VOLUME GROUP AUDIO_STREAM_ACCESSIBILITY:
   Muted: false
   Min: 1
   Max: 15
   Current: 1 (earpiece): 4, 2 (speaker): 3, 4 (headset): 9, 8 (headphone): 9, 80 (bt_a2dp): 9, 8000 (remote_submix): 15, 4000000 (usb_headset): 9, 20000000 (ble_headset): 7, 20000002 (ble_broadcast): 7, 40000000 (default): 8
   Devices: speaker
   Streams: STREAM_ACCESSIBILITY 
- VOLUME GROUP AUDIO_STREAM_ALARM:
   Muted: false
   Min: 1
   Max: 15
   Current: 40000000 (default): 11
   Devices: speaker
   Streams: STREAM_ALARM 
- VOLUME GROUP AUDIO_STREAM_BLUETOOTH_SCO:
   Muted: false
   Min: 0
   Max: 15
   Current: 40000000 (default): 7
   Devices: earpiece
   Streams: STREAM_BLUETOOTH_SCO 
- VOLUME GROUP AUDIO_STREAM_DTMF:
   Muted: false
   Min: 0
   Max: 15
   Current: 2 (speaker): 11, 40000000 (default): 11
   Devices: speaker
   Streams: STREAM_DTMF 
- VOLUME GROUP AUDIO_STREAM_ENFORCED_AUDIBLE:
   Muted: false
   Min: 0
   Max: 15
   Current: 40000000 (default): 14
   Devices: speaker
   Streams: STREAM_SYSTEM_ENFORCED 
- VOLUME GROUP AUDIO_STREAM_MUSIC:
   Muted: false
   Min: 0
   Max: 15
   Current: 1 (earpiece): 3, 2 (speaker): 3, 4 (headset): 8, 8 (headphone): 8, 80 (bt_a2dp): 8, 8000 (remote_submix): 15, 4000000 (usb_headset): 8, 20000000 (ble_headset): 7, 20000002 (ble_broadcast): 7, 40000000 (default): 7
   Devices: speaker
   Streams: STREAM_MUSIC 
- VOLUME GROUP AUDIO_STREAM_NOTIFICATION:
   Muted: true
   Min: 0
   Max: 15
   Current: 40000000 (default): 11
   Devices: speaker
   Streams: STREAM_NOTIFICATION 
- VOLUME GROUP AUDIO_STREAM_PATCH:
   Muted: false
   Min: 0
   Max: 15
   Current: 40000000 (default): 7
   Devices: speaker
   Streams: UNKNOWN_STREAM_13 
- VOLUME GROUP AUDIO_STREAM_REROUTING:
   Muted: false
   Min: 0
   Max: 15
   Current: 40000000 (default): 7
   Devices: speaker
   Streams: UNKNOWN_STREAM_12 
- VOLUME GROUP AUDIO_STREAM_RING:
   Muted: true
   Min: 0
   Max: 15
   Current: 2 (speaker): 11, 40000000 (default): 11
   Devices: speaker
   Streams: STREAM_RING 
- VOLUME GROUP AUDIO_STREAM_SYSTEM:
   Muted: true
   Min: 0
   Max: 15
   Current: 80 (bt_a2dp): 6, 100 (bt_a2dp_hp): 6, 200 (bt_a2dp_spk): 6, 40000000 (default): 6
   Devices: speaker
   Streams: STREAM_SYSTEM 
- VOLUME GROUP AUDIO_STREAM_TTS:
   Muted: false
   Min: 0
   Max: 15
   Current: 1 (earpiece): 3, 2 (speaker): 3, 4 (headset): 8, 8 (headphone): 8, 80 (bt_a2dp): 8, 8000 (remote_submix): 15, 4000000 (usb_headset): 8, 20000000 (ble_headset): 7, 20000002 (ble_broadcast): 7, 40000000 (default): 7
   Devices: speaker
   Streams: STREAM_TTS 
- VOLUME GROUP AUDIO_STREAM_VOICE_CALL:
   Muted: false
   Min: 1
   Max: 8
   Current: 20000000 (ble_headset): 5, 40000000 (default): 5
   Devices: earpiece
   Streams: STREAM_VOICE_CALL 
- VOLUME GROUP AUDIO_STREAM_ASSISTANT:
   Muted: false
   Min: 0
   Max: 15
   Current: 40000000 (default): 7
   Devices: speaker
   Streams: STREAM_ASSISTANT 
- VOLUME GROUP AUDIO_STREAM_CALL_ASSISTANT:
   Muted: false
   Min: 0
   Max: 15
   Current: 40000000 (default): 7
   Devices: speaker
   Streams: UNKNOWN_STREAM_14 

Ringer mode: 
- mode (internal) = VIBRATE
- mode (external) = VIBRATE
- zen mode:ZEN_MODE_OFF
- ringer mode affected streams = 0x126 (STREAM_SYSTEM,STREAM_RING,STREAM_NOTIFICATION,STREAM_DTMF)
- ringer mode muted streams = 0x126 (STREAM_SYSTEM,STREAM_RING,STREAM_NOTIFICATION,STREAM_DTMF)
- delegate = SamsungRingerModeDelegate

Audio mode: 
- Requested mode = MODE_NORMAL
- Actual mode = MODE_NORMAL
- Mode owner: 
   None
- Mode owner stack: 
   Empty

Audio routes:
  mMainType=0x0
  mBluetoothName=null

Other state:
  mUseVolumeGroupAliases=false
  mVolumeController=VolumeController(android.os.BinderProxy@344d7af,mVisible=false)
  mEnableCsd=false
  mSafeMediaVolumeState=SAFE_MEDIA_VOLUME_DISABLED
  mSafeMediaVolumeIndex=90
  mSafeMediaVolumeIndex[4]=90
  mSafeMediaVolumeIndex[8]=90
  mSafeMediaVolumeIndex[128]=90
  mSafeMediaVolumeIndex[256]=90
  mSafeMediaVolumeIndex[16384]=90
  mSafeMediaVolumeIndex[67108864]=90
  mSafeMediaVolumeIndex[134217728]=90
  mSafeMediaVolumeIndex[536870912]=90
  mSafeMediaVolumeIndex[536870914]=90
  mSafeMediaVolumeDbfs=-37.0
  mMusicActiveMs=0
  mMcc=450
  mPendingVolumeCommand=null

Events log: CSD updates


  SEC_AUDIO_SAFE_MEDIA_VOLUME=false
  SEC_AUDIO_SAFE_VOLUME_COUNTRY=false
  mIsVolumeEffectOn=false

Events log: Ear shock level history

  sIndependentA11yVolume=false
  mCameraSoundForced=true
  mHasVibrator=true
  mVolumePolicy=VolumePolicy[volumeDownToEnterSilent=false,volumeUpToExitSilent=true,doNotDisturbWhenSilent=true,vibrateToSilentDebounce=400]
  mAvrcpAbsVolSupported=false
  mBtScoOnByApp=false
  mIsSingleVolume=false
  mUseFixedVolume=false
  mNotifAliasRing=false
  mFixedVolumeDevices=
  mFullVolumeDevices=0x40000,0x40001
  absolute volume devices=
  adjust-only absolute volume devices=
  pre-scale for bluetooth absolute volume = disabled
  mExtVolumeController=null
  mHdmiAudioSystemClient=null
  mHdmiPlaybackClient=null
  mHdmiTvClient=null
  mHdmiSystemAudioSupported=false
  mHdmiCecVolumeControlEnabled=false
  mIsCallScreeningModeSupported=true
  mic mute FromSwitch=false FromRestrictions=false FromApi=false from system=false
  mMasterMute=false
  No accessibility service Uids.
  Assistant service UIDs:
  - 10281
  supportsBluetoothVariableLatency=false
  isBluetoothVariableLatencyEnabled=true

Audio policies:
Events log: dynamic policy events (logged when command received by AudioService)

PlaybackActivityMonitor dump time: 오후 10:06:05

  playback listeners:
 PlayMonitorClient:S uid:1000 pid:2662
 PlayMonitorClient:S uid:1000 pid:2662
 PlayMonitorClient:S uid:10048 pid:3869
 PlayMonitorClient:S uid:1002 pid:4063
 PlayMonitorClient:S uid:1000 pid:5692



  players:
  AudioPlaybackConfiguration piid:103 deviceId:0 type:android.media.SoundPool u/pid:1000/2662 state:idle attr:AudioAttributes: usage=USAGE_ASSISTANCE_SONIFICATION content=CONTENT_TYPE_SONIFICATION flags=0x800 tags= bundle=null sessionId:0 mutedState:none  FormatInfo{isSpatialized=false, channelMask=0x0, sampleRate=0}
  AudioPlaybackConfiguration piid:111 deviceId:0 type:android.media.SoundPool u/pid:1000/2662 state:idle attr:AudioAttributes: usage=USAGE_VOICE_COMMUNICATION content=CONTENT_TYPE_SPEECH flags=0x800 tags=stv_call_connection bundle=null sessionId:0 mutedState:none  FormatInfo{isSpatialized=false, channelMask=0x0, sampleRate=0}
  AudioPlaybackConfiguration piid:119 deviceId:0 type:android.media.SoundPool u/pid:10048/3869 state:idle attr:AudioAttributes: usage=USAGE_ASSISTANCE_SONIFICATION content=CONTENT_TYPE_SONIFICATION flags=0x800 tags= bundle=null sessionId:0 mutedState:none  FormatInfo{isSpatialized=false, channelMask=0x0, sampleRate=0}
  AudioPlaybackConfiguration piid:127 deviceId:0 type:android.media.SoundPool u/pid:10048/3869 state:idle attr:AudioAttributes: usage=USAGE_ASSISTANCE_SONIFICATION content=CONTENT_TYPE_SONIFICATION flags=0x800 tags= bundle=null sessionId:0 mutedState:none  FormatInfo{isSpatialized=false, channelMask=0x0, sampleRate=0}
  AudioPlaybackConfiguration piid:135 deviceId:0 type:android.media.SoundPool u/pid:1000/2662 state:idle attr:AudioAttributes: usage=USAGE_ASSISTANCE_SONIFICATION content=CONTENT_TYPE_SONIFICATION flags=0x801 tags=VIRTUAL_VIB_SOUND bundle=null sessionId:0 mutedState:none  FormatInfo{isSpatialized=false, channelMask=0x0, sampleRate=0}
  AudioPlaybackConfiguration piid:143 deviceId:0 type:android.media.SoundPool u/pid:1002/4063 state:idle attr:AudioAttributes: usage=USAGE_VOICE_COMMUNICATION content=CONTENT_TYPE_SPEECH flags=0x800 tags= bundle=null sessionId:0 mutedState:none  FormatInfo{isSpatialized=false, channelMask=0x0, sampleRate=0}
  AudioPlaybackConfiguration piid:191 deviceId:0 type:android.media.SoundPool u/pid:15010219/20136 state:idle attr:AudioAttributes: usage=USAGE_ASSISTANCE_SONIFICATION content=CONTENT_TYPE_SONIFICATION flags=0x800 tags=stv_keyboard bundle=null sessionId:0 mutedState:none  FormatInfo{isSpatialized=false, channelMask=0x0, sampleRate=0}
  AudioPlaybackConfiguration piid:199 deviceId:0 type:android.media.SoundPool u/pid:10219/20291 state:idle attr:AudioAttributes: usage=USAGE_ASSISTANCE_SONIFICATION content=CONTENT_TYPE_SONIFICATION flags=0x800 tags=stv_keyboard bundle=null sessionId:0 mutedState:none  FormatInfo{isSpatialized=false, channelMask=0x0, sampleRate=0}

  ducked players piids:

  faded out players piids:

  muted player piids due to call/ring:

  banned uids:


  muted players (piids) awaiting device connection:

Events log: playback activity as reported through PlayerBase
10-05 21:54:15:811 new player piid:95 uid/pid:1000/2662 package:com.samsung.android.smartswitchassistant type:android.media.SoundPool attr:AudioAttributes: usage=USAGE_ASSISTANCE_SONIFICATION content=CONTENT_TYPE_SONIFICATION flags=0x800 tags= bundle=null session:0
10-05 21:54:16:630 releasing player piid:95, uid:1000
10-05 21:54:16:633 new player piid:103 uid/pid:1000/2662 package:com.samsung.android.smartswitchassistant type:android.media.SoundPool attr:AudioAttributes: usage=USAGE_ASSISTANCE_SONIFICATION content=CONTENT_TYPE_SONIFICATION flags=0x800 tags= bundle=null session:0
10-05 21:54:16:940 new player piid:111 uid/pid:1000/2662 package:com.samsung.android.smartswitchassistant type:android.media.SoundPool attr:AudioAttributes: usage=USAGE_VOICE_COMMUNICATION content=CONTENT_TYPE_SPEECH flags=0x800 tags=stv_call_connection bundle=null session:0
10-05 21:54:17:171 new player piid:119 uid/pid:10048/3869 package:com.samsung.android.app.routines type:android.media.SoundPool attr:AudioAttributes: usage=USAGE_ASSISTANCE_SONIFICATION content=CONTENT_TYPE_SONIFICATION flags=0x800 tags= bundle=null session:0
10-05 21:53:57:037 new player piid:127 uid/pid:10048/3869 package:com.samsung.android.app.routines type:android.media.SoundPool attr:AudioAttributes: usage=USAGE_ASSISTANCE_SONIFICATION content=CONTENT_TYPE_SONIFICATION flags=0x800 tags= bundle=null session:0
10-05 21:53:57:858 new player piid:135 uid/pid:1000/2662 package:com.samsung.android.smartswitchassistant type:android.media.SoundPool attr:AudioAttributes: usage=USAGE_ASSISTANCE_SONIFICATION content=CONTENT_TYPE_SONIFICATION flags=0x801 tags=VIRTUAL_VIB_SOUND bundle=null session:0
10-05 21:53:58:868 new player piid:143 uid/pid:1002/4063 package:com.sec.android.app.bluetoothagent type:android.media.SoundPool attr:AudioAttributes: usage=USAGE_VOICE_COMMUNICATION content=CONTENT_TYPE_SPEECH flags=0x800 tags= bundle=null session:0
10-05 21:54:04:799 new player piid:151 uid/pid:10219/7028 package:com.samsung.android.honeyboard type:android.media.SoundPool attr:AudioAttributes: usage=USAGE_ASSISTANCE_SONIFICATION content=CONTENT_TYPE_SONIFICATION flags=0x800 tags=stv_keyboard bundle=null session:0
10-05 21:54:08:421 new player piid:159 uid/pid:10082/10047 package:com.samsung.android.game.gametools type:android.media.SoundPool attr:AudioAttributes: usage=USAGE_MEDIA content=CONTENT_TYPE_UNKNOWN flags=0x800 tags= bundle=null session:0
10-05 21:54:11:310 releasing player piid:159, uid:0
10-05 21:54:20:764 new player piid:167 uid/pid:10365/14091 package:com.kakao.talk type:android.media.MediaPlayer attr:AudioAttributes: usage=USAGE_UNKNOWN content=CONTENT_TYPE_UNKNOWN flags=0x800 tags= bundle=null session:137
10-05 21:54:20:805 releasing player piid:167, uid:10365
10-05 21:54:23:501 new player piid:175 uid/pid:10082/15102 package:com.samsung.android.game.gametools type:android.media.SoundPool attr:AudioAttributes: usage=USAGE_MEDIA content=CONTENT_TYPE_UNKNOWN flags=0x800 tags= bundle=null session:0
10-05 21:54:25:200 new player piid:183 uid/pid:15010219/15756 package:com.samsung.android.honeyboard type:android.media.SoundPool attr:AudioAttributes: usage=USAGE_ASSISTANCE_SONIFICATION content=CONTENT_TYPE_SONIFICATION flags=0x800 tags=stv_keyboard bundle=null session:0
10-05 21:54:31:005 releasing player piid:183, uid:0
10-05 21:54:49:922 releasing player piid:175, uid:0
10-05 21:54:50:016 releasing player piid:151, uid:0
10-05 21:55:42:079 new player piid:191 uid/pid:15010219/20136 package:com.samsung.android.honeyboard type:android.media.SoundPool attr:AudioAttributes: usage=USAGE_ASSISTANCE_SONIFICATION content=CONTENT_TYPE_SONIFICATION flags=0x800 tags=stv_keyboard bundle=null session:0
10-05 21:55:42:697 new player piid:199 uid/pid:10219/20291 package:com.samsung.android.honeyboard type:android.media.SoundPool attr:AudioAttributes: usage=USAGE_ASSISTANCE_SONIFICATION content=CONTENT_TYPE_SONIFICATION flags=0x800 tags=stv_keyboard bundle=null session:0
10-05 21:58:05:286 new player piid:207 uid/pid:10123/21384 package:com.sec.android.app.camera type:android.media.SoundPool attr:AudioAttributes: usage=USAGE_ASSISTANCE_SONIFICATION content=CONTENT_TYPE_SONIFICATION flags=0x801 tags=;CAMERA bundle=null session:0
10-05 21:58:10:943 releasing player piid:207, uid:10123
10-05 21:59:09:743 new player piid:223 uid/pid:10123/21384 package:com.sec.android.app.camera type:android.media.SoundPool attr:AudioAttributes: usage=USAGE_ASSISTANCE_SONIFICATION content=CONTENT_TYPE_SONIFICATION flags=0x801 tags=;CAMERA bundle=null session:0
10-05 21:59:14:583 player piid:223 event:started
10-05 21:59:17:979 player piid:223 event:started
10-05 21:59:20:066 releasing player piid:223, uid:10123
10-05 22:01:07:700 new player piid:239 uid/pid:10123/21384 package:com.sec.android.app.camera type:android.media.SoundPool attr:AudioAttributes: usage=USAGE_ASSISTANCE_SONIFICATION content=CONTENT_TYPE_SONIFICATION flags=0x801 tags=;CAMERA bundle=null session:0
10-05 22:01:12:430 releasing player piid:239, uid:10123
10-05 22:02:24:688 new player piid:255 uid/pid:10123/21384 package:com.sec.android.app.camera type:android.media.SoundPool attr:AudioAttributes: usage=USAGE_ASSISTANCE_SONIFICATION content=CONTENT_TYPE_SONIFICATION flags=0x801 tags=;CAMERA bundle=null session:0
10-05 22:02:28:947 player piid:255 event:started
10-05 22:02:33:816 releasing player piid:255, uid:10123
10-05 22:04:00:735 new player piid:271 uid/pid:10123/21384 package:com.sec.android.app.camera type:android.media.SoundPool attr:AudioAttributes: usage=USAGE_ASSISTANCE_SONIFICATION content=CONTENT_TYPE_SONIFICATION flags=0x801 tags=;CAMERA bundle=null session:0
10-05 22:04:04:765 player piid:271 event:started
10-05 22:04:10:017 releasing player piid:271, uid:10123

  allowed capture policies:

RecordActivityMonitor dump time: 오후 10:06:05


Events log: recording activity received by AudioService
10-05 21:58:06:111 rec update riid:215 uid:10123 session:169 src:HOTWORD not silenced pack:com.sec.android.app.camera
10-05 21:59:10:519 rec update riid:231 uid:10123 session:177 src:HOTWORD not silenced pack:com.sec.android.app.camera
10-05 22:01:08:467 rec update riid:247 uid:10123 session:201 src:HOTWORD not silenced pack:com.sec.android.app.camera
10-05 22:02:25:459 rec update riid:263 uid:10123 session:209 src:HOTWORD not silenced pack:com.sec.android.app.camera
10-05 22:04:01:498 rec update riid:279 uid:10123 session:225 src:HOTWORD not silenced pack:com.sec.android.app.camera

AudioDeviceBroker:
  Message handler (watch for unhandled messages):
    Handler (com.android.server.audio.AudioDeviceBroker$BrokerHandler) {639a20f} @ 729789
      Looper (AudioDeviceBroker, tid 216) {10efd9c}
        (Total messages: 0, polling=true, quitting=false)

  BECOMING_NOISY_INTENT_DEVICES_SET=
 0x400 0x800 0x8000000 0x20000000 0x80 0x100 0x200 0x2000 0x4000 0x4000000 0x20000001 0x20000 0x20000002 0x4 0x8
  Preferred devices for strategy:

  Non-default devices for strategy:

  Connected devices:
    [DeviceInfo: type:0x2 (speaker) name:speaker addr: identity addr: codec: 0 group:-1 peer addr: peer identity addr: disabled modes: {}]

  APM Connected device (A2DP sink only):

  mBluetoothDualModeEnabled = false

  Preferred devices for capture preset:

  Applied devices roles for strategies (from API):

  Applied devices roles for strategies (internal):

  Applied devices roles for presets (from API):

  Applied devices roles for presets (internal:

devices:

	type: 2 internal type: 0x2 addr:  bt audio type: AUDIO_DEVICE_CATEGORY_UNKNOWN enabled: true HT: false HTenabled: false

	type: 4 internal type: 0x8 addr:  bt audio type: AUDIO_DEVICE_CATEGORY_UNKNOWN enabled: true HT: false HTenabled: false


  Communication route clients:

  Computed Preferred communication device: null

  Applied Preferred communication device: null
  Active communication device: AudioDeviceAttributes: role:output type:earpiece addr: name:SM-S928N profiles:[{ENCODING_PCM_16BIT, sampling rates=[48000], channel masks=0x04, encapsulation type=0}] descriptors:[]
  mCommunicationStrategyId: 14
  mAccessibilityStrategyId: 17

  mAudioModeOwner: AudioModeInfo: mMode=MODE_NORMAL, mPid=0, mUid=0

  mScoManagedByAudio: false

  mBluetoothHeadset: android.bluetooth.BluetoothHeadset@270133d
  mBluetoothHeadsetDevice: null
  mScoAudioState: SCO_STATE_INACTIVE
  mScoAudioMode: SCO_MODE_VIRTUAL_CALL

  mHearingAid: android.bluetooth.BluetoothHearingAid@25547e

  mLeAudio: android.bluetooth.BluetoothLeAudio@7178ddf
  mA2dp: android.bluetooth.BluetoothA2dp@600ac83
  mAvrcpAbsVolSupported: false

SoundEffects:
  Message handler (watch for unhandled messages):
  Handler (com.android.server.audio.SoundEffectsHelper$SfxHandler) {c84c29c} @ 729789
    Looper (AS.SfxWorker, tid 220) {87a94a5}
      (Total messages: 0, polling=true, quitting=false)
  Default attenuation (dB): -6
Events log: Sound Effects Loading
10-05 21:54:15:809 effects loading started
10-05 21:54:15:815 effect TW_Touch.ogg loaded
10-05 21:54:15:816 effect Effect_Tick.ogg loaded
10-05 21:54:15:818 effect TW_SIP.ogg loaded
10-05 21:54:15:818 effect KeypressInvalid_1.ogg loaded
10-05 21:54:15:821 effect TW_Silent_mode_off.ogg loaded
10-05 21:54:15:821 effect S_HW_Touch.ogg loaded
10-05 21:54:15:823 effect Timepicker_scroll.ogg loaded
10-05 21:54:15:823 effect picker_fast.ogg loaded
10-05 21:54:15:827 effect picker_slow.ogg loaded
10-05 21:54:15:828 effect Detach.ogg loaded
10-05 21:54:15:828 effects loading completed
10-05 21:54:16:629 effects unloading started
10-05 21:54:16:631 effects unloading completed
10-05 21:54:16:631 effects loading started
10-05 21:54:16:643 effect TW_Touch.ogg loaded
10-05 21:54:16:655 effect Effect_Tick.ogg loaded
10-05 21:54:16:655 effect TW_SIP.ogg loaded
10-05 21:54:16:658 effect KeypressInvalid_1.ogg loaded
10-05 21:54:16:668 effect S_HW_Touch.ogg loaded
10-05 21:54:16:670 effect TW_Silent_mode_off.ogg loaded
10-05 21:54:16:671 effect Timepicker_scroll.ogg loaded
10-05 21:54:16:675 effect picker_slow.ogg loaded
10-05 21:54:16:676 effect picker_fast.ogg loaded
10-05 21:54:16:679 effect Detach.ogg loaded
10-05 21:54:16:679 effects loading completed



Event logs:
Events log: phone state (logged after successful call to AudioSystem.setPhoneState(int, int))


Events log: wired/A2DP/hearing aid device connection
10-05 21:54:15:193 synchronizeDeviceProfilesInInventory synced device pair ads1=type: 2 internal type: 0x2 addr:  bt audio type: AUDIO_DEVICE_CATEGORY_UNKNOWN enabled: true HT: false HTenabled: false ads2=type: 4 internal type: 0x8 addr:  bt audio type: AUDIO_DEVICE_CATEGORY_UNKNOWN enabled: true HT: false HTenabled: false
10-05 21:54:15:193 synchronizeDeviceProfilesInInventory synced device pair ads1=type: 4 internal type: 0x8 addr:  bt audio type: AUDIO_DEVICE_CATEGORY_UNKNOWN enabled: true HT: false HTenabled: false ads2=type: 2 internal type: 0x2 addr:  bt audio type: AUDIO_DEVICE_CATEGORY_UNKNOWN enabled: true HT: false HTenabled: false
10-05 21:54:15:796 updateCommunicationRoute, preferredCommunicationDevice: null eventSource: resetBluetoothSco
10-05 21:54:16:573 removePreferredDevicesForStrategy strat:19
10-05 21:53:58:625 updateCommunicationRoute, preferredCommunicationDevice: null eventSource: resetBluetoothSco
10-05 21:53:59:369 BT profile service: connecting A2DP profile
10-05 21:53:59:369 BT profile service: connecting LE_AUDIO_BROADCAST profile
10-05 21:53:59:371 BT profile A2DP connected to proxy android.bluetooth.BluetoothA2dp@600ac83
10-05 21:53:59:372 BT profile service: connecting LE_AUDIO profile
10-05 21:53:59:372 BT profile service: connecting HEARING_AID profile
10-05 21:53:59:372 BT profile service: connecting HEADSET profile
10-05 21:53:59:374 BT profile LE_AUDIO_BROADCAST connected to proxy android.bluetooth.BluetoothLeBroadcast@bbb8a2c
10-05 21:53:59:374 BT profile LE_AUDIO connected to proxy android.bluetooth.BluetoothLeAudio@7178ddf
10-05 21:53:59:376 BT profile HEARING_AID connected to proxy android.bluetooth.BluetoothHearingAid@25547e
10-05 21:53:59:380 BT profile HEADSET connected to proxy android.bluetooth.BluetoothHeadset@270133d


Events log: force use (logged before setForceUse() is executed)
10-05 21:54:15:084 setForceUse(FOR_ENCODED_SURROUND, FORCE_NONE) due to readPersistedSettings
10-05 21:54:15:084 setForceUse(FOR_DOCK, FORCE_DIGITAL_DOCK) due to readDockAudioSettings
10-05 21:54:15:193 setForceUse(FOR_SYSTEM, FORCE_NONE) due to AudioService ctor
10-05 21:54:15:228 setForceUse(FOR_VIBRATE_RINGING, FORCE_NONE) due to muteRingerModeStreams() from u/pid:1000/2662
10-05 21:54:15:810 setForceUse(FOR_VIBRATE_RINGING, FORCE_NONE) due to muteRingerModeStreams() from u/pid:1000/2662
10-05 21:54:16:333 setForceUse(FOR_ENCODED_SURROUND, FORCE_NONE) due to readPersistedSettings
10-05 21:54:16:333 setForceUse(FOR_DOCK, FORCE_DIGITAL_DOCK) due to readDockAudioSettings
10-05 21:54:16:457 setForceUse(FOR_VIBRATE_RINGING, FORCE_NONE) due to muteRingerModeStreams() from u/pid:1000/2662
10-05 21:54:16:826 setForceUse(FOR_DOCK, FORCE_DIGITAL_DOCK) due to readDockAudioSettings
10-05 21:53:58:629 setForceUse(FOR_VIBRATE_RINGING, FORCE_NONE) due to muteRingerModeStreams() from u/pid:1000/2662
10-05 21:53:58:992 setForceUse(FOR_VIBRATE_RINGING, FORCE_NONE) due to muteRingerModeStreams() from u/pid:1000/2662
10-05 21:53:58:993 setForceUse(FOR_SYSTEM, FORCE_SYSTEM_ENFORCED) due to onConfigurationChanged
10-05 21:54:03:460 setForceUse(FOR_DOCK, FORCE_DIGITAL_DOCK) due to readDockAudioSettings


Events log: volume changes (logged when command received by AudioService)


Events log: mute commands
10-05 21:54:15:188 RingerZenMutedStreams 0x0 from onInitStreamsAndVolumes
10-05 21:54:15:188 RingerZenMutedStreams 0x100 from muteRingerModeStreams
10-05 21:54:15:188 STREAM_DTMF muting by muteRingerModeStreams
10-05 21:54:15:189 RingerZenMutedStreams 0x120 from muteRingerModeStreams
10-05 21:54:15:189 STREAM_NOTIFICATION muting by muteRingerModeStreams
10-05 21:54:15:189 RingerZenMutedStreams 0x124 from muteRingerModeStreams
10-05 21:54:15:189 STREAM_RING muting by muteRingerModeStreams
10-05 21:54:15:189 RingerZenMutedStreams 0x126 from muteRingerModeStreams
10-05 21:54:15:189 STREAM_SYSTEM muting by muteRingerModeStreams


Supported System Usages:
	USAGE_CALL_ASSISTANT



Spatial audio:
mHasSpatializerEffect:true (effect present)
isSpatializerEnabled:true (routing dependent)
SpatializerHelper:
	mState:5
	mSpatLevel:1
	mCapableSpatLevel:1
	mIsHeadTrackingSupported:false
	supported head tracking modes:
	mDesiredHeadTrackingMode:HEAD_TRACKING_MODE_UNSUPPORTED
	mActualHeadTrackingMode:HEAD_TRACKING_MODE_UNSUPPORTED
	headtracker available:false
	sec headtracker available:false
	global headtracker available:false
	supports binaural:true / transaural:true
	mSpatOutput:21
	has FEATURE_AUDIO_SPATIAL_HEADTRACKING_LOW_LATENCY:false
Events log: spatial audio
10-05 21:54:15:191 init effectExpected=true
10-05 21:54:15:192 init(): found support for level: 0
10-05 21:54:15:192 init(): found support for level: 1
10-05 21:54:15:192 init(): setting capable level to LEVEL_MULTICHANNEL
10-05 21:54:15:192 addCompatibleAudioDevice: dev=AudioDeviceAttributes: role:output type:speaker addr: name: profiles:[] descriptors:[]
10-05 21:54:15:192 addCompatibleAudioDevice: dev=AudioDeviceAttributes: role:output type:headphone addr: name: profiles:[] descriptors:[]
10-05 21:54:15:193 setFeatureEnabled(true) was featureEnabled:false
10-05 21:54:15:193 onRoutingUpdated: can spatialize media 5.1:true on device:AudioDeviceAttributes: role:output type:speaker addr: name: profiles:[] descriptors:[]
10-05 21:54:15:193 setDispatchAvailableState(true) mState:STATE_DISABLED_AVAILABLE
10-05 21:54:15:193 Enabling Spatial Audio since enabled for media device:AudioDeviceAttributes: role:output type:speaker addr: name: profiles:[] descriptors:[]
10-05 21:54:15:193 Setting spatialization level to: 1
10-05 21:54:15:193 SpatializerCallback.onLevelChanged level:1
10-05 21:54:15:193 setDispatchFeatureEnabledState(true) mState:STATE_ENABLED_AVAILABLE
10-05 21:54:15:193 addCompatibleAudioDevice: dev=AudioDeviceAttributes: role:output type:headphone addr: name: profiles:[] descriptors:[]
10-05 21:54:15:194 addCompatibleAudioDevice: dev=AudioDeviceAttributes: role:output type:speaker addr: name: profiles:[] descriptors:[]
10-05 21:54:15:194 SpatializerCallback.onOutputChanged output:21
10-05 21:54:15:231 not initializing sensors, spatializer doesn't support headtracking
10-05 21:53:59:177 onRoutingUpdated: can spatialize media 5.1:true on device:AudioDeviceAttributes: role:output type:speaker addr: name: profiles:[] descriptors:[]
10-05 21:53:59:177 setDispatchAvailableState(true) no dispatch: mState:STATE_ENABLED_AVAILABLE
10-05 21:53:59:177 Enabling Spatial Audio since enabled for media device:AudioDeviceAttributes: role:output type:speaker addr: name: profiles:[] descriptors:[]
10-05 21:53:59:177 Setting spatialization level to: 1
10-05 21:53:59:178 setDispatchFeatureEnabledState(true) no dispatch: mState:STATE_ENABLED_AVAILABLE src:onRoutingUpdated



Loudness alignment:

Registered clients:


Events log: Loudness updates
10-05 21:54:07:770 Loudness client with pid 6205 died
10-05 21:55:42:602 Loudness client with pid 6878 died


AudioSystemAdapter:
 last cache clear time: 10-05 22:04:10:414
 mDevicesForAttrCache:
	AudioAttributes: usage=USAGE_ASSISTANCE_SONIFICATION content=CONTENT_TYPE_UNKNOWN flags=0x800 tags= bundle=null forVolume: true stream: STREAM_SYSTEM(1)
		AudioDeviceAttributes: role:output type:speaker addr: name: profiles:[] descriptors:[]
	AudioAttributes: usage=USAGE_UNKNOWN content=CONTENT_TYPE_UNKNOWN flags=0x801 tags= bundle=null forVolume: true stream: STREAM_SYSTEM(1)
		AudioDeviceAttributes: role:output type:speaker addr: name: profiles:[] descriptors:[]
	AudioAttributes: usage=USAGE_ASSISTANCE_ACCESSIBILITY content=CONTENT_TYPE_UNKNOWN flags=0x800 tags= bundle=null forVolume: true stream: STREAM_ACCESSIBILITY(10)
		AudioDeviceAttributes: role:output type:speaker addr: name: profiles:[] descriptors:[]
	AudioAttributes: usage=USAGE_NOTIFICATION_RINGTONE content=CONTENT_TYPE_UNKNOWN flags=0x800 tags= bundle=null forVolume: true stream: STREAM_RING(2)
		AudioDeviceAttributes: role:output type:speaker addr: name: profiles:[] descriptors:[]
	AudioAttributes: usage=USAGE_ALARM content=CONTENT_TYPE_UNKNOWN flags=0x800 tags= bundle=null forVolume: true stream: STREAM_ALARM(4)
		AudioDeviceAttributes: role:output type:speaker addr: name: profiles:[] descriptors:[]
	AudioAttributes: usage=USAGE_ASSISTANT content=CONTENT_TYPE_SPEECH flags=0x800 tags= bundle=null forVolume: true stream: STREAM_ASSISTANT(11)
		AudioDeviceAttributes: role:output type:speaker addr: name: profiles:[] descriptors:[]
	AudioAttributes: usage=USAGE_NOTIFICATION content=CONTENT_TYPE_UNKNOWN flags=0x800 tags= bundle=null forVolume: true stream: STREAM_NOTIFICATION(5)
		AudioDeviceAttributes: role:output type:speaker addr: name: profiles:[] descriptors:[]
	AudioAttributes: usage=USAGE_VOICE_COMMUNICATION content=CONTENT_TYPE_UNKNOWN flags=0x800 tags= bundle=null forVolume: true stream: STREAM_VOICE_CALL(0)
		AudioDeviceAttributes: role:output type:earpiece addr: name: profiles:[] descriptors:[]
	AudioAttributes: usage=USAGE_VOICE_COMMUNICATION_SIGNALLING content=CONTENT_TYPE_UNKNOWN flags=0x800 tags= bundle=null forVolume: true stream: STREAM_DTMF(8)
		AudioDeviceAttributes: role:output type:speaker addr: name: profiles:[] descriptors:[]
	AudioAttributes: usage=USAGE_MEDIA content=CONTENT_TYPE_UNKNOWN flags=0x800 tags= bundle=null forVolume: true stream: STREAM_MUSIC(3)
		AudioDeviceAttributes: role:output type:speaker addr: name: profiles:[] descriptors:[]
	AudioAttributes: usage=USAGE_UNKNOWN content=CONTENT_TYPE_UNKNOWN flags=0x804 tags= bundle=null forVolume: true stream: STREAM_VOICE_CALL(0)
		AudioDeviceAttributes: role:output type:earpiece addr: name: profiles:[] descriptors:[]
	AudioAttributes: usage=USAGE_UNKNOWN content=CONTENT_TYPE_UNKNOWN flags=0x808 tags= bundle=null forVolume: true stream: STREAM_MUSIC(3)
		AudioDeviceAttributes: role:output type:speaker addr: name: profiles:[] descriptors:[]
Events log: Ringer mode change history
Events log: setMicrophoneMute use (logged after setMicrophoneMute() is executed)
Events log: setMasterMute (logged when command received by AudioService)
Events log: Using Audio
Events log: App Volume
Events log: Ringtone change history

Audio Setting:
  mNbQualityMode=0
  mScreenCall=false
  mMasterMono=0
  mMainBalance=0.0
  mAdaptSoundEnabled=0
  mUpscalerEnabled=0
  mIsPttCallVolumeEnabled=false
  CPUBoostValueForVoIP=0
  mAllSoundMute=0
  mKaraokeListenbackEnabled=0
  mVolumeMonitorValue=0
  AudioHqmHelper.ResetCount=0
  mIsSupportDisplayVolumeControl=false
  mIsDLNAEnabled=false
  isTalkBackEnabled=false
  mAdjustMediaVolumeOnly=true
  mMuteMediaByVibrateOrSilentMode=false
  mMediaVolumeStepIndex=10
  mMediaVolumeSteps=null
  mHeadsetOnlyStream=32
  mIgnoreDuckingByNavigation=false
  mIgnoreDuckingByAllApps=false
  SEC_AUDIO_SUPPORT_DUAL_SPEAKER=true
  mVolumeLimitOn=false
  mVolumeLimitValue=9
  OneUIVersion=7.0
  SEC_AUDIO_SUPPORT_ACH_RINGTONE=true

MultiSound, size:0, isEnabled:false
  Current Default Device: 0x2 : speaker
  Pin Device (IgnoreConnection): 0x0 : 0x0
  Pin Apps: 
  SEC_AUDIO_MULTI_SOUND=true
  Smart Things=install
  mPreventOverheatState=mUid: -1, state: false, volume: 1.0, mCureDevice: 0
  Dual App : 
Events log: App Casting history

MicModeManager dump:
  mMicModeType:TYPE_QP
  mCallMicMode:MODE_STANDARD
  mVoipCallMicMode:MODE_STANDARD
Events log: Mic mode history


SEC_AUDIO_DUAL_A2DP_VOLUME=true
  A2dp Devices: 
  AvrcpAbsoluteVolumeSupported
  Stored AvrcpAbsoluteVolumeSupported
main fine volume : -1
  Active device: null
  Dual Sound: false
Events log: Dual A2dp Event history

Events log: Dual A2dp Volume history

Device Aliases:
- earpiece:
  Alias: speaker 
  Exclude Streams: 0 8 
- speaker:
  Alias: earpiece 
  Exclude Streams: 0 8 
- bt_a2dp:
  Alias: ble_headset ble_broadcast 
  Exclude Streams: 0 1 2 4 5 6 7 8 9 10 11 
- ble_headset:
  Alias: bt_a2dp ble_broadcast 
  Exclude Streams: 0 1 2 4 5 6 7 8 9 10 11 
- ble_broadcast:
  Alias: ble_headset bt_a2dp 
  Exclude Streams: 0 1 2 4 5 6 7 8 9 10 11 

Events log: SCPM history
10-05 21:55:03:543 Register, result=1, code=20000000, msg=
10-05 21:55:04:256 checkAndUpdateLiveTranslateList : Success to update

  SCPM App List version = 2024121315

Events log: Factory test parameters history

  Last Loopback on = 
  Current Loopback state = off
Events log: SCO prevention history
  mIsLeBroadCasting=false

Events log: BLE broadcast app setParameters histories

BLE broadcast app uids = 

