CameraService_worker is up and running
	Camera is opened: false

	Dump of CameraServiceWorker CAMERA_EVENT
		2025-10-05 21:54:14.690 +0900, Close camera(90) for android.system
		2025-10-05 21:54:14.691 +0900, Close camera(56) for android.system
		2025-10-05 21:54:14.691 +0900, Close camera(54) for android.system
		2025-10-05 21:54:14.691 +0900, Close camera(24) for android.system
		2025-10-05 21:54:14.691 +0900, Close camera(2) for android.system
		2025-10-05 21:54:14.691 +0900, Close camera(21) for android.system
		2025-10-05 21:54:14.691 +0900, Close camera(20) for android.system
		2025-10-05 21:54:14.691 +0900, Close camera(23) for android.system
		2025-10-05 21:54:14.691 +0900, Close camera(4) for android.system
		2025-10-05 21:54:14.691 +0900, Close camera(3) for android.system
		2025-10-05 21:54:14.691 +0900, Close camera(1) for android.system
		2025-10-05 21:54:14.691 +0900, Close camera(58) for android.system
		2025-10-05 21:54:14.691 +0900, Close camera(52) for android.system
		2025-10-05 21:54:14.691 +0900, Close camera(0) for android.system
		2025-10-05 21:58:05.444 +0900, Open camera(20) for com.sec.android.app.camera
		2025-10-05 21:58:10.931 +0900, Close camera(20) for com.sec.android.app.camera
		2025-10-05 21:59:09.763 +0900, Open camera(20) for com.sec.android.app.camera
		2025-10-05 21:59:20.059 +0900, Close camera(20) for com.sec.android.app.camera
		2025-10-05 22:01:07.723 +0900, Open camera(20) for com.sec.android.app.camera
		2025-10-05 22:01:12.390 +0900, Close camera(20) for com.sec.android.app.camera
		2025-10-05 22:02:24.702 +0900, Open camera(20) for com.sec.android.app.camera
		2025-10-05 22:02:33.811 +0900, Close camera(20) for com.sec.android.app.camera
		2025-10-05 22:04:00.761 +0900, Open camera(20) for com.sec.android.app.camera
		2025-10-05 22:04:10.012 +0900, Close camera(20) for com.sec.android.app.camera

	Fold Event
		Last fold state: 6

	Dump of CameraServiceWorker FOLD_EVENT
		2025-10-05 21:54:15.435 +0900, Fold state changed, DeviceState{identifier=0, name='DEFAULT', app_accessible=true, cancel_when_requester_not_on_top=false}

	Shake EventListener: false
	Last event: No event.

	Dump of CameraServiceWorker SHAKE_EVENT_LISTENER

	Dump of Request Injector Service Activity
		Total # of ExtraRequest: 0

	Dump of Request Injector Allow List
		Total # of allow list: 14
		com.bluejeansnet.Base
		com.cisco.webex.meetings
		com.cisco.wx2.android
		com.facebook.orca
		com.google.android.apps.meetings
		com.google.android.apps.tachyon
		com.google.android.gm
		com.kakao.talk
		com.microsoft.teams
		com.sds.meeting
		com.sds.sdsmeeting
		com.tencent.mm
		com.whatsapp
		us.zoom.videomeetings

	Dump of ScpmReceiver list

	Policy Type : CAMERA_3RD_PARTY

	Current list : version - 2025051511
		Y29tLmhhbmFiYW5rLmViay5jaGFubmVsLmFuZHJvaWQuaGFuYW5iYW5r arg1: 1 arg2: 3rdAppPolicy:3.0c
		Y29tLmludHNpZy5CQ1JMaXRl arg1: 1 arg2: 3rdAppPolicy:3.0c
		Y29tLmludHNpZy5CaXpDYXJkUmVhZGVy arg1: 1 arg2: 3rdAppPolicy:3.0c
		Y29tLmtha2FvYmFuay5jaGFubmVs arg1: 1 arg2: 3rdAppPolicy:3.0c
		Y29tLnNoaW5oYW4uc2Jhbmtpbmc= arg1: 1 arg2: 3rdAppPolicy:3.0c
		a3Iub3Iuc2JiYW5rLnBsdXM= arg1: 1 arg2: 3rdAppPolicy:3.0c
		bmguc21hcnQuYmFua2luZw== arg1: 1 arg2: 3rdAppPolicy:3.0c
		Y29tLmppbnNpdC5zYWZlcGFzcw== arg1: 16 arg2: 3rdAppPolicy:3.0c
		Y29tLnppbmcuemFsbw== arg1: 256 arg2: 3rdAppPolicy:3.0c
		bmF0aXguYWkuZHJpdmUubWFwLm1vdmUuZWFybi53ZWIz arg1: 256 arg2: 3rdAppPolicy:3.0c
		bmV0Lmxvdm9vLmFuZHJvaWQ= arg1: 256 arg2: 3rdAppPolicy:3.0c
		Y29tLmFsaWJhYmEuYW5kcm9pZC5yaW1ldA== arg1: 260 arg2: 3rdAppPolicy:3.0c
		Y29tLmFuZHJvaWQuY2hyb21l arg1: 260 arg2: 3rdAppPolicy:3.0c
		Y29tLmNpc2NvLndlYmV4Lm1lZXRpbmdz arg1: 260 arg2: 3rdAppPolicy:3.0c
		Y29tLmNpc2NvLnd4Mi5hbmRyb2lk arg1: 260 arg2: 3rdAppPolicy:3.0c
		Y29tLmRpc2NvcmQ= arg1: 260 arg2: 3rdAppPolicy:3.0c
		Y29tLmdvb2dsZS5hbmRyb2lkLmFwcHMubWVldGluZ3M= arg1: 260 arg2: 3rdAppPolicy:3.0c
		Y29tLmdvb2dsZS5hbmRyb2lkLmFwcHMudGFjaHlvbg== arg1: 260 arg2: 3rdAppPolicy:3.0c
		Y29tLmdvb2dsZS5hbmRyb2lkLmdt arg1: 260 arg2: 3rdAppPolicy:3.0c
		Y29tLmdvb2dsZS5hbmRyb2lkLnRhbGs= arg1: 260 arg2: 3rdAppPolicy:3.0c
		Y29tLmltby5hbmRyb2lkLmltb2lt arg1: 260 arg2: 3rdAppPolicy:3.0c
		Y29tLmt0Lm5hcmxl arg1: 260 arg2: 3rdAppPolicy:3.0c
		Y29tLm1pY3Jvc29mdC50ZWFtcw== arg1: 260 arg2: 3rdAppPolicy:3.0c
		Y29tLnNhbXN1bmcuYW5kcm9pZC5hcmRyYXdpbmc= arg1: 260 arg2: 3rdAppPolicy:3.0c
		Y29tLnNkcy5tZWV0aW5n arg1: 260 arg2: 3rdAppPolicy:3.0c
		Y29tLnNkcy5zZHNtZWV0aW5n arg1: 260 arg2: 3rdAppPolicy:3.0c
		Y29tLnNlYy5zdmU= arg1: 260 arg2: 3rdAppPolicy:3.0c
		Y29tLnNnaWdnbGUucHJvZHVjdGlvbg== arg1: 260 arg2: 3rdAppPolicy:3.0c
		Y29tLnNrdC5wcm9kLmRpYWxlcg== arg1: 260 arg2: 3rdAppPolicy:3.0c
		Y29tLnNreXBlLmluc2lkZXJz arg1: 260 arg2: 3rdAppPolicy:3.0c
		Y29tLnNreXBlLnJhaWRlcg== arg1: 260 arg2: 3rdAppPolicy:3.0c
		Y29tLnRlbmNlbnQubW0= arg1: 260 arg2: 3rdAppPolicy:3.0c
		Y29tLnRlbmNlbnQubW9iaWxlcXE= arg1: 260 arg2: 3rdAppPolicy:3.0c
		Y29tLnRlbmNlbnQudGlt arg1: 260 arg2: 3rdAppPolicy:3.0c
		Y29tLnZpYmVyLnZvaXA= arg1: 260 arg2: 3rdAppPolicy:3.0c
		Y29tLndlc2Nhbi5hbG8= arg1: 260 arg2: 3rdAppPolicy:3.0c
		aW0udGhlYm90Lm1lc3Nlbmdlcg== arg1: 260 arg2: 3rdAppPolicy:3.0c
		anAubmF2ZXIubGluZS5hbmRyb2lk arg1: 260 arg2: 3rdAppPolicy:3.0c
		b3JnLmppdHNpLm1lZXQ= arg1: 260 arg2: 3rdAppPolicy:3.0c
		b3JnLnRlbGVncmFtLm1lc3Nlbmdlcg== arg1: 260 arg2: 3rdAppPolicy:3.0c
		b3JnLnRob3VnaHRjcmltZS5zZWN1cmVzbXM= arg1: 260 arg2: 3rdAppPolicy:3.0c
		dXMuem9vbS52aWRlb21lZXRpbmdz arg1: 260 arg2: 3rdAppPolicy:3.0c
		Y29tLmtha2FvLnRhbGs= arg1: 262 arg2: 3rdAppPolicy:3.0c
		Y29tLm5pYW50aWNsYWJzLnBva2Vtb25nbw== arg1: 264 arg2: 3rdAppPolicy:3.0c
		c2cuYmlnby5saXZl arg1: 292 arg2: 3rdAppPolicy:3.0c
		Y29tLnNrdC50bWFwLmt1 arg1: 296 arg2: 3rdAppPolicy:3.0c
		Y29tLnByaXNtLmxpdmU= arg1: 352 arg2: 3rdAppPolicy:3.0c
		Y29tLnNvY2lhbC5tZWRpYS5icm9hZGNhc3QuYW9zcG9wLmU= arg1: 352 arg2: 3rdAppPolicy:3.0c
		Y29tLnZhdWx0bWljcm8uY2FtZXJhZmkubGl2ZQ== arg1: 352 arg2: 3rdAppPolicy:3.0c
		a3IuY28ubm93Y29tLm1vYmlsZS5hZnJlZWNh arg1: 352 arg2: 3rdAppPolicy:3.0c
		Y29tLmNhbXBtb2JpbGUuc25vdw== arg1: 512 arg2: 3rdAppPolicy:3.0c
		Y29tLmdvcmdlb3VzLmxpdGVpbnRlcm5hdGlvbmFs arg1: 512 arg2: 3rdAppPolicy:3.0c
		Y29tLmluc3RhZ3JhbS5hbmRyb2lk arg1: 512 arg2: 3rdAppPolicy:3.0c
		Y29tLmxpbmVjb3JwLmI2MTIuYW5kcm9pZA== arg1: 512 arg2: 3rdAppPolicy:3.0c
		Y29tLnNhbXN1bmcuYW5kcm9pZC5od3Jlc291cmNlc2hhcmU= arg1: 512 arg2: 3rdAppPolicy:3.0c
		Y29tLnNpbmEud2VpYm8= arg1: 512 arg2: 3rdAppPolicy:3.0c
		Y29tLnNub3djb3JwLnNvZGEuYW5kcm9pZA== arg1: 512 arg2: 3rdAppPolicy:3.0c
		Y29tLnNzLmFuZHJvaWQudWdj arg1: 512 arg2: 3rdAppPolicy:3.0c
		Y29tLnNzLmFuZHJvaWQudWdjLnRyaWxs arg1: 512 arg2: 3rdAppPolicy:3.0c
		Y29tLnR3aXR0ZXIuYW5kcm9pZA== arg1: 512 arg2: 3rdAppPolicy:3.0c
		Y29tLnlpcnVpa2Uuc29kYWNuLmFuZHJvaWQ= arg1: 512 arg2: 3rdAppPolicy:3.0c
		Y29tLnpoaWxpYW9hcHAubXVzaWNhbGx5 arg1: 512 arg2: 3rdAppPolicy:3.0c
		Y29tLnNuYXBjaGF0LmFuZHJvaWQ= arg1: 516 arg2: 3rdAppPolicy:3.0c
		Y29tLmZhY2Vib29rLmthdGFuYQ== arg1: 772 arg2: 3rdAppPolicy:3.0c
		Y29tLmZhY2Vib29rLm9yY2E= arg1: 772 arg2: 3rdAppPolicy:3.0c
		Y29tLndoYXRzYXBw arg1: 2820 arg2: 3rdAppPolicy:3.0c
		Y29tLndoYXRzYXBwLnc0Yg== arg1: 2820 arg2: 0

	Policy Type : HIDDEN_ID_PERMITTED

	Current list : version - 2024071000
		Y29tLmZhY3RvcnkubW1pZ3JvdXA= arg1: 1 arg2: 
		Y29tLnZhbC5oYXJkd2FyZQ== arg1: 1 arg2: 
		Y29tLmxvbmdjaGVlci5taWR0ZXN0 arg1: 1 arg2: 
		Y29tLnNhbXN1bmc= arg1: 2 arg2: 
		Y29tLnNlYw== arg1: 2 arg2: 
		Y2xpZW50LnBpZA== arg1: 2 arg2: 
		Y29tLmRpYW1vbmQuYXBw arg1: 2 arg2: 
		Y29tLndhbG1hcnQuZGlhbW9uZC5hcHA= arg1: 2 arg2: 
		Y29tLnNuYXBjaGF0LmFuZHJvaWQ= arg1: 2 arg2: 
		aWUuZ2FyZGEuYW5kcm9pZC5hbnBy arg1: 2 arg2: 
		Y29tLnF1cmFtc29mdC50YWN0aWNzY2FtZXJh arg1: 2 arg2: 
		Y29tLnNyYnIuYXBwLnNlbnNvcnByb3h5 arg1: 2 arg2: 
		Y29tLnByaXNtLmxpdmU= arg1: 2 arg2: 
		Y29tLnNzLmFuZHJvaWQudWdjLmF3ZW1l arg1: 2 arg2: 
		Y29tLnNzLmFuZHJvaWQudWdjLnRyaWxs arg1: 2 arg2: 
		Y29tLnpoaWxpYW9hcHAubXVzaWNhbGx5 arg1: 2 arg2: 
		Y29tLmNhbXBtb2JpbGUuc25vdw== arg1: 2 arg2: 
		Y29tLmxpbmVjb3JwLmI2MTIuYW5kcm9pZA== arg1: 2 arg2: 
		Y29tLmxpbmVjb3JwLmZvb2RjYW0uYW5kcm9pZA== arg1: 2 arg2: 
		Y29tLmxpbmVjb3JwLmZvb2RjYW1jbi5hbmRyb2lk arg1: 2 arg2: 
		Y29tLnNub3djb3JwLnNvZGEuYW5kcm9pZA== arg1: 2 arg2: 
		Y29tLnlpcnVpa2Uuc29kYWNuLmFuZHJvaWQ= arg1: 2 arg2: 

	Dump of CameraServiceWorker REQUEST_INJECTOR_SERVICE
		2025-10-05 21:54:16.001 +0900, VT Camera Setting exists. Register camera listener.
		2025-10-05 21:54:12.067 +0900, VT Camera provider exist. Observer registered.
		2025-10-05 21:54:12.068 +0900, VtCameraProviderObserver.onChange(true)
		2025-10-05 21:54:12.258 +0900, onChange: Adding com.bluejeansnet.Base(88) to allow list
		2025-10-05 21:54:12.258 +0900, onChange: Adding com.cisco.webex.meetings(89) to allow list
		2025-10-05 21:54:12.258 +0900, onChange: Adding com.cisco.wx2.android(90) to allow list
		2025-10-05 21:54:12.258 +0900, onChange: Adding com.facebook.orca(91) to allow list
		2025-10-05 21:54:12.258 +0900, onChange: Adding com.google.android.apps.meetings(92) to allow list
		2025-10-05 21:54:12.258 +0900, onChange: Adding com.google.android.apps.tachyon(93) to allow list
		2025-10-05 21:54:12.258 +0900, onChange: Adding com.google.android.gm(94) to allow list
		2025-10-05 21:54:12.258 +0900, onChange: Adding com.kakao.talk(97) to allow list
		2025-10-05 21:54:12.258 +0900, onChange: Adding com.microsoft.teams(98) to allow list
		2025-10-05 21:54:12.258 +0900, onChange: Adding com.sds.meeting(99) to allow list
		2025-10-05 21:54:12.258 +0900, onChange: Adding com.sds.sdsmeeting(100) to allow list
		2025-10-05 21:54:12.258 +0900, onChange: Adding com.tencent.mm(101) to allow list
		2025-10-05 21:54:12.258 +0900, onChange: Adding com.whatsapp(102) to allow list
		2025-10-05 21:54:12.259 +0900, onChange: Adding us.zoom.videomeetings(103) to allow list
		2025-10-05 21:54:12.260 +0900, Updating allowed package list for request injector is done
		2025-10-05 21:54:12.260 +0900, Updating allowed package list for request injector is done
		2025-10-05 21:54:12.260 +0900, sendAllExtraRequestsToRequestInjector
		2025-10-05 21:54:12.260 +0900, sendExtraRequestsToRequestInjector updated size = 0
		2025-10-05 21:54:12.261 +0900, sendExtraRequestsToRequestInjector done
		2025-10-05 21:54:32.422 +0900, applyRequests requests size = 1
		2025-10-05 21:54:32.422 +0900,   PersistableBundle[{key.i32=[], key.tagName=android.control.aeTargetFpsRange}]
		2025-10-05 21:54:32.422 +0900, sendExtraRequestsToRequestInjector updated size = 1
		2025-10-05 21:54:32.422 +0900,   PersistableBundle[{key.i32=[], key.tagName=android.control.aeTargetFpsRange}]
		2025-10-05 21:54:32.434 +0900, sendExtraRequestsToRequestInjector done
		2025-10-05 21:54:34.066 +0900, applyRequests requests size = 1
		2025-10-05 21:54:34.067 +0900,   PersistableBundle[{key.i32=[], key.tagName=android.control.aeTargetFpsRange}]
		2025-10-05 21:54:34.067 +0900, sendExtraRequestsToRequestInjector updated size = 1
		2025-10-05 21:54:34.067 +0900,   PersistableBundle[{key.i32=[], key.tagName=android.control.aeTargetFpsRange}]
		2025-10-05 21:54:34.068 +0900, sendExtraRequestsToRequestInjector done

	Dump of CameraServiceWorker POST_PROCESS_EVENT
		2025-10-05 21:58:05.263 +0900, 21384 21421 I PictureProcessorManager: initializePPP
		2025-10-05 21:58:05.265 +0900, 21384 21421 I PostProcessor: PostProcess(context com.sec.android.app.camera.CameraApplication@a0b788e)
		2025-10-05 21:58:05.266 +0900, 21384 21421 I PostProcessNotificationManager: bindService
		2025-10-05 21:58:05.267 +0900, 21384 21421 I PostProcessThread: initRecoveryFilePathList E
		2025-10-05 21:58:05.269 +0900, 21384 21421 I PostProcessThread: initRecoveryFilePathList X
		2025-10-05 21:58:05.270 +0900, 21384 21421 I PostProcessThread: runWorkerLogic E
		2025-10-05 21:58:05.270 +0900, 21384 21421 I RecoveryDraftImageLegacyWorker: recoveryDraftImageFiles E
		2025-10-05 21:58:05.270 +0900, 21384 21421 I RecoveryDraftImageLegacyWorker: recoveryDraftImageFiles X
		2025-10-05 21:58:05.271 +0900, 21384 21421 I RemovePrTempFileWorker: removeProcessTempFiles E
		2025-10-05 21:58:05.271 +0900, 21384 21421 I RemovePrTempFileWorker: removeProcessTempFiles X
		2025-10-05 21:58:05.271 +0900, 21384 21421 I PostProcessThread: runWorkerLogic X
		2025-10-05 21:58:05.271 +0900, 21384 21421 I GppmStateManager: isGPPMEnabled E
		2025-10-05 21:58:05.276 +0900, 21384 21421 I GppmStateManager: GPPM is enabled.
		2025-10-05 21:58:05.276 +0900, 21384 21421 I GppmStateManager: isGPPMEnabled X
		2025-10-05 21:58:05.276 +0900, 21384 21421 I PostProcessor: initializeStateObserver
		2025-10-05 21:58:05.277 +0900, 21384 21421 I GppmStateManager: notifyForegroundApp E
		2025-10-05 21:58:05.278 +0900, 21384 21421 I GppmStateManager: notifyForegroundApp: res(true)
		2025-10-05 21:58:05.278 +0900, 21384 21421 I GppmStateManager: notifyForegroundApp X
		2025-10-05 21:58:05.282 +0900, 21384 21455 I PostProcessThread: PostProcessThread - initThread : thread id(21455), user id(0)
		2025-10-05 21:58:05.283 +0900, 21384 21455 I PostProcessor: startRecoveryProcess E
		2025-10-05 21:58:05.283 +0900, 21384 21455 I RecoveryProcessManager: recoveryDraftImageWithoutRecoveryData E
		2025-10-05 21:58:05.283 +0900, 21384 21455 I RecoveryProcessManager: recoveryDraftImageWithoutRecoveryData X
		2025-10-05 21:58:05.283 +0900, 21384 21455 I PostProcessor: startRecoveryProcess X (0 ms)
		2025-10-05 21:58:05.283 +0900, 21384 21455 W PostProcessThread: PostProcessThread - waitAndGetFirstRequest await : stack is empty
		2025-10-05 21:58:05.326 +0900, 21384 21384 I PostProcessService: onCreate
		2025-10-05 21:58:05.361 +0900, 21384 21384 I PostProcessNotificationManager: PostProcessNotificationServiceConnection - onServiceConnected E : component ComponentInfo{com.sec.android.app.camera/com.samsung.android.camera.core2.processor.PostProcessService}
		2025-10-05 21:58:05.362 +0900, 21384 21384 I PostProcessNotificationManager: PostProcessNotificationServiceConnection - onServiceConnected X
		2025-10-05 21:58:06.083 +0900, 21384 21450 I PostProcessThread: setOverHeatHint : 0
		2025-10-05 21:58:10.936 +0900, 21384 21421 I PictureProcessorManager: deinitializePPP
		2025-10-05 21:58:10.936 +0900, 21384 21421 I PostProcessor: tryDeinitialize
		2025-10-05 21:58:10.937 +0900, 21384 21421 I SequenceApprovalStateMachineMGR: requestExit - (unCompletedMachineList: (empty))
		2025-10-05 21:58:10.937 +0900, 21384 21421 I PostProcessThread: PostProcessThread - requestExit
		2025-10-05 21:58:10.937 +0900, 21384 21455 I PostProcessThread: PostProcessThread - endThread thread id(21455)
		2025-10-05 21:58:10.937 +0900, 21384 21421 I GppmStateManager: notifyBackgroundApp E
		2025-10-05 21:58:10.938 +0900, 21384 21455 I PostProcessor: deInitializeStateObserver
		2025-10-05 21:58:10.946 +0900, 21384 21421 I GppmStateManager: notifyBackgroundApp: res(true)
		2025-10-05 21:58:10.946 +0900, 21384 21421 I GppmStateManager: notifyBackgroundApp X
		2025-10-05 21:58:10.946 +0900, 21384 21455 I GppmProcessingManager: stop - call in [IDLE] state
		2025-10-05 21:58:10.946 +0900, 21384 21455 I GppmProcessingManager: setState - change state [IDLE] -> [STOPPED]
		2025-10-05 21:58:10.947 +0900, 21384 21455 I PostProcessNotificationManager: unBindService
		2025-10-05 21:58:10.947 +0900, 21384 21455 I PostProcessNotificationManager: sendMessage - (CANCEL_NOTIFICATION, 0, 0)
		2025-10-05 21:58:10.948 +0900, 21384 21455 W PostProcessNotificationManager: In case of an abnormal termination, call stopForeground immediately without delay.
		2025-10-05 21:58:10.949 +0900, 21384 21455 W PostProcessThread: PostProcessThread - exit thread
		2025-10-05 21:58:11.024 +0900, 21384 21384 I PostProcessService: onDestroy
		2025-10-05 21:59:09.724 +0900, 21384 22397 I PictureProcessorManager: initializePPP
		2025-10-05 21:59:09.725 +0900, 21384 22397 I PostProcessor: tryRecycle - false, needAbort : true
		2025-10-05 21:59:09.727 +0900, 21384 22397 I PostProcessor: PostProcess(context com.sec.android.app.camera.CameraApplication@a0b788e)
		2025-10-05 21:59:09.727 +0900, 21384 22397 I PostProcessNotificationManager: bindService
		2025-10-05 21:59:09.727 +0900, 21384 22397 I PostProcessThread: initRecoveryFilePathList E
		2025-10-05 21:59:09.727 +0900, 21384 22397 I PostProcessThread: initRecoveryFilePathList X
		2025-10-05 21:59:09.727 +0900, 21384 22397 I PostProcessThread: runWorkerLogic E
		2025-10-05 21:59:09.727 +0900, 21384 22397 I RecoveryDraftImageLegacyWorker: recoveryDraftImageFiles E
		2025-10-05 21:59:09.728 +0900, 21384 22397 I RecoveryDraftImageLegacyWorker: recoveryDraftImageFiles X
		2025-10-05 21:59:09.728 +0900, 21384 22397 I RemovePrTempFileWorker: removeProcessTempFiles E
		2025-10-05 21:59:09.728 +0900, 21384 22397 I RemovePrTempFileWorker: removeProcessTempFiles X
		2025-10-05 21:59:09.728 +0900, 21384 22397 I PostProcessThread: runWorkerLogic X
		2025-10-05 21:59:09.728 +0900, 21384 22397 I GppmStateManager: isGPPMEnabled E
		2025-10-05 21:59:09.728 +0900, 21384 22397 I GppmStateManager: GPPM is enabled.
		2025-10-05 21:59:09.728 +0900, 21384 22397 I GppmStateManager: isGPPMEnabled X
		2025-10-05 21:59:09.728 +0900, 21384 22397 I PostProcessor: initializeStateObserver
		2025-10-05 21:59:09.730 +0900, 21384 22397 I GppmStateManager: notifyForegroundApp E
		2025-10-05 21:59:09.740 +0900, 21384 22397 I GppmStateManager: notifyForegroundApp: res(true)
		2025-10-05 21:59:09.740 +0900, 21384 22397 I GppmStateManager: notifyForegroundApp X
		2025-10-05 21:59:09.741 +0900, 21384 22431 I PostProcessThread: PostProcessThread - initThread : thread id(22431), user id(0)
		2025-10-05 21:59:09.741 +0900, 21384 22431 I PostProcessor: startRecoveryProcess E
		2025-10-05 21:59:09.742 +0900, 21384 22431 I RecoveryProcessManager: recoveryDraftImageWithoutRecoveryData E
		2025-10-05 21:59:09.742 +0900, 21384 22431 I RecoveryProcessManager: recoveryDraftImageWithoutRecoveryData X
		2025-10-05 21:59:09.742 +0900, 21384 22431 I PostProcessor: startRecoveryProcess X (0 ms)
		2025-10-05 21:59:09.742 +0900, 21384 22431 W PostProcessThread: PostProcessThread - waitAndGetFirstRequest await : stack is empty
		2025-10-05 21:59:09.780 +0900, 21384 21384 I PostProcessService: onCreate
		2025-10-05 21:59:09.805 +0900, 21384 21384 I PostProcessNotificationManager: PostProcessNotificationServiceConnection - onServiceConnected E : component ComponentInfo{com.sec.android.app.camera/com.samsung.android.camera.core2.processor.PostProcessService}
		2025-10-05 21:59:09.805 +0900, 21384 21384 I PostProcessNotificationManager: PostProcessNotificationServiceConnection - onServiceConnected X
		2025-10-05 21:59:10.236 +0900, 21384 22411 I PostProcessThread: setOverHeatHint : 0
		2025-10-05 21:59:10.292 +0900, 21384 21392 I PostProcessThread: PostProcessThread - finalize
		2025-10-05 21:59:10.293 +0900, 21384 21392 I PostProcessThread: EndThread has already been called.
		2025-10-05 21:59:14.557 +0900, 21384 22407 I SequenceApprovalStateMachineMGR: createSequenceApprovalStateMachine(ppSequenceId: 0, unCompletedMachineList: (empty))
		2025-10-05 21:59:14.557 +0900, 21384 22407 I SequenceApprovalStateMachine: makeSequenceApprovalState(ppSequenceId: 0) - [state: PENDING]
		2025-10-05 21:59:14.560 +0900, 21384 22407 I SequenceApprovalStateMachineMGR: approve(ppSequenceId: 0)
		2025-10-05 21:59:14.560 +0900, 21384 22407 I SequenceApprovalStateMachine: approve(ppSequenceId: 0) - in [PENDING] state
		2025-10-05 21:59:14.560 +0900, 21384 22407 I SequenceApprovalStateMachine: changeState(ppSequenceId: 0) - [PENDING -> APPROVED]
		2025-10-05 21:59:14.561 +0900, 21384 22407 I SequenceApprovalStateMachine: makeSequenceApprovalState(ppSequenceId: 0) - [state: APPROVED]
		2025-10-05 21:59:15.518 +0900, 21384 22979 I GppmTaskManager: setSupportedGppmTaskTypeList - [WATERMARK]
		2025-10-05 21:59:15.518 +0900, 21384 22979 I GppmTaskManager: confirmGppmTaskType - null
		2025-10-05 21:59:15.524 +0900, 21384 22979 I SequenceApprovalStateMachineMGR: addResourceImageProcessRequest(ppSequenceId: 0) 1/6
		2025-10-05 21:59:15.524 +0900, 21384 22979 I SequenceApprovalStateMachine: addResourceImageProcessRequest(ppSequenceId: 0) - in [APPROVED] state
		2025-10-05 21:59:15.524 +0900, 21384 22979 I PostProcessor: trackAndCheckProcessRequestCollection(RESOURCE_IMAGE) ppSequenceId 0 processCount 1/6
		2025-10-05 21:59:15.524 +0900, 21384 22979 I PostProcessor: addResourceImageProcessRequestToPppStack(ppSequence id 0) - sequenceSet activatedSequenceCount(1), pendingSequenceCount(0)
		2025-10-05 21:59:15.524 +0900, 21384 22979 I PostSavingStateManagerGroup: createPostSavingState - ppSequenceId : 0, state : IDLE
		2025-10-05 21:59:15.525 +0900, 21384 22979 I ProcessSequenceStack: addProcessRequest: SequenceList = [normal 1, pending 0]
		2025-10-05 21:59:15.525 +0900, 21384 22979 I ProcessSequenceStack: addProcessRequest - element(ppSequenceId 0, add/total count 1/6)
		2025-10-05 21:59:15.525 +0900, 21384 22979 I PostProcessNotificationManager: sequenceAdd(id: 0, isPendingSequence: false)
		2025-10-05 21:59:15.525 +0900, 21384 22979 I PostProcessNotificationManager: removeMessage - (STOP_FOREGROUND)
		2025-10-05 21:59:15.526 +0900, 21384 22979 I PostProcessNotificationManager: sendMessage - (START_FOREGROUND, 0, 0)
		2025-10-05 21:59:15.526 +0900, 21384 22979 I PostProcessNotificationManager: sendMessage - (SET_PROGRESS, 0, 1)
		2025-10-05 21:59:15.526 +0900, 21384 22457 I PostProcessService: startForegroundService
		2025-10-05 21:59:15.526 +0900, 21384 22431 I GppmStateManager: updateStateTo E
		2025-10-05 21:59:15.530 +0900, 21384 22431 I GppmStateManager: updateStateTo from STOPPED to READY E
		2025-10-05 21:59:15.531 +0900, 21384 22431 I GppmStateManager: requestPermission E
		2025-10-05 21:59:15.543 +0900, 21384 22431 I GppmStateManager: requestPermission : success to get permission
		2025-10-05 21:59:15.543 +0900, 21384 22431 I GppmStateManager: requestPermission X
		2025-10-05 21:59:15.543 +0900, 21384 22431 I GppmStateManager: updateStateTo to READY X : result = true
		2025-10-05 21:59:15.543 +0900, 21384 22431 I GppmStateManager: updateStateTo X
		2025-10-05 21:59:15.543 +0900, 21384 22431 I ProcessSequenceStack: pollProcessRequest - isComplete null
		2025-10-05 21:59:15.543 +0900, 21384 22431 I ProcessSequenceStack: pollProcessRequest - element(ppSequenceId 0, add/total count 1/6, poll count 1)
		2025-10-05 21:59:15.544 +0900, 21384 22431 I PostProcessNotificationManager: sequenceStart(id: 0)
		2025-10-05 21:59:15.544 +0900, 21384 22431 I PostProcessNotificationManager: sendMessage - (SET_PROGRESS, 0, 1)
		2025-10-05 21:59:15.544 +0900, 21384 22431 I GppmStateManager: updateStateTo E
		2025-10-05 21:59:15.548 +0900, 21384 22431 I GppmStateManager: updateStateTo from STARTING to STARTED E
		2025-10-05 21:59:15.549 +0900, 21384 22431 I GppmStateManager: updateStateTo to STARTED X : result = true
		2025-10-05 21:59:15.549 +0900, 21384 22431 I GppmStateManager: updateStateTo X
		2025-10-05 21:59:15.549 +0900, 21384 22431 I PostProcessThread: PostProcessThread - start sequence(id 0, dsMode SUPER_NIGHT_EXTREME_DARK, dsExtraInfo [SUPER_HDR, properties []])
		2025-10-05 21:59:15.549 +0900, 21384 22431 I PostProcessor: deinitializing nodeChain - request info is different
		2025-10-05 21:59:15.549 +0900, 21384 22431 I PppNodeControllerStateIdle: initialize E
		2025-10-05 21:59:15.550 +0900, 21384 22431 I PppNodeController: createNodeChain E
		2025-10-05 21:59:15.550 +0900, 21384 22431 I PppNodeController: createPreprocessingNodeChain E
		2025-10-05 21:59:15.550 +0900, 21384 22431 I PppNodeController: createPreprocessingNodeChain X
		2025-10-05 21:59:15.550 +0900, 21384 22431 I PppNodeController: createPostProcessingNodeChain E
		2025-10-05 21:59:15.556 +0900, 21384 22431 I PppNodeController: createPostProcessingNodeChain X
		2025-10-05 21:59:15.556 +0900, 21384 22431 I PppNodeController: createEncodingNodeChain E
		2025-10-05 21:59:15.556 +0900, 21384 22431 I PppNodeController: createEncodingNodeChain X
		2025-10-05 21:59:15.557 +0900, 21384 22431 I PppNodeController: createNodeChain X
		2025-10-05 21:59:15.557 +0900, 21384 22431 I PppNodeController: configureNodeChain E: SUPER_NIGHT_EXTREME_DARK
		2025-10-05 21:59:15.557 +0900, 21384 22431 I PppNodeController: configureNodeChain: [PREPROCESSOR(SaveYuvForGainMapNode) - SUPER_NIGHT(SuperNightNodeBase) - ENCODER(ImageCodecNodeBase, SefNode)] nodeChain will be configured
		2025-10-05 21:59:15.557 +0900, 21384 22431 I PppNodeController: configurePreprocessorNodeChain: preprocessor node chain is enabled.
		2025-10-05 21:59:15.558 +0900, 21384 22431 I PppNodeController: configureMultiFrameNodeChain: key = com.samsung.android.camera.core2.processor.nodeController.NodeChainKeyContainer$6@677e99b
		2025-10-05 21:59:15.593 +0900, 21384 22431 I PppNodeController: configureEncoderNodeChain - ImageCodecNode activate true
		2025-10-05 21:59:15.593 +0900, 21384 22431 I PppNodeController: configureNodeChain X
		2025-10-05 21:59:15.593 +0900, 21384 22431 I PppNodeControllerStateIdle: initialize X
		2025-10-05 21:59:15.593 +0900, 21384 22431 I CameraPerformance: Capture - PostProcessor Process(ppSequenceId 0, processCount 1/6, dsMode SUPER_NIGHT_EXTREME_DARK) : Start[1759669155593]
		2025-10-05 21:59:15.593 +0900, 21384 22431 I PppNodeControllerStateInitializing: process - ppSequenceId=0, count=(1/6)
		2025-10-05 21:59:15.593 +0900, 21384 22431 I PppNodeControllerStateProcessing: process - ppSequenceId=0, count=(1/6)
		2025-10-05 21:59:15.593 +0900, 21384 22979 I SequenceApprovalStateMachineMGR: addDraftImageProcessRequest(ppSequenceId: 0)
		2025-10-05 21:59:15.594 +0900, 21384 22979 I SequenceApprovalStateMachine: addDraftImageProcessRequest(ppSequenceId: 0) - in [APPROVED] state
		2025-10-05 21:59:15.594 +0900, 21384 22979 I PostProcessor: trackAndCheckProcessRequestCollection(DRAFT_IMAGE) ppSequenceId 0 processCount 1/6
		2025-10-05 21:59:15.594 +0900, 21384 22979 I SavingDraftImageTaskManager: getSavingDraftImageTask - SavingSingleDraftImageTask(ppSequenceId:0).
		2025-10-05 21:59:15.594 +0900, 21384 22979 I PostProcessor: saveDraftImage - submit savingDraftImageTask(ppSequenceId 0).
		2025-10-05 21:59:15.594 +0900, 21384 22991 I SavingSingleDraftImageTask: run(ppSequenceId : 0, sequenceId : 8) E
		2025-10-05 21:59:15.594 +0900, 21384 22991 I PostSavingStateManagerGroup: runDraft - ppSequenceId : 0, state : IDLE
		2025-10-05 21:59:15.594 +0900, 21384 22991 I SavingSingleDraftImageTask: processDraftJpeg(ppSequenceId : 0, sequenceId : 8) E
		2025-10-05 21:59:15.595 +0900, 21384 22991 D DraftJpegNodeChainAccessor: createNodeChain E
		2025-10-05 21:59:15.595 +0900, 21384 22991 D DraftJpegNodeChainAccessor: createNodeChain X
		2025-10-05 21:59:15.595 +0900, 21384 22991 D DraftJpegNodeChainAccessor: configureNodeChain E
		2025-10-05 21:59:15.595 +0900, 21384 22991 D DraftJpegNodeChainAccessor: configureDraftFilterNodeChain: filterInfo = null
		2025-10-05 21:59:15.595 +0900, 21384 22991 D DraftJpegNodeChainAccessor: configureDraftFilterNodeChain X: filterInfo is not applied, so skip
		2025-10-05 21:59:15.595 +0900, 21384 22991 I PppNodeController: configureDraftEncoderNodeChain: draft encode node chain is enabled.
		2025-10-05 21:59:15.596 +0900, 21384 22991 D DraftJpegNodeChainAccessor: configureNodeChain X
		2025-10-05 21:59:15.697 +0900, 21384 22991 I SavingSingleDraftImageTask: processDraftJpeg(ppSequenceId : 0, sequenceId : 8) X
		2025-10-05 21:59:15.698 +0900, 21384 22991 I SavingInfoContainer: setImageBuffer
		2025-10-05 21:59:15.698 +0900, 21384 22991 I PostSavingStateIdle: runModules
		2025-10-05 21:59:15.698 +0900, 21384 22991 I PostSavingStateIdle: runModulesInternal
		2025-10-05 21:59:15.698 +0900, 21384 22991 I PostSavingStateIdle: PostSavingModuleSefInsert - runModulesInternal E
		2025-10-05 21:59:15.702 +0900, 21384 22991 I SavingInfoContainer: clearImageBuffer
		2025-10-05 21:59:15.702 +0900, 21384 22991 I SavingInfoContainer: setImageBuffer
		2025-10-05 21:59:15.703 +0900, 21384 22991 I PostSavingStateIdle: PostSavingModuleSefInsert - runModulesInternal X
		2025-10-05 21:59:15.703 +0900, 21384 22991 I PostSavingStateIdle: PostSavingModuleDraftWrite - runModulesInternal E
		2025-10-05 21:59:15.704 +0900, 21384 22991 I PostSavingStateIdle: PostSavingModuleDraftWrite - runModulesInternal X
		2025-10-05 21:59:15.704 +0900, 21384 22991 I PostSavingStateIdle: PostSavingModuleSecMpInsert - runModulesInternal E
		2025-10-05 21:59:15.717 +0900, 21384 22991 I PostSavingStateIdle: PostSavingModuleSecMpInsert - runModulesInternal X
		2025-10-05 21:59:15.717 +0900, 21384 22991 I PostSavingStateIdle: PostSavingModuleRecoveryDataSave - runModulesInternal E
		2025-10-05 21:59:15.717 +0900, 21384 22991 I PostSavingModuleRecoveryDataSave: createRecoveryData
		2025-10-05 21:59:15.717 +0900, 21384 22991 I PostSavingModuleRecoveryDataSave: saveRecoveryDataToFile E
		2025-10-05 21:59:15.719 +0900, 21384 22991 I PostSavingModuleRecoveryDataSave: saveRecoveryDataToFile X
		2025-10-05 21:59:15.719 +0900, 21384 22991 I PostSavingStateIdle: PostSavingModuleRecoveryDataSave - runModulesInternal X
		2025-10-05 21:59:15.719 +0900, 21384 22991 I PostSavingStateIdle: PostSavingModuleCallback - runModulesInternal E
		2025-10-05 21:59:15.719 +0900, 21384 22991 I PostProcessor: onDraftImageSaved
		2025-10-05 21:59:15.719 +0900, 21384 22991 W ProcessCallbackSequencer: SequenceCondition is null
		2025-10-05 21:59:15.719 +0900, 21384 22991 I PostSavingStateIdle: PostSavingModuleCallback - runModulesInternal X
		2025-10-05 21:59:15.719 +0900, 21384 22991 I SavingInfoContainer: clearImageBuffer
		2025-10-05 21:59:15.720 +0900, 21384 22991 I PostSavingStateManager: postSavingStateChanged(ppSequenceId:0)  E : IDLE->DRAFT
		2025-10-05 21:59:15.720 +0900, 21384 22991 I PostSavingStateManager: postSavingStateChanged  X
		2025-10-05 21:59:15.720 +0900, 21384 22991 I SavingSingleDraftImageTask: run(ppSequenceId : 0, sequenceId : 8) X
		2025-10-05 21:59:15.753 +0900, 21384 22431 I CameraPerformance: Capture - PostProcessor Process : End[1759669155753]
		2025-10-05 21:59:15.754 +0900, 21384 22431 I ProcessSequenceStack: pollProcessRequest - element(ppSequenceId 0, add/total count 1/6, poll count 1)
		2025-10-05 21:59:15.754 +0900, 21384 22431 W PostProcessThread: PostProcessThread - waitAndGetRequest await
		2025-10-05 21:59:15.991 +0900, 21384 22979 I SequenceApprovalStateMachineMGR: addResourceImageProcessRequest(ppSequenceId: 0) 2/6
		2025-10-05 21:59:15.992 +0900, 21384 22979 I SequenceApprovalStateMachine: addResourceImageProcessRequest(ppSequenceId: 0) - in [APPROVED] state
		2025-10-05 21:59:15.992 +0900, 21384 22979 I PostProcessor: trackAndCheckProcessRequestCollection(RESOURCE_IMAGE) ppSequenceId 0 processCount 2/6
		2025-10-05 21:59:15.992 +0900, 21384 22979 I ProcessSequenceStack: addProcessRequest - element(ppSequenceId 0, add/total count 2/6)
		2025-10-05 21:59:15.993 +0900, 21384 22431 I ProcessSequenceStack: pollProcessRequest - element(ppSequenceId 0, add/total count 2/6, poll count 2)
		2025-10-05 21:59:15.993 +0900, 21384 22431 I CameraPerformance: Capture - PostProcessor Process(ppSequenceId 0, processCount 2/6, dsMode SUPER_NIGHT_EXTREME_DARK) : Start[1759669155992]
		2025-10-05 21:59:15.993 +0900, 21384 22431 I PppNodeControllerStateProcessing: process - ppSequenceId=0, count=(2/6)
		2025-10-05 21:59:16.041 +0900, 21384 22431 I CameraPerformance: Capture - PostProcessor Process : End[1759669156034]
		2025-10-05 21:59:16.043 +0900, 21384 22431 I ProcessSequenceStack: pollProcessRequest - element(ppSequenceId 0, add/total count 2/6, poll count 2)
		2025-10-05 21:59:16.044 +0900, 21384 22431 W PostProcessThread: PostProcessThread - waitAndGetRequest await
		2025-10-05 21:59:16.483 +0900, 21384 22979 I SequenceApprovalStateMachineMGR: addResourceImageProcessRequest(ppSequenceId: 0) 3/6
		2025-10-05 21:59:16.483 +0900, 21384 22979 I SequenceApprovalStateMachine: addResourceImageProcessRequest(ppSequenceId: 0) - in [APPROVED] state
		2025-10-05 21:59:16.483 +0900, 21384 22979 I PostProcessor: trackAndCheckProcessRequestCollection(RESOURCE_IMAGE) ppSequenceId 0 processCount 3/6
		2025-10-05 21:59:16.483 +0900, 21384 22979 I ProcessSequenceStack: addProcessRequest - element(ppSequenceId 0, add/total count 3/6)
		2025-10-05 21:59:16.483 +0900, 21384 22431 I ProcessSequenceStack: pollProcessRequest - element(ppSequenceId 0, add/total count 3/6, poll count 3)
		2025-10-05 21:59:16.484 +0900, 21384 22431 I CameraPerformance: Capture - PostProcessor Process(ppSequenceId 0, processCount 3/6, dsMode SUPER_NIGHT_EXTREME_DARK) : Start[1759669156483]
		2025-10-05 21:59:16.484 +0900, 21384 22431 I PppNodeControllerStateProcessing: process - ppSequenceId=0, count=(3/6)
		2025-10-05 21:59:16.488 +0900, 21384 22431 I CameraPerformance: Capture - PostProcessor Process : End[1759669156488]
		2025-10-05 21:59:16.502 +0900, 21384 22431 I ProcessSequenceStack: pollProcessRequest - element(ppSequenceId 0, add/total count 3/6, poll count 3)
		2025-10-05 21:59:16.503 +0900, 21384 22431 W PostProcessThread: PostProcessThread - waitAndGetRequest await
		2025-10-05 21:59:16.991 +0900, 21384 22979 I SequenceApprovalStateMachineMGR: addResourceImageProcessRequest(ppSequenceId: 0) 4/6
		2025-10-05 21:59:16.991 +0900, 21384 22979 I SequenceApprovalStateMachine: addResourceImageProcessRequest(ppSequenceId: 0) - in [APPROVED] state
		2025-10-05 21:59:16.992 +0900, 21384 22979 I PostProcessor: trackAndCheckProcessRequestCollection(RESOURCE_IMAGE) ppSequenceId 0 processCount 4/6
		2025-10-05 21:59:16.992 +0900, 21384 22979 I ProcessSequenceStack: addProcessRequest - element(ppSequenceId 0, add/total count 4/6)
		2025-10-05 21:59:16.993 +0900, 21384 22431 I ProcessSequenceStack: pollProcessRequest - element(ppSequenceId 0, add/total count 4/6, poll count 4)
		2025-10-05 21:59:16.993 +0900, 21384 22431 I CameraPerformance: Capture - PostProcessor Process(ppSequenceId 0, processCount 4/6, dsMode SUPER_NIGHT_EXTREME_DARK) : Start[1759669156991]
		2025-10-05 21:59:16.993 +0900, 21384 22431 I PppNodeControllerStateProcessing: process - ppSequenceId=0, count=(4/6)
		2025-10-05 21:59:17.002 +0900, 21384 22431 I CameraPerformance: Capture - PostProcessor Process : End[1759669157001]
		2025-10-05 21:59:17.016 +0900, 21384 22431 I ProcessSequenceStack: pollProcessRequest - element(ppSequenceId 0, add/total count 4/6, poll count 4)
		2025-10-05 21:59:17.016 +0900, 21384 22431 W PostProcessThread: PostProcessThread - waitAndGetRequest await
		2025-10-05 21:59:17.491 +0900, 21384 22979 I SequenceApprovalStateMachineMGR: addResourceImageProcessRequest(ppSequenceId: 0) 5/6
		2025-10-05 21:59:17.492 +0900, 21384 22979 I SequenceApprovalStateMachine: addResourceImageProcessRequest(ppSequenceId: 0) - in [APPROVED] state
		2025-10-05 21:59:17.493 +0900, 21384 22979 I PostProcessor: trackAndCheckProcessRequestCollection(RESOURCE_IMAGE) ppSequenceId 0 processCount 5/6
		2025-10-05 21:59:17.494 +0900, 21384 22979 I ProcessSequenceStack: addProcessRequest - element(ppSequenceId 0, add/total count 5/6)
		2025-10-05 21:59:17.494 +0900, 21384 22431 I ProcessSequenceStack: pollProcessRequest - element(ppSequenceId 0, add/total count 5/6, poll count 5)
		2025-10-05 21:59:17.494 +0900, 21384 22431 I CameraPerformance: Capture - PostProcessor Process(ppSequenceId 0, processCount 5/6, dsMode SUPER_NIGHT_EXTREME_DARK) : Start[1759669157492]
		2025-10-05 21:59:17.495 +0900, 21384 22431 I PppNodeControllerStateProcessing: process - ppSequenceId=0, count=(5/6)
		2025-10-05 21:59:17.510 +0900, 21384 22431 I CameraPerformance: Capture - PostProcessor Process : End[1759669157501]
		2025-10-05 21:59:17.511 +0900, 21384 22431 I ProcessSequenceStack: pollProcessRequest - element(ppSequenceId 0, add/total count 5/6, poll count 5)
		2025-10-05 21:59:17.513 +0900, 21384 22431 W PostProcessThread: PostProcessThread - waitAndGetRequest await
		2025-10-05 21:59:17.989 +0900, 21384 22979 I SequenceApprovalStateMachineMGR: addResourceImageProcessRequest(ppSequenceId: 0) 6/6
		2025-10-05 21:59:17.989 +0900, 21384 22979 I SequenceApprovalStateMachine: addResourceImageProcessRequest(ppSequenceId: 0) - in [APPROVED] state
		2025-10-05 21:59:17.989 +0900, 21384 22979 I PostProcessor: trackAndCheckProcessRequestCollection(RESOURCE_IMAGE) ppSequenceId 0 processCount 6/6
		2025-10-05 21:59:17.989 +0900, 21384 22979 I ProcessSequenceStack: addProcessRequest - element(ppSequenceId 0, add/total count 6/6)
		2025-10-05 21:59:17.990 +0900, 21384 22979 I SequenceApprovalStateMachine: changeState(ppSequenceId: 0) - [APPROVED -> COMPLETED]
		2025-10-05 21:59:17.990 +0900, 21384 22431 I ProcessSequenceStack: pollProcessRequest - element(ppSequenceId 0, add/total count 6/6, poll count 6)
		2025-10-05 21:59:17.990 +0900, 21384 22431 I ProcessSequenceStack: pollProcessRequest: current sequence is completed, SequenceList = [normal 0, pending 0]
		2025-10-05 21:59:17.990 +0900, 21384 22431 I CameraPerformance: Capture - PostProcessor Process(ppSequenceId 0, processCount 6/6, dsMode SUPER_NIGHT_EXTREME_DARK) : Start[1759669157989]
		2025-10-05 21:59:17.990 +0900, 21384 22431 I PppNodeControllerStateProcessing: process - ppSequenceId=0, count=(6/6)
		2025-10-05 21:59:17.991 +0900, 21384 22979 I SequenceApprovalStateMachine: makeSequenceApprovalState(ppSequenceId: 0) - [state: COMPLETED]
		2025-10-05 21:59:17.991 +0900, 21384 22979 I SequenceApprovalStateMachine: clear(ppSequenceId: 0) - in [COMPLETED] state
		2025-10-05 21:59:17.991 +0900, 21384 22979 I SequenceApprovalStateMachineMGR: onCompleted(ppSequenceId: 0), removed SequenceApprovalStateMachine(ppSequenceId: 0, unCompletedMachineList (empty))
		2025-10-05 21:59:20.076 +0900, 21384 22397 I PictureProcessorManager: deinitializePPP
		2025-10-05 21:59:20.077 +0900, 21384 22397 I PostProcessor: tryDeinitialize
		2025-10-05 21:59:20.077 +0900, 21384 22397 I SequenceApprovalStateMachineMGR: requestExit - (unCompletedMachineList: (empty))
		2025-10-05 21:59:20.077 +0900, 21384 22397 I PostProcessThread: PostProcessThread - requestExit
		2025-10-05 21:59:20.077 +0900, 21384 22397 I GppmStateManager: notifyBackgroundApp E
		2025-10-05 21:59:20.077 +0900, 21384 22397 I GppmStateManager: notifyBackgroundApp: res(true)
		2025-10-05 21:59:20.077 +0900, 21384 22397 I GppmStateManager: notifyBackgroundApp X
		2025-10-05 21:59:21.053 +0900, 21384 22431 I CameraPerformance: Capture - PostProcessor Process : End[1759669161053]
		2025-10-05 21:59:21.053 +0900, 21384 22431 I PostProcessor: PostProcessThread - onSequenceCompleted(sequenceId 0)
		2025-10-05 21:59:21.054 +0900, 21384 22431 I PostSavingStateManagerGroup: runComplete - ppSequenceId : 0, state : DRAFT
		2025-10-05 21:59:21.054 +0900, 21384 22431 I SavingInfoContainer: setImageBuffer
		2025-10-05 21:59:21.054 +0900, 21384 22431 I PostSavingStateDraft: runModules
		2025-10-05 21:59:21.054 +0900, 21384 22431 I PostSavingStateDraft: runModulesInternal
		2025-10-05 21:59:21.054 +0900, 21384 22431 I PostSavingStateDraft: PostSavingModuleValidationCheck - runModulesInternal E
		2025-10-05 21:59:21.054 +0900, 21384 22431 I PostSavingStateDraft: PostSavingModuleValidationCheck - runModulesInternal X
		2025-10-05 21:59:21.054 +0900, 21384 22431 I PostSavingStateDraft: PostSavingModuleSefInsert - runModulesInternal E
		2025-10-05 21:59:21.055 +0900, 21384 22431 I SavingInfoContainer: clearImageBuffer
		2025-10-05 21:59:21.055 +0900, 21384 22431 I SavingInfoContainer: setImageBuffer
		2025-10-05 21:59:21.055 +0900, 21384 22431 I PostSavingStateDraft: PostSavingModuleSefInsert - runModulesInternal X
		2025-10-05 21:59:21.055 +0900, 21384 22431 I PostSavingStateDraft: PostSavingModuleImageWrite - runModulesInternal E
		2025-10-05 21:59:21.073 +0900, 21384 22431 I PostSavingStateDraft: PostSavingModuleImageWrite - runModulesInternal X
		2025-10-05 21:59:21.073 +0900, 21384 22431 I PostSavingStateDraft: PostSavingModuleMpUpdate - runModulesInternal E
		2025-10-05 21:59:21.077 +0900, 21384 22431 I PostSavingStateDraft: PostSavingModuleMpUpdate - runModulesInternal X
		2025-10-05 21:59:21.077 +0900, 21384 22431 I PostSavingStateDraft: PostSavingModuleScanFile - runModulesInternal E
		2025-10-05 21:59:21.107 +0900, 21384 23290 I PostProcessDBHelper: The scan about the /storage/emulated/0/DCIM/Camera/20251005_215914.jpg was completed, uri is content://media/external_primary/images/media/1182
		2025-10-05 21:59:21.107 +0900, 21384 22431 I PostProcessDBHelper: scanFile was successful
		2025-10-05 21:59:21.107 +0900, 21384 22431 I PostSavingStateDraft: PostSavingModuleScanFile - runModulesInternal X
		2025-10-05 21:59:21.107 +0900, 21384 22431 I PostSavingStateDraft: PostSavingModuleNotifyingComplete - runModulesInternal E
		2025-10-05 21:59:21.107 +0900, 21384 22431 I PostSavingModuleNotifyingComplete: runModule - secMpId(2147484135), tempFilePath(/data/sec/camera/native/20251005_215914_temp.jpg)
		2025-10-05 21:59:21.203 +0900, 21384 22431 I PostSavingStateDraft: PostSavingModuleNotifyingComplete - runModulesInternal X
		2025-10-05 21:59:21.203 +0900, 21384 22431 I PostSavingStateDraft: PostSavingModuleRemoveTemp - runModulesInternal E
		2025-10-05 21:59:21.203 +0900, 21384 22431 I PostSavingStateDraft: PostSavingModuleRemoveTemp - runModulesInternal X
		2025-10-05 21:59:21.203 +0900, 21384 22431 I PostSavingStateDraft: sendBroadcastNewPicture E
		2025-10-05 21:59:21.209 +0900, 21384 22431 I PostSavingStateDraft: sendBroadcastNewPicture X : 1182
		2025-10-05 21:59:21.209 +0900, 21384 22431 I PostSavingStateManager: postSavingStateChanged(ppSequenceId:0)  E : DRAFT->COMPLETE
		2025-10-05 21:59:21.209 +0900, 21384 22431 I PostSavingStateManagerGroup: onStateDone : 0
		2025-10-05 21:59:21.209 +0900, 21384 22431 I PostSavingStateManager: PostSavingStateManager clear
		2025-10-05 21:59:21.209 +0900, 21384 22431 I SavingInfoContainer: clearImageBuffer
		2025-10-05 21:59:21.209 +0900, 21384 22431 I PostSavingStateManager: postSavingStateChanged  X
		2025-10-05 21:59:21.210 +0900, 21384 22431 I PostProcessThread: PostProcessThread - end sequence(id 0, dsMode 0x53, dsExtraInfo 0x800000, errorInSequence NONE)
		2025-10-05 21:59:21.210 +0900, 21384 22431 I PostProcessThread: completeSequence - ppSequence(id 0)
		2025-10-05 21:59:21.210 +0900, 21384 22431 I PostProcessor: onSequenceEnded(ppSequence id 0) - activatedSequenceCount(0), pendingSequenceCount(0)
		2025-10-05 21:59:21.210 +0900, 21384 22431 I PppNodeControllerStateProcessing: deinitialize : isAbortCalled=false
		2025-10-05 21:59:21.210 +0900, 21384 22431 I PostProcessNotificationManager: sequenceEnd(id: 0)
		2025-10-05 21:59:21.210 +0900, 21384 22431 I PostProcessNotificationManager: sendMessage - (SET_PROGRESS, 1, 1)
		2025-10-05 21:59:21.210 +0900, 21384 22431 W PostProcessNotificationManager: notify progress 100%, processedSequenceCount 1, totalSequenceCount 1
		2025-10-05 21:59:21.210 +0900, 21384 22431 I PostProcessNotificationManager: sendMessage - (CANCEL_NOTIFICATION, 0, 0)
		2025-10-05 21:59:21.210 +0900, 21384 22431 I PostProcessNotificationManager: sendMessageDelayed - (STOP_FOREGROUND, 0, 0)
		2025-10-05 21:59:21.210 +0900, 21384 22431 I PostProcessNotificationManager: hideNotification
		2025-10-05 21:59:21.211 +0900, 21384 22431 I PostProcessNotificationManager: sendMessage - (CANCEL_NOTIFICATION, 0, 0)
		2025-10-05 21:59:21.214 +0900, 21384 22431 I GppmStateManager: updateStateTo E
		2025-10-05 21:59:21.217 +0900, 21384 22431 I GppmStateManager: updateStateTo from STARTED to STOPPED E
		2025-10-05 21:59:21.221 +0900, 21384 22431 I GppmStateManager: updateStateTo to STOPPED X : result = true
		2025-10-05 21:59:21.221 +0900, 21384 22431 I GppmStateManager: updateStateTo X
		2025-10-05 21:59:21.221 +0900, 21384 22431 I PostProcessThread: PostProcessThread - endThread thread id(22431)
		2025-10-05 21:59:21.223 +0900, 21384 22431 I PostProcessor: deInitializeStateObserver
		2025-10-05 21:59:21.224 +0900, 21384 22431 I GppmProcessingManager: stop - call in [IDLE] state
		2025-10-05 21:59:21.224 +0900, 21384 22431 I GppmProcessingManager: setState - change state [IDLE] -> [STOPPED]
		2025-10-05 21:59:21.224 +0900, 21384 22431 I PostProcessNotificationManager: unBindService
		2025-10-05 21:59:21.224 +0900, 21384 22431 I PostProcessNotificationManager: sendMessage - (CANCEL_NOTIFICATION, 0, 0)
		2025-10-05 21:59:21.225 +0900, 21384 22431 W PostProcessNotificationManager: Wait for 300 msec to execute the delayed stop foreground command.
		2025-10-05 21:59:21.225 +0900, 21384 22431 W PostProcessThread: PostProcessThread - exit thread
		2025-10-05 21:59:21.511 +0900, 21384 22457 I PostProcessService: stopForegroundService E
		2025-10-05 21:59:21.516 +0900, 21384 22457 I PostProcessService: stopForegroundService X
		2025-10-05 21:59:21.526 +0900, 21384 21384 I PostProcessService: onDestroy
		2025-10-05 22:01:07.689 +0900, 21384 24377 I PictureProcessorManager: initializePPP
		2025-10-05 22:01:07.690 +0900, 21384 24377 I PostProcessor: tryRecycle - false, needAbort : true
		2025-10-05 22:01:07.690 +0900, 21384 24377 I PostProcessor: PostProcess(context com.sec.android.app.camera.CameraApplication@a0b788e)
		2025-10-05 22:01:07.690 +0900, 21384 24377 I PostProcessNotificationManager: bindService
		2025-10-05 22:01:07.691 +0900, 21384 24377 I PostProcessThread: initRecoveryFilePathList E
		2025-10-05 22:01:07.691 +0900, 21384 24377 I PostProcessThread: initRecoveryFilePathList X
		2025-10-05 22:01:07.692 +0900, 21384 24377 I PostProcessThread: runWorkerLogic E
		2025-10-05 22:01:07.692 +0900, 21384 24377 I RecoveryDraftImageLegacyWorker: recoveryDraftImageFiles E
		2025-10-05 22:01:07.692 +0900, 21384 24377 I RecoveryDraftImageLegacyWorker: recoveryDraftImageFiles X
		2025-10-05 22:01:07.692 +0900, 21384 24377 I RemovePrTempFileWorker: removeProcessTempFiles E
		2025-10-05 22:01:07.692 +0900, 21384 24377 I RemovePrTempFileWorker: removeProcessTempFiles X
		2025-10-05 22:01:07.693 +0900, 21384 24377 I PostProcessThread: runWorkerLogic X
		2025-10-05 22:01:07.693 +0900, 21384 24377 I GppmStateManager: isGPPMEnabled E
		2025-10-05 22:01:07.693 +0900, 21384 24377 I GppmStateManager: GPPM is enabled.
		2025-10-05 22:01:07.693 +0900, 21384 24377 I GppmStateManager: isGPPMEnabled X
		2025-10-05 22:01:07.693 +0900, 21384 24377 I PostProcessor: initializeStateObserver
		2025-10-05 22:01:07.694 +0900, 21384 24377 I GppmStateManager: notifyForegroundApp E
		2025-10-05 22:01:07.698 +0900, 21384 24377 I GppmStateManager: notifyForegroundApp: res(true)
		2025-10-05 22:01:07.698 +0900, 21384 24377 I GppmStateManager: notifyForegroundApp X
		2025-10-05 22:01:07.699 +0900, 21384 24400 I PostProcessThread: PostProcessThread - initThread : thread id(24400), user id(0)
		2025-10-05 22:01:07.702 +0900, 21384 24400 I PostProcessor: startRecoveryProcess E
		2025-10-05 22:01:07.702 +0900, 21384 24400 I RecoveryProcessManager: recoveryDraftImageWithoutRecoveryData E
		2025-10-05 22:01:07.702 +0900, 21384 24400 I RecoveryProcessManager: recoveryDraftImageWithoutRecoveryData X
		2025-10-05 22:01:07.702 +0900, 21384 24400 I PostProcessor: startRecoveryProcess X (0 ms)
		2025-10-05 22:01:07.702 +0900, 21384 24400 W PostProcessThread: PostProcessThread - waitAndGetFirstRequest await : stack is empty
		2025-10-05 22:01:07.727 +0900, 21384 21384 I PostProcessService: onCreate
		2025-10-05 22:01:07.743 +0900, 21384 21384 I PostProcessNotificationManager: PostProcessNotificationServiceConnection - onServiceConnected E : component ComponentInfo{com.sec.android.app.camera/com.samsung.android.camera.core2.processor.PostProcessService}
		2025-10-05 22:01:07.744 +0900, 21384 21384 I PostProcessNotificationManager: PostProcessNotificationServiceConnection - onServiceConnected X
		2025-10-05 22:01:08.046 +0900, 21384 21392 I PostProcessThread: PostProcessThread - finalize
		2025-10-05 22:01:08.046 +0900, 21384 21392 I PostProcessThread: EndThread has already been called.
		2025-10-05 22:01:08.177 +0900, 21384 24395 I PostProcessThread: setOverHeatHint : 0
		2025-10-05 22:01:12.398 +0900, 21384 24377 I PictureProcessorManager: deinitializePPP
		2025-10-05 22:01:12.402 +0900, 21384 24377 I PostProcessor: tryDeinitialize
		2025-10-05 22:01:12.403 +0900, 21384 24377 I SequenceApprovalStateMachineMGR: requestExit - (unCompletedMachineList: (empty))
		2025-10-05 22:01:12.403 +0900, 21384 24377 I PostProcessThread: PostProcessThread - requestExit
		2025-10-05 22:01:12.403 +0900, 21384 24377 I GppmStateManager: notifyBackgroundApp E
		2025-10-05 22:01:12.404 +0900, 21384 24400 I PostProcessThread: PostProcessThread - endThread thread id(24400)
		2025-10-05 22:01:12.404 +0900, 21384 24400 I PostProcessor: deInitializeStateObserver
		2025-10-05 22:01:12.417 +0900, 21384 24377 I GppmStateManager: notifyBackgroundApp: res(true)
		2025-10-05 22:01:12.418 +0900, 21384 24377 I GppmStateManager: notifyBackgroundApp X
		2025-10-05 22:01:12.418 +0900, 21384 24400 I GppmProcessingManager: stop - call in [IDLE] state
		2025-10-05 22:01:12.418 +0900, 21384 24400 I GppmProcessingManager: setState - change state [IDLE] -> [STOPPED]
		2025-10-05 22:01:12.419 +0900, 21384 24400 I PostProcessNotificationManager: unBindService
		2025-10-05 22:01:12.419 +0900, 21384 24400 I PostProcessNotificationManager: sendMessage - (CANCEL_NOTIFICATION, 0, 0)
		2025-10-05 22:01:12.419 +0900, 21384 24400 W PostProcessNotificationManager: In case of an abnormal termination, call stopForeground immediately without delay.
		2025-10-05 22:01:12.420 +0900, 21384 24400 W PostProcessThread: PostProcessThread - exit thread
		2025-10-05 22:01:12.451 +0900, 21384 21384 I PostProcessService: onDestroy
		2025-10-05 22:02:24.675 +0900, 21384 25292 I PictureProcessorManager: initializePPP
		2025-10-05 22:02:24.676 +0900, 21384 25292 I PostProcessor: tryRecycle - false, needAbort : true
		2025-10-05 22:02:24.676 +0900, 21384 25292 I PostProcessor: PostProcess(context com.sec.android.app.camera.CameraApplication@a0b788e)
		2025-10-05 22:02:24.676 +0900, 21384 25292 I PostProcessNotificationManager: bindService
		2025-10-05 22:02:24.677 +0900, 21384 25292 I PostProcessThread: initRecoveryFilePathList E
		2025-10-05 22:02:24.705 +0900, 21384 25292 I PostProcessThread: initRecoveryFilePathList X
		2025-10-05 22:02:24.705 +0900, 21384 25292 I PostProcessThread: runWorkerLogic E
		2025-10-05 22:02:24.706 +0900, 21384 25292 I RecoveryDraftImageLegacyWorker: recoveryDraftImageFiles E
		2025-10-05 22:02:24.707 +0900, 21384 25292 I RecoveryDraftImageLegacyWorker: recoveryDraftImageFiles X
		2025-10-05 22:02:24.707 +0900, 21384 25292 I RemovePrTempFileWorker: removeProcessTempFiles E
		2025-10-05 22:02:24.707 +0900, 21384 25292 I RemovePrTempFileWorker: removeProcessTempFiles X
		2025-10-05 22:02:24.707 +0900, 21384 25292 I PostProcessThread: runWorkerLogic X
		2025-10-05 22:02:24.713 +0900, 21384 25292 I GppmStateManager: isGPPMEnabled E
		2025-10-05 22:02:24.713 +0900, 21384 25292 I GppmStateManager: GPPM is enabled.
		2025-10-05 22:02:24.713 +0900, 21384 25292 I GppmStateManager: isGPPMEnabled X
		2025-10-05 22:02:24.713 +0900, 21384 25292 I PostProcessor: initializeStateObserver
		2025-10-05 22:02:24.717 +0900, 21384 21384 I PostProcessService: onCreate
		2025-10-05 22:02:24.717 +0900, 21384 25292 I GppmStateManager: notifyForegroundApp E
		2025-10-05 22:02:24.726 +0900, 21384 21384 I PostProcessNotificationManager: PostProcessNotificationServiceConnection - onServiceConnected E : component ComponentInfo{com.sec.android.app.camera/com.samsung.android.camera.core2.processor.PostProcessService}
		2025-10-05 22:02:24.727 +0900, 21384 21384 I PostProcessNotificationManager: PostProcessNotificationServiceConnection - onServiceConnected X
		2025-10-05 22:02:24.727 +0900, 21384 25292 I GppmStateManager: notifyForegroundApp: res(true)
		2025-10-05 22:02:24.727 +0900, 21384 25292 I GppmStateManager: notifyForegroundApp X
		2025-10-05 22:02:24.728 +0900, 21384 25342 I PostProcessThread: PostProcessThread - initThread : thread id(25342), user id(0)
		2025-10-05 22:02:24.728 +0900, 21384 25342 I PostProcessor: startRecoveryProcess E
		2025-10-05 22:02:24.728 +0900, 21384 25342 I RecoveryProcessManager: recoveryDraftImageWithoutRecoveryData E
		2025-10-05 22:02:24.728 +0900, 21384 25342 I RecoveryProcessManager: recoveryDraftImageWithoutRecoveryData X
		2025-10-05 22:02:24.728 +0900, 21384 25342 I PostProcessor: startRecoveryProcess X (0 ms)
		2025-10-05 22:02:24.728 +0900, 21384 25342 W PostProcessThread: PostProcessThread - waitAndGetFirstRequest await : stack is empty
		2025-10-05 22:02:25.125 +0900, 21384 25307 I PostProcessThread: setOverHeatHint : 0
		2025-10-05 22:02:26.569 +0900, 21384 21392 I PostProcessThread: PostProcessThread - finalize
		2025-10-05 22:02:26.569 +0900, 21384 21392 I PostProcessThread: EndThread has already been called.
		2025-10-05 22:02:29.453 +0900, 21384 25798 I GppmStateManager: notifyForceStart E
		2025-10-05 22:02:29.458 +0900, 21384 25798 I GppmStateManager: notifyForceStart: res(true)
		2025-10-05 22:02:29.458 +0900, 21384 25798 I GppmStateManager: notifyForceStart X
		2025-10-05 22:02:29.458 +0900, 21384 25798 I IppNodeControllerStateIdle: initialize E
		2025-10-05 22:02:29.458 +0900, 21384 25798 I IppNodeController: createPreprocessingNodeChain E
		2025-10-05 22:02:29.458 +0900, 21384 25798 I IppNodeController: createPreprocessingNodeChain X
		2025-10-05 22:02:29.458 +0900, 21384 25798 I IppNodeController: createPostProcessingNodeChain E
		2025-10-05 22:02:29.460 +0900, 21384 25798 I IppNodeController: createPostProcessingNodeChain X
		2025-10-05 22:02:29.460 +0900, 21384 25798 I IppNodeController: createEncodingNodeChain E
		2025-10-05 22:02:29.460 +0900, 21384 25798 I IppNodeController: createEncodingNodeChain X
		2025-10-05 22:02:29.464 +0900, 21384 25798 I IppNodeController: IppNodeController - configureNodeChain : [PREPROCESSOR(SaveYuvForGainMapNode) - ENCODER(ImageCodecNodeBase, SefNode)] nodeChain will be configured
		2025-10-05 22:02:29.464 +0900, 21384 25798 I IppNodeController: configurePreprocessorNodeChain: preprocessor node chain is enabled.
		2025-10-05 22:02:29.464 +0900, 21384 25798 I IppNodeController: configureMultiFrameNodeChain - skip about SINGLE
		2025-10-05 22:02:29.466 +0900, 21384 25798 I IppNodeController: configureEncoderNodeChain - ImageCodecNode activate true
		2025-10-05 22:02:29.466 +0900, 21384 25798 I IppNodeControllerStateIdle: initialize X
		2025-10-05 22:02:29.466 +0900, 21384 25798 I IppNodeControllerStateInitializing: process - ppSequenceId=1, count=(1/1)
		2025-10-05 22:02:29.466 +0900, 21384 25798 I IppNodeControllerStateProcessing: process - ppSequenceId=1, count=(1/1)
		2025-10-05 22:02:29.529 +0900, 21384 25798 I IppNodeControllerStateProcessing: deinitialize : isAbortCalled=false
		2025-10-05 22:02:29.534 +0900, 21384 25798 I GppmStateManager: notifyForceStop E
		2025-10-05 22:02:29.536 +0900, 21384 25798 I GppmStateManager: notifyForceStop: res(true)
		2025-10-05 22:02:29.536 +0900, 21384 25798 I GppmStateManager: notifyForceStop X
		2025-10-05 22:02:33.813 +0900, 21384 25292 I PictureProcessorManager: deinitializePPP
		2025-10-05 22:02:33.813 +0900, 21384 25292 I PostProcessor: tryDeinitialize
		2025-10-05 22:02:33.813 +0900, 21384 25292 I SequenceApprovalStateMachineMGR: requestExit - (unCompletedMachineList: (empty))
		2025-10-05 22:02:33.814 +0900, 21384 25292 I PostProcessThread: PostProcessThread - requestExit
		2025-10-05 22:02:33.814 +0900, 21384 25292 I GppmStateManager: notifyBackgroundApp E
		2025-10-05 22:02:33.814 +0900, 21384 25342 I PostProcessThread: PostProcessThread - endThread thread id(25342)
		2025-10-05 22:02:33.814 +0900, 21384 25342 I PostProcessor: deInitializeStateObserver
		2025-10-05 22:02:33.819 +0900, 21384 25292 I GppmStateManager: notifyBackgroundApp: res(true)
		2025-10-05 22:02:33.819 +0900, 21384 25292 I GppmStateManager: notifyBackgroundApp X
		2025-10-05 22:02:33.819 +0900, 21384 25342 I GppmProcessingManager: stop - call in [IDLE] state
		2025-10-05 22:02:33.819 +0900, 21384 25342 I GppmProcessingManager: setState - change state [IDLE] -> [STOPPED]
		2025-10-05 22:02:33.819 +0900, 21384 25342 I PostProcessNotificationManager: unBindService
		2025-10-05 22:02:33.819 +0900, 21384 25342 I PostProcessNotificationManager: sendMessage - (CANCEL_NOTIFICATION, 0, 0)
		2025-10-05 22:02:33.819 +0900, 21384 25342 W PostProcessNotificationManager: In case of an abnormal termination, call stopForeground immediately without delay.
		2025-10-05 22:02:33.820 +0900, 21384 25342 W PostProcessThread: PostProcessThread - exit thread
		2025-10-05 22:02:33.880 +0900, 21384 21384 I PostProcessService: onDestroy
		2025-10-05 22:04:00.724 +0900, 21384 26425 I PictureProcessorManager: initializePPP
		2025-10-05 22:04:00.724 +0900, 21384 26425 I PostProcessor: tryRecycle - false, needAbort : true
		2025-10-05 22:04:00.725 +0900, 21384 26425 I PostProcessor: PostProcess(context com.sec.android.app.camera.CameraApplication@a0b788e)
		2025-10-05 22:04:00.725 +0900, 21384 26425 I PostProcessNotificationManager: bindService
		2025-10-05 22:04:00.726 +0900, 21384 26425 I PostProcessThread: initRecoveryFilePathList E
		2025-10-05 22:04:00.727 +0900, 21384 26425 I PostProcessThread: initRecoveryFilePathList X
		2025-10-05 22:04:00.727 +0900, 21384 26425 I PostProcessThread: runWorkerLogic E
		2025-10-05 22:04:00.727 +0900, 21384 26425 I RecoveryDraftImageLegacyWorker: recoveryDraftImageFiles E
		2025-10-05 22:04:00.727 +0900, 21384 26425 I RecoveryDraftImageLegacyWorker: recoveryDraftImageFiles X
		2025-10-05 22:04:00.727 +0900, 21384 26425 I RemovePrTempFileWorker: removeProcessTempFiles E
		2025-10-05 22:04:00.728 +0900, 21384 26425 I RemovePrTempFileWorker: removeProcessTempFiles X
		2025-10-05 22:04:00.728 +0900, 21384 26425 I PostProcessThread: runWorkerLogic X
		2025-10-05 22:04:00.728 +0900, 21384 26425 I GppmStateManager: isGPPMEnabled E
		2025-10-05 22:04:00.728 +0900, 21384 26425 I GppmStateManager: GPPM is enabled.
		2025-10-05 22:04:00.728 +0900, 21384 26425 I GppmStateManager: isGPPMEnabled X
		2025-10-05 22:04:00.728 +0900, 21384 26425 I PostProcessor: initializeStateObserver
		2025-10-05 22:04:00.728 +0900, 21384 26425 I GppmStateManager: notifyForegroundApp E
		2025-10-05 22:04:00.736 +0900, 21384 26425 I GppmStateManager: notifyForegroundApp: res(true)
		2025-10-05 22:04:00.736 +0900, 21384 26425 I GppmStateManager: notifyForegroundApp X
		2025-10-05 22:04:00.736 +0900, 21384 26448 I PostProcessThread: PostProcessThread - initThread : thread id(26448), user id(0)
		2025-10-05 22:04:00.736 +0900, 21384 26448 I PostProcessor: startRecoveryProcess E
		2025-10-05 22:04:00.737 +0900, 21384 26448 I RecoveryProcessManager: recoveryDraftImageWithoutRecoveryData E
		2025-10-05 22:04:00.737 +0900, 21384 26448 I RecoveryProcessManager: recoveryDraftImageWithoutRecoveryData X
		2025-10-05 22:04:00.737 +0900, 21384 26448 I PostProcessor: startRecoveryProcess X (0 ms)
		2025-10-05 22:04:00.737 +0900, 21384 26448 W PostProcessThread: PostProcessThread - waitAndGetFirstRequest await : stack is empty
		2025-10-05 22:04:00.757 +0900, 21384 21384 I PostProcessService: onCreate
		2025-10-05 22:04:00.762 +0900, 21384 21384 I PostProcessNotificationManager: PostProcessNotificationServiceConnection - onServiceConnected E : component ComponentInfo{com.sec.android.app.camera/com.samsung.android.camera.core2.processor.PostProcessService}
		2025-10-05 22:04:00.762 +0900, 21384 21384 I PostProcessNotificationManager: PostProcessNotificationServiceConnection - onServiceConnected X
		2025-10-05 22:04:01.205 +0900, 21384 26441 I PostProcessThread: setOverHeatHint : 0
		2025-10-05 22:04:01.708 +0900, 21384 21392 I PostProcessThread: PostProcessThread - finalize
		2025-10-05 22:04:01.708 +0900, 21384 21392 I PostProcessThread: EndThread has already been called.
		2025-10-05 22:04:05.203 +0900, 21384 26927 I GppmStateManager: notifyForceStart E
		2025-10-05 22:04:05.206 +0900, 21384 26927 I GppmStateManager: notifyForceStart: res(true)
		2025-10-05 22:04:05.206 +0900, 21384 26927 I GppmStateManager: notifyForceStart X
		2025-10-05 22:04:05.207 +0900, 21384 26927 I IppNodeControllerStateIdle: initialize E
		2025-10-05 22:04:05.207 +0900, 21384 26927 I IppNodeController: createPreprocessingNodeChain E
		2025-10-05 22:04:05.207 +0900, 21384 26927 I IppNodeController: createPreprocessingNodeChain X
		2025-10-05 22:04:05.207 +0900, 21384 26927 I IppNodeController: createPostProcessingNodeChain E
		2025-10-05 22:04:05.209 +0900, 21384 26927 I IppNodeController: createPostProcessingNodeChain X
		2025-10-05 22:04:05.209 +0900, 21384 26927 I IppNodeController: createEncodingNodeChain E
		2025-10-05 22:04:05.209 +0900, 21384 26927 I IppNodeController: createEncodingNodeChain X
		2025-10-05 22:04:05.210 +0900, 21384 26927 I IppNodeController: IppNodeController - configureNodeChain : [PREPROCESSOR(SaveYuvForGainMapNode) - ENCODER(ImageCodecNodeBase, SefNode)] nodeChain will be configured
		2025-10-05 22:04:05.211 +0900, 21384 26927 I IppNodeController: configurePreprocessorNodeChain: preprocessor node chain is enabled.
		2025-10-05 22:04:05.211 +0900, 21384 26927 I IppNodeController: configureMultiFrameNodeChain - skip about SINGLE
		2025-10-05 22:04:05.213 +0900, 21384 26927 I IppNodeController: configureEncoderNodeChain - ImageCodecNode activate true
		2025-10-05 22:04:05.213 +0900, 21384 26927 I IppNodeControllerStateIdle: initialize X
		2025-10-05 22:04:05.213 +0900, 21384 26927 I IppNodeControllerStateInitializing: process - ppSequenceId=2, count=(1/1)
		2025-10-05 22:04:05.213 +0900, 21384 26927 I IppNodeControllerStateProcessing: process - ppSequenceId=2, count=(1/1)
		2025-10-05 22:04:05.275 +0900, 21384 26927 I IppNodeControllerStateProcessing: deinitialize : isAbortCalled=false
		2025-10-05 22:04:05.277 +0900, 21384 26927 I GppmStateManager: notifyForceStop E
		2025-10-05 22:04:05.280 +0900, 21384 26927 I GppmStateManager: notifyForceStop: res(true)
		2025-10-05 22:04:05.280 +0900, 21384 26927 I GppmStateManager: notifyForceStop X
		2025-10-05 22:04:10.015 +0900, 21384 26425 I PictureProcessorManager: deinitializePPP
		2025-10-05 22:04:10.015 +0900, 21384 26425 I PostProcessor: tryDeinitialize
		2025-10-05 22:04:10.015 +0900, 21384 26425 I SequenceApprovalStateMachineMGR: requestExit - (unCompletedMachineList: (empty))
		2025-10-05 22:04:10.015 +0900, 21384 26425 I PostProcessThread: PostProcessThread - requestExit
		2025-10-05 22:04:10.015 +0900, 21384 26425 I GppmStateManager: notifyBackgroundApp E
		2025-10-05 22:04:10.016 +0900, 21384 26448 I PostProcessThread: PostProcessThread - endThread thread id(26448)
		2025-10-05 22:04:10.016 +0900, 21384 26448 I PostProcessor: deInitializeStateObserver
		2025-10-05 22:04:10.020 +0900, 21384 26425 I GppmStateManager: notifyBackgroundApp: res(true)
		2025-10-05 22:04:10.020 +0900, 21384 26425 I GppmStateManager: notifyBackgroundApp X
		2025-10-05 22:04:10.020 +0900, 21384 26448 I GppmProcessingManager: stop - call in [IDLE] state
		2025-10-05 22:04:10.020 +0900, 21384 26448 I GppmProcessingManager: setState - change state [IDLE] -> [STOPPED]
		2025-10-05 22:04:10.021 +0900, 21384 26448 I PostProcessNotificationManager: unBindService
		2025-10-05 22:04:10.021 +0900, 21384 26448 I PostProcessNotificationManager: sendMessage - (CANCEL_NOTIFICATION, 0, 0)
		2025-10-05 22:04:10.021 +0900, 21384 26448 W PostProcessNotificationManager: In case of an abnormal termination, call stopForeground immediately without delay.
		2025-10-05 22:04:10.021 +0900, 21384 26448 W PostProcessThread: PostProcessThread - exit thread
		2025-10-05 22:04:10.083 +0900, 21384 21384 I PostProcessService: onDestroy

	Dump of CameraServiceWorker CAMERA_APPLICATION_EVENT

	Dump of CameraServiceWorker DATABASE_EVENT
		2025-10-05 21:59:15.543 +0900, 21384 22431 PostProcessThread: updateGppmStateToReady - sec_mp_id is null
		2025-10-05 21:59:15.705 +0900, 21384 22991 PostProcessDBHelper: INSERT content://secmedia/media  Start: 1759669155705
		2025-10-05 21:59:15.717 +0900, 21384 22991 PostProcessDBHelper: INSERT content://secmedia/media/2147484135  End: 1759669155716
