VibratorManagerService:
  VibrationSettings:
    vibrateOn = true
    keyboardVibrationOn = true, default: true
    vibrateInputDevices = false
    batterySaverMode = false
    ringerMode = vibrate
    onWirelessCharger = false
    processStateCache size = 75
    VibrationIntensities:
      UNKNOWN = MEDIUM, default: MEDIUM
      ALARM = HIGH, default: HIGH
      TOUCH = MEDIUM, default: MEDIUM
      MEDIA = MEDIUM, default: MEDIUM
      RINGTONE = MEDIUM, default: MEDIUM
      PHYSICAL_EMULATION = MEDIUM, default: MEDIUM
      NOTIFICATION = MEDIUM, default: MEDIUM
      HARDWARE_FEEDBACK = MEDIUM, default: MEDIUM
      COMMUNICATION_REQUEST = MEDIUM, default: MEDIUM
      ACCESSIBILITY = MEDIUM, default: MEDIUM
    VibrationConfig:
      ignoreVibrationsOnWirelessCharger = false
      hapticChannelMaxAmplitude = 0.0
      rampStepDurationMs = 5
      rampDownDurationMs = 0
      requestVibrationParamsForUsages = [ALARM, RINGTONE, NOTIFICATION, COMMUNICATION_REQUEST]
      requestVibrationParamsTimeoutMs = 50
  
  VibrationScaler:
    defaultVibrationAmplitude = 255
    ScaleLevels:
      VERY_LOW = ScaleLevel{factor=0.6}
      LOW = ScaleLevel{factor=0.8}
      NONE = ScaleLevel{factor=1.0}
      HIGH = ScaleLevel{factor=1.2}
      VERY_HIGH = ScaleLevel{factor=1.4}
    AdaptiveHapticsScales:
  
  Vibrators:
    Vibrator (id=0):
      isVibrating = false
      isUnderExternalControl = false
      currentAmplitude = 0.0
      vibratorInfoLoadSuccessful = true
      vibratorStateListener size = 1
      VibratorInfo:
        id = 0
        capabilities = [COMPOSE_EFFECTS, AMPLITUDE_CONTROL, EXTERNAL_CONTROL, EXTERNAL_AMPLITUDE_CONTROL]
        capabilitiesFlags = 111100
        supportedEffects = [CLICK, DOUBLE_CLICK, TICK, HEAVY_CLICK]
        supportedPrimitives = [CLICK(20ms), THUD(300ms), SPIN(130ms), QUICK_RISE(150ms), SLOW_RISE(500ms), QUICK_FALL(100ms), TICK(20ms), LOW_TICK(20ms)]
        supportedBraking = []
        primitiveDelayMax = 1000
        compositionSizeMax = 10
        pwlePrimitiveDurationMax = 0
        pwleSizeMax = 0
        q-factor = NaN
        frequencyProfile = FrequencyProfile{mFrequencyRange=null, mMinFrequency=NaN, mResonantFrequency=NaN, mFrequencyResolution=NaN, mMaxAmplitudes count=0}
  
  CurrentVibration:
    null
  
  NextVibration:
    null
  
  CurrentExternalVibration:
    null
  
  
  Recent vibrations:
    TOUCH:
      10-05 22:00:36.039 |   effect |             finished | duration:   135ms | start: 22:00:36.043 | end: 22:00:36.175 | scale:     NONE (adaptive=1.00) | flags:    0 | usage: TOUCH | android (uid=1000, deviceId=0) | reason: Virtual Key - Press | played: SemHaptic: mType=50038, mMagnitude=-1 | original: null
      10-05 22:00:46.651 |   effect |             finished | duration:   116ms | start: 22:00:46.654 | end: 22:00:46.767 | scale:     NONE (adaptive=1.00) | flags:    0 | usage: TOUCH | com.kakao.talk (uid=10365, deviceId=0) | reason: performHapticFeedback(constant=6): View#performHapticFeedback | played: SemHaptic: mType=50065, mMagnitude=-1 | original: null
      10-05 22:01:11.619 |   effect |             finished | duration:   132ms | start: 22:01:11.620 | end: 22:01:11.751 | scale:     NONE (adaptive=1.00) | flags:    0 | usage: TOUCH | android (uid=1000, deviceId=0) | reason: Virtual Key - Press | played: SemHaptic: mType=50038, mMagnitude=-1 | original: null
      10-05 22:01:12.642 |   effect |             finished | duration:   244ms | start: 22:01:12.644 | end: 22:01:12.886 | scale:     NONE (adaptive=1.00) | flags:    0 | usage: TOUCH | com.sec.android.app.launcher (uid=10162, deviceId=0) | reason: null | played: SemHaptic: mType=50051, mMagnitude=-1 | original: null
      10-05 22:01:52.682 |   effect |             finished | duration:   135ms | start: 22:01:52.686 | end: 22:01:52.818 | scale:     NONE (adaptive=1.00) | flags:    0 | usage: TOUCH | android (uid=1000, deviceId=0) | reason: Virtual Key - Press | played: SemHaptic: mType=50038, mMagnitude=-1 | original: null
      10-05 22:02:03.651 |   effect |             finished | duration:   118ms | start: 22:02:03.654 | end: 22:02:03.769 | scale:     NONE (adaptive=1.00) | flags:    0 | usage: TOUCH | com.kakao.talk (uid=10365, deviceId=0) | reason: performHapticFeedback(constant=6): View#performHapticFeedback | played: SemHaptic: mType=50065, mMagnitude=-1 | original: null
      10-05 22:02:28.818 |   effect | cancelled_superseded | duration:   119ms | start: 22:02:28.820 | end: 22:02:28.937 | scale:     NONE (adaptive=1.00) | flags:    0 | usage: TOUCH | com.sec.android.app.camera (uid=10123, deviceId=0) | reason: null | played: SemHaptic: mType=50061, mMagnitude=-1 | original: null
      10-05 22:02:28.936 |   effect |             finished | duration:   603ms | start: 22:02:28.938 | end: 22:02:29.539 | scale:     NONE (adaptive=1.00) | flags:    0 | usage: TOUCH | com.sec.android.app.camera (uid=10123, deviceId=0) | reason: null | played: SemHaptic: mType=50072, mMagnitude=-1 | original: null
      10-05 22:02:38.565 |   effect |             finished | duration:   134ms | start: 22:02:38.569 | end: 22:02:38.700 | scale:     NONE (adaptive=1.00) | flags:    0 | usage: TOUCH | android (uid=1000, deviceId=0) | reason: Virtual Key - Press | played: SemHaptic: mType=50038, mMagnitude=-1 | original: null
      10-05 22:02:39.577 |   effect |             finished | duration:   246ms | start: 22:02:39.581 | end: 22:02:39.823 | scale:     NONE (adaptive=1.00) | flags:    0 | usage: TOUCH | com.sec.android.app.launcher (uid=10162, deviceId=0) | reason: null | played: SemHaptic: mType=50051, mMagnitude=-1 | original: null
      10-05 22:03:29.153 |   effect |             finished | duration:   134ms | start: 22:03:29.156 | end: 22:03:29.288 | scale:     NONE (adaptive=1.00) | flags:    0 | usage: TOUCH | android (uid=1000, deviceId=0) | reason: Virtual Key - Press | played: SemHaptic: mType=50038, mMagnitude=-1 | original: null
      10-05 22:03:39.699 |   effect |             finished | duration:   116ms | start: 22:03:39.703 | end: 22:03:39.815 | scale:     NONE (adaptive=1.00) | flags:    0 | usage: TOUCH | com.kakao.talk (uid=10365, deviceId=0) | reason: performHapticFeedback(constant=6): View#performHapticFeedback | played: SemHaptic: mType=50065, mMagnitude=-1 | original: null
      10-05 22:04:04.653 |   effect | cancelled_superseded | duration:   111ms | start: 22:04:04.655 | end: 22:04:04.763 | scale:     NONE (adaptive=1.00) | flags:    0 | usage: TOUCH | com.sec.android.app.camera (uid=10123, deviceId=0) | reason: null | played: SemHaptic: mType=50061, mMagnitude=-1 | original: null
      10-05 22:04:04.762 |   effect |             finished | duration:   604ms | start: 22:04:04.764 | end: 22:04:05.365 | scale:     NONE (adaptive=1.00) | flags:    0 | usage: TOUCH | com.sec.android.app.camera (uid=10123, deviceId=0) | reason: null | played: SemHaptic: mType=50072, mMagnitude=-1 | original: null
      10-05 22:04:19.632 |   effect |             finished | duration:   136ms | start: 22:04:19.636 | end: 22:04:19.767 | scale:     NONE (adaptive=1.00) | flags:    0 | usage: TOUCH | android (uid=1000, deviceId=0) | reason: Virtual Key - Press | played: SemHaptic: mType=50038, mMagnitude=-1 | original: null
      10-05 22:04:20.634 |   effect |             finished | duration:   246ms | start: 22:04:20.636 | end: 22:04:20.880 | scale:     NONE (adaptive=1.00) | flags:    0 | usage: TOUCH | com.sec.android.app.launcher (uid=10162, deviceId=0) | reason: null | played: SemHaptic: mType=50051, mMagnitude=-1 | original: null
      10-05 22:05:18.938 |   effect |             finished | duration:   137ms | start: 22:05:18.943 | end: 22:05:19.075 | scale:     NONE (adaptive=1.00) | flags:    0 | usage: TOUCH | android (uid=1000, deviceId=0) | reason: Virtual Key - Press | played: SemHaptic: mType=50038, mMagnitude=-1 | original: null
      10-05 22:05:29.573 |   effect |             finished | duration:   117ms | start: 22:05:29.576 | end: 22:05:29.690 | scale:     NONE (adaptive=1.00) | flags:    0 | usage: TOUCH | com.kakao.talk (uid=10365, deviceId=0) | reason: performHapticFeedback(constant=6): View#performHapticFeedback | played: SemHaptic: mType=50065, mMagnitude=-1 | original: null
      10-05 22:05:59.582 |   effect |             finished | duration:   145ms | start: 22:05:59.596 | end: 22:05:59.726 | scale:     NONE (adaptive=1.00) | flags:    0 | usage: TOUCH | android (uid=1000, deviceId=0) | reason: Virtual Key - Press | played: SemHaptic: mType=50038, mMagnitude=-1 | original: null
      10-05 22:06:00.594 |   effect |             finished | duration:   246ms | start: 22:06:00.597 | end: 22:06:00.840 | scale:     NONE (adaptive=1.00) | flags:    0 | usage: TOUCH | com.sec.android.app.launcher (uid=10162, deviceId=0) | reason: null | played: SemHaptic: mType=50051, mMagnitude=-1 | original: null
    
    NOTIFICATION:
      10-05 21:54:15.008 |   effect |             finished | duration:  1102ms | start: 21:54:15.009 | end: 21:54:16.111 | scale:     NONE (adaptive=1.00) | flags:    0 | usage: NOTIFICATION | android (uid=1000, deviceId=0) | reason: Notification (com.google.android.gms 10280) (Delayed) | played: SemHaptic: mType=50034, mMagnitude=-1 | original: null
      10-05 21:56:15.101 |   effect |             finished | duration:  1111ms | start: 21:56:15.105 | end: 21:56:16.212 | scale:     NONE (adaptive=1.00) | flags:    0 | usage: NOTIFICATION | android (uid=1000, deviceId=0) | reason: Notification (android 1000) (Delayed) | played: SemHaptic: mType=50034, mMagnitude=-1 | original: null
    
  
  
  Aggregated vibration history:
    TOUCH:
      10-05 21:55:49.217 |   effect |             finished | duration:   245ms | start: 21:55:49.220 | end: 21:55:49.462 | scale:     NONE (adaptive=1.00) | flags:    0 | usage: TOUCH | com.android.settings (uid=1000, deviceId=0) | reason: performHapticFeedback(constant=50051): View#performHapticFeedback | played: SemHaptic: mType=50051, mMagnitude=-1 | original: null
      10-05 21:57:58.411 |   effect |             finished | duration:   141ms | start: 21:57:58.422 | end: 21:57:58.552 | scale:     NONE (adaptive=1.00) | flags:    0 | usage: TOUCH | android (uid=1000, deviceId=0) | reason: Virtual Key - Press | played: SemHaptic: mType=50038, mMagnitude=-1 | original: null
      10-05 21:57:59.483 |   effect |             finished | duration:   243ms | start: 21:57:59.484 | end: 21:57:59.726 | scale:     NONE (adaptive=1.00) | flags:    0 | usage: TOUCH | com.sec.android.app.launcher (uid=10162, deviceId=0) | reason: null | played: SemHaptic: mType=50051, mMagnitude=-1 | original: null
      10-05 21:58:10.571 |   effect |             finished | duration:   132ms | start: 21:58:10.572 | end: 21:58:10.703 | scale:     NONE (adaptive=1.00) | flags:    0 | usage: TOUCH | android (uid=1000, deviceId=0) | reason: Virtual Key - Press | played: SemHaptic: mType=50038, mMagnitude=-1 | original: null
      10-05 21:58:15.925 |   effect |             finished | duration:   134ms | start: 21:58:15.928 | end: 21:58:16.059 | scale:     NONE (adaptive=1.00) | flags:    0 | usage: TOUCH | android (uid=1000, deviceId=0) | reason: Virtual Key - Press | played: SemHaptic: mType=50038, mMagnitude=-1 | original: null
      10-05 21:58:16.539 |   effect |             finished | duration:   246ms | start: 21:58:16.542 | end: 21:58:16.785 | scale:     NONE (adaptive=1.00) | flags:    0 | usage: TOUCH | com.sec.android.app.launcher (uid=10162, deviceId=0) | reason: null | played: SemHaptic: mType=50051, mMagnitude=-1 | original: null
      10-05 21:59:03.556 |   effect |             finished | duration:   137ms | start: 21:59:03.561 | end: 21:59:03.693 | scale:     NONE (adaptive=1.00) | flags:    0 | usage: TOUCH | android (uid=1000, deviceId=0) | reason: Virtual Key - Press | played: SemHaptic: mType=50038, mMagnitude=-1 | original: null
      10-05 21:59:14.563 |   effect | cancelled_superseded | duration:     0ms | start: 21:59:14.564 | end: 21:59:14.564 | scale:     NONE (adaptive=1.00) | flags:    0 | usage: TOUCH | com.sec.android.app.camera (uid=10123, deviceId=0) | reason: null | played: SemHaptic: mType=50061, mMagnitude=-1 | original: null
      10-05 21:59:14.564 |   effect |             finished | duration:   121ms | start: 21:59:14.565 | end: 21:59:14.685 | scale:     NONE (adaptive=1.00) | flags:    0 | usage: TOUCH | com.sec.android.app.camera (uid=10123, deviceId=0) | reason: null | played: SemHaptic: mType=50061, mMagnitude=-1 | original: null
      10-05 21:59:17.975 |   effect |             finished | duration:   602ms | start: 21:59:17.976 | end: 21:59:18.577 | scale:     NONE (adaptive=1.00) | flags:    0 | usage: TOUCH | com.sec.android.app.camera (uid=10123, deviceId=0) | reason: null | played: SemHaptic: mType=50072, mMagnitude=-1 | original: null
      10-05 21:59:19.560 |   effect |             finished | duration:   133ms | start: 21:59:19.561 | end: 21:59:19.693 | scale:     NONE (adaptive=1.00) | flags:    0 | usage: TOUCH | android (uid=1000, deviceId=0) | reason: Virtual Key - Press | played: SemHaptic: mType=50038, mMagnitude=-1 | original: null
      10-05 21:59:24.488 |   effect |             finished | duration:   134ms | start: 21:59:24.490 | end: 21:59:24.622 | scale:     NONE (adaptive=1.00) | flags:    0 | usage: TOUCH | android (uid=1000, deviceId=0) | reason: Virtual Key - Press | played: SemHaptic: mType=50038, mMagnitude=-1 | original: null
      10-05 21:59:25.642 |   effect |             finished | duration:   248ms | start: 21:59:25.645 | end: 21:59:25.890 | scale:     NONE (adaptive=1.00) | flags:    0 | usage: TOUCH | com.sec.android.app.launcher (uid=10162, deviceId=0) | reason: null | played: SemHaptic: mType=50051, mMagnitude=-1 | original: null
      10-05 22:00:01.802 |   effect |             finished | duration:   134ms | start: 22:00:01.806 | end: 22:00:01.937 | scale:     NONE (adaptive=1.00) | flags:    0 | usage: TOUCH | android (uid=1000, deviceId=0) | reason: Virtual Key - Press | played: SemHaptic: mType=50038, mMagnitude=-1 | original: null
    
  
  
  VibratorControlService:
    isVibratorControllerRegistered = false
    hasPendingVibrationParamsRequest = false
    
    Vibration parameters update history:
  
  Vibrator information
    Motor type : MOTOR_LINEAR_INDEX (5)
    Motor group : SEM_SUPPORTED_VIBRATION_TYPE_D
      prebakedHapticPattern : true
      hapticEngine : true
      enhancedSamsungHapticPattern : false
      intensityControl : true
      indexWideBand : false
    SUPPORT_ACH : true
  
  VibrationSettings information
    mIsHapticSupported = true
    mIsEnableIntensity = true
    mCallMagnitude = 10000
    mNotiMagnitude = 10000
    mTouchMagnitude = 4000
    mMediaMagnitude = 10000
    mForceMagnitude = 10000
    LEVEL_TO_MAGNITUDE = [0, 2000, 4000, 6000, 8000, 10000]
    LEVEL_TO_TOUCH_MAGNITUDE = [0, 3000, 4000, 6000, 8000, 10000]
  
