Events log: audio services lifecycle
09-02 16:38:55:891 AudioService()

Message handler (watch for unhandled messages):
  Handler (com.android.server.audio.AudioService$AudioHandler) {31dcfc1} @ 31262245
    Looper (AudioService, tid 213) {5e15d74}
      (Total messages: 0, polling=true, quitting=false)

Fun with Flags:
	android.media.audio.autoPublicVolumeApiHardening:false
	android.media.audio.Flags.automaticBtDeviceType:true
	android.media.audio.featureSpatialAudioHeadtrackingLowLatency:false
	android.media.audio.focusFreezeTestApi:true
	com.android.media.audio.audioserverPermissions:false
	com.android.media.audio.disablePrescaleAbsoluteVolume:true
	com.android.media.audio.setStreamVolumeOrder:true
	android.media.audio.roForegroundAudioControl:true
	android.media.audio.scoManagedByAudio:false
	com.android.media.audio.vgsVssSyncMuteOrder:true
	com.android.media.audio.absVolumeIndexFix:false
Events log: Hardening enforcement
09-04 08:12:39:947 Focus request DENIED for uid:10329 clientId:android.media.AudioManager@d3bcee9com.android.cellbroadcastreceiver.CellBroadcastAlertAudio@cb8476e req:2 procState:10

MediaFocusControl dump time: 오후 6:31:29

Audio Focus stack entries (last is top of stack):

MultiFocusStack:
size:2
device:2
------------------------------
device = 0
------------------------------
device = 2
------------------------------


No external focus policy



 Notify on duck:  true

 In ring or call: false



Events log: focus commands as seen by MediaFocusControl
09-03 22:43:26:923 requestAudioFocus() from uid/pid 10048/3660 AA=USAGE_NOTIFICATION/CONTENT_TYPE_SONIFICATION clientId=android.media.AudioManager@ba3686a callingPack=com.android.systemui req=3 flags=0x0 sdk=35
09-03 22:43:29:349 abandonAudioFocus() from uid/pid 10048/3660 clientId=android.media.AudioManager@ba3686a callingPack=com.android.systemui
09-04 04:43:57:421 requestAudioFocus() from uid/pid 10048/3660 AA=USAGE_NOTIFICATION/CONTENT_TYPE_SONIFICATION clientId=android.media.AudioManager@24913c3 callingPack=com.android.systemui req=3 flags=0x0 sdk=35
09-04 04:43:59:818 abandonAudioFocus() from uid/pid 10048/3660 clientId=android.media.AudioManager@24913c3 callingPack=com.android.systemui
09-04 08:12:41:867 abandonAudioFocus() from uid/pid 10329/27382 clientId=android.media.AudioManager@d3bcee9com.android.cellbroadcastreceiver.CellBroadcastAlertAudio@cb8476e callingPack=com.google.android.cellbroadcastreceiver
09-04 10:46:34:685 requestAudioFocus() from uid/pid 10048/3660 AA=USAGE_NOTIFICATION/CONTENT_TYPE_SONIFICATION clientId=android.media.AudioManager@e1ff414 callingPack=com.android.systemui req=3 flags=0x0 sdk=35
09-04 10:46:37:069 abandonAudioFocus() from uid/pid 10048/3660 clientId=android.media.AudioManager@e1ff414 callingPack=com.android.systemui
09-04 14:42:34:671 requestAudioFocus() from uid/pid 10048/3660 AA=USAGE_NOTIFICATION/CONTENT_TYPE_SONIFICATION clientId=android.media.AudioManager@be5c22 callingPack=com.android.systemui req=3 flags=0x0 sdk=35
09-04 14:42:37:075 abandonAudioFocus() from uid/pid 10048/3660 clientId=android.media.AudioManager@be5c22 callingPack=com.android.systemui
09-04 14:47:55:334 requestAudioFocus() from uid/pid 10048/3660 AA=USAGE_NOTIFICATION/CONTENT_TYPE_SONIFICATION clientId=android.media.AudioManager@9cebd8e callingPack=com.android.systemui req=3 flags=0x0 sdk=35
09-04 14:47:57:734 abandonAudioFocus() from uid/pid 10048/3660 clientId=android.media.AudioManager@9cebd8e callingPack=com.android.systemui
09-04 14:59:40:442 abandonAudioFocus() from uid/pid 10123/22713 clientId=android.media.AudioManager@92e69cfcom.sec.android.app.camera.audio.e@21a4f5c callingPack=com.sec.android.app.camera
09-04 15:00:26:765 abandonAudioFocus() from uid/pid 10123/22713 clientId=android.media.AudioManager@92e69cfcom.sec.android.app.camera.audio.e@ff32e1a callingPack=com.sec.android.app.camera
09-04 15:04:50:679 abandonAudioFocus() from uid/pid 10123/22713 clientId=android.media.AudioManager@92e69cfcom.sec.android.app.camera.audio.e@1836d9c callingPack=com.sec.android.app.camera
09-04 15:05:20:565 abandonAudioFocus() from uid/pid 10123/28826 clientId=android.media.AudioManager@dc474fbcom.sec.android.app.camera.audio.e@d6c7918 callingPack=com.sec.android.app.camera
09-04 15:05:50:712 abandonAudioFocus() from uid/pid 10123/28826 clientId=android.media.AudioManager@dc474fbcom.sec.android.app.camera.audio.e@e4db0b8 callingPack=com.sec.android.app.camera
09-04 15:06:21:883 abandonAudioFocus() from uid/pid 10123/28826 clientId=android.media.AudioManager@dc474fbcom.sec.android.app.camera.audio.e@34d8015 callingPack=com.sec.android.app.camera
09-04 15:06:55:474 abandonAudioFocus() from uid/pid 10123/1902 clientId=android.media.AudioManager@4288e9bcom.sec.android.app.camera.audio.e@79a2238 callingPack=com.sec.android.app.camera
09-04 15:08:03:946 abandonAudioFocus() from uid/pid 10123/1902 clientId=android.media.AudioManager@4288e9bcom.sec.android.app.camera.audio.e@ed2075e callingPack=com.sec.android.app.camera
09-04 15:08:18:580 abandonAudioFocus() from uid/pid 10123/1902 clientId=android.media.AudioManager@4288e9bcom.sec.android.app.camera.audio.e@4581074 callingPack=com.sec.android.app.camera
09-04 15:08:38:064 abandonAudioFocus() from uid/pid 10123/1902 clientId=android.media.AudioManager@4288e9bcom.sec.android.app.camera.audio.e@88dae6f callingPack=com.sec.android.app.camera
09-04 15:09:25:513 abandonAudioFocus() from uid/pid 10123/1902 clientId=android.media.AudioManager@4288e9bcom.sec.android.app.camera.audio.e@9cf1c14 callingPack=com.sec.android.app.camera
09-04 15:09:56:406 abandonAudioFocus() from uid/pid 10123/10472 clientId=android.media.AudioManager@eac4fedcom.sec.android.app.camera.audio.e@e066e22 callingPack=com.sec.android.app.camera
09-04 15:10:21:737 abandonAudioFocus() from uid/pid 10123/10472 clientId=android.media.AudioManager@eac4fedcom.sec.android.app.camera.audio.e@60f53b1 callingPack=com.sec.android.app.camera
09-04 15:10:34:543 abandonAudioFocus() from uid/pid 10123/13012 clientId=android.media.AudioManager@c3eb458com.sec.android.app.camera.audio.e@5b5c9b1 callingPack=com.sec.android.app.camera
09-04 15:10:50:927 abandonAudioFocus() from uid/pid 10123/13012 clientId=android.media.AudioManager@c3eb458com.sec.android.app.camera.audio.e@b055fe5 callingPack=com.sec.android.app.camera
09-04 15:11:03:097 abandonAudioFocus() from uid/pid 10123/15509 clientId=android.media.AudioManager@5b5c9b1com.sec.android.app.camera.audio.e@1c0fe96 callingPack=com.sec.android.app.camera
09-04 15:11:25:650 abandonAudioFocus() from uid/pid 10123/15509 clientId=android.media.AudioManager@5b5c9b1com.sec.android.app.camera.audio.e@9432198 callingPack=com.sec.android.app.camera
09-04 15:11:45:382 abandonAudioFocus() from uid/pid 10123/15509 clientId=android.media.AudioManager@5b5c9b1com.sec.android.app.camera.audio.e@a5a4f47 callingPack=com.sec.android.app.camera
09-04 15:12:05:391 abandonAudioFocus() from uid/pid 10123/18962 clientId=android.media.AudioManager@873e388com.sec.android.app.camera.audio.e@bdb8121 callingPack=com.sec.android.app.camera
09-04 15:12:20:526 abandonAudioFocus() from uid/pid 10123/20898 clientId=android.media.AudioManager@573e707com.sec.android.app.camera.audio.e@927b034 callingPack=com.sec.android.app.camera
09-04 15:12:50:960 abandonAudioFocus() from uid/pid 10123/22912 clientId=android.media.AudioManager@e543946com.sec.android.app.camera.audio.e@573e707 callingPack=com.sec.android.app.camera
09-04 15:13:30:748 abandonAudioFocus() from uid/pid 10123/22912 clientId=android.media.AudioManager@e543946com.sec.android.app.camera.audio.e@f374e79 callingPack=com.sec.android.app.camera
09-04 15:13:55:791 abandonAudioFocus() from uid/pid 10123/22912 clientId=android.media.AudioManager@e543946com.sec.android.app.camera.audio.e@8ac190f callingPack=com.sec.android.app.camera
09-04 15:14:05:717 abandonAudioFocus() from uid/pid 10123/22912 clientId=android.media.AudioManager@e543946com.sec.android.app.camera.audio.e@560a62a callingPack=com.sec.android.app.camera
09-04 15:15:51:051 abandonAudioFocus() from uid/pid 10123/28939 clientId=android.media.AudioManager@3fbc17acom.sec.android.app.camera.audio.e@580bd2b callingPack=com.sec.android.app.camera
09-05 09:30:54:872 requestAudioFocus() from uid/pid 10329/17491 AA=USAGE_NOTIFICATION/CONTENT_TYPE_SONIFICATION clientId=android.media.AudioManager@58c5cbdcom.android.cellbroadcastreceiver.CellBroadcastAlertAudio@83342b2 callingPack=com.google.android.cellbroadcastreceiver req=2 flags=0x1 sdk=35
09-05 09:30:56:792 abandonAudioFocus() from uid/pid 10329/17491 clientId=android.media.AudioManager@58c5cbdcom.android.cellbroadcastreceiver.CellBroadcastAlertAudio@83342b2 callingPack=com.google.android.cellbroadcastreceiver
09-05 16:45:06:138 requestAudioFocus() from uid/pid 10281/14788 AA=USAGE_ASSISTANT/CONTENT_TYPE_UNKNOWN clientId=android.media.AudioManager@2032aa3dmam@f6901a0 callingPack=com.google.android.googlequicksearchbox req=4 flags=0x0 sdk=36
09-05 16:45:06:267 abandonAudioFocus() from uid/pid 10281/23871 clientId=android.media.AudioManager@3ccbadamxp@4bf9ee2 callingPack=com.google.android.googlequicksearchbox
09-05 16:45:14:118 abandonAudioFocus() from uid/pid 10281/14788 clientId=android.media.AudioManager@2032aa3dmam@f6901a0 callingPack=com.google.android.googlequicksearchbox
09-05 16:45:14:130 abandonAudioFocus() from uid/pid 10281/23871 clientId=android.media.AudioManager@3ccbadamxp@4bf9ee2 callingPack=com.google.android.googlequicksearchbox
09-05 16:45:14:338 abandonAudioFocus() from uid/pid 10281/23871 clientId=android.media.AudioManager@3ccbadamxp@4bf9ee2 callingPack=com.google.android.googlequicksearchbox
09-05 16:45:14:339 abandonAudioFocus() from uid/pid 10281/23871 clientId=android.media.AudioManager@3ccbadamxp@4bf9ee2 callingPack=com.google.android.googlequicksearchbox
09-07 18:26:49:999 requestAudioFocus() from uid/pid 10123/29843 AA=USAGE_MEDIA/CONTENT_TYPE_UNKNOWN clientId=android.media.AudioManager@4e462c1com.sec.android.app.camera.audio.e@d9b0a66 callingPack=com.sec.android.app.camera req=2 flags=0x0 sdk=35
09-07 18:26:51:506 abandonAudioFocus() from uid/pid 10123/29843 clientId=android.media.AudioManager@4e462c1com.sec.android.app.camera.audio.e@d9b0a66 callingPack=com.sec.android.app.camera
09-07 18:26:57:710 abandonAudioFocus() from uid/pid 10123/29843 clientId=android.media.AudioManager@4e462c1com.sec.android.app.camera.audio.e@d9b0a66 callingPack=com.sec.android.app.camera
09-07 18:27:45:310 abandonAudioFocus() from uid/pid 10123/31840 clientId=android.media.AudioManager@4c0ca02com.sec.android.app.camera.audio.e@32ecf13 callingPack=com.sec.android.app.camera
09-07 18:28:32:537 abandonAudioFocus() from uid/pid 10123/1941 clientId=android.media.AudioManager@1db21d7com.sec.android.app.camera.audio.e@1e71ac4 callingPack=com.sec.android.app.camera
09-07 18:29:22:553 abandonAudioFocus() from uid/pid 10123/1941 clientId=android.media.AudioManager@1db21d7com.sec.android.app.camera.audio.e@830c42e callingPack=com.sec.android.app.camera
Multi Audio Focus enabled :false
mIgnoredAudioFocusUid:-1

Stream volumes (device: index)
- STREAM_VOICE_CALL:
   Muted: false
   Muted Internally: false
   Min: 1
   Max: 8
   streamVolume:5
   Current: 1 (earpiece): 5, 20000000 (ble_headset): 5, 40000000 (default): 5
   Devices: earpiece(1)
   Volume Group: AUDIO_STREAM_VOICE_CALL

- STREAM_SYSTEM:
   Muted: true
   Muted Internally: false
   Min: 0
   Max: 15
   streamVolume:0
   Current: 1 (earpiece): 6, 2 (speaker): 6, 80 (bt_a2dp): 6, 100 (bt_a2dp_hp): 6, 200 (bt_a2dp_spk): 6, 40000000 (default): 6
   Devices: speaker(2)
   Volume Group: AUDIO_STREAM_SYSTEM

- STREAM_RING:
   Muted: true
   Muted Internally: false
   Min: 0
   Max: 15
   streamVolume:0
   Current: 2 (speaker): 11, 40000000 (default): 11
   Devices: speaker(2)
   Volume Group: AUDIO_STREAM_RING

- STREAM_MUSIC:
   Muted: false
   Muted Internally: false
   Min: 0
   Max: 15
   streamVolume:0
   Current: 1 (earpiece): 0\0, 2 (speaker): 0\0, 4 (headset): 8\80, 8 (headphone): 8\80, 80 (bt_a2dp): 8\80, 8000 (remote_submix): 15\150, 4000000 (usb_headset): 8\80, 20000000 (ble_headset): 7\70, 20000002 (ble_broadcast): 7\70, 40000000 (default): 7\70
   Devices: speaker(2)
   Volume Group: AUDIO_STREAM_MUSIC

- STREAM_ALARM:
   Muted: false
   Muted Internally: false
   Min: 1
   Max: 15
   streamVolume:11
   Current: 1 (earpiece): 11, 2 (speaker): 11, 40000000 (default): 11
   Devices: speaker(2)
   Volume Group: AUDIO_STREAM_ALARM

- STREAM_NOTIFICATION:
   Muted: true
   Muted Internally: false
   Min: 0
   Max: 15
   streamVolume:0
   Current: 1 (earpiece): 11, 2 (speaker): 11, 40000000 (default): 11
   Devices: speaker(2)
   Volume Group: AUDIO_STREAM_NOTIFICATION

- STREAM_BLUETOOTH_SCO:
   Muted: false
   Muted Internally: false
   Min: 0
   Max: 15
   streamVolume:7
   Current: 1 (earpiece): 7, 2 (speaker): 7, 40000000 (default): 7
   Devices: earpiece(1)
   Volume Group: AUDIO_STREAM_BLUETOOTH_SCO

- STREAM_SYSTEM_ENFORCED:
   Muted: false
   Muted Internally: false
   Min: 0
   Max: 15
   streamVolume:15
   Current: 1 (earpiece): 15, 2 (speaker): 15, 40000000 (default): 15
   Devices: speaker(2)
   Volume Group: AUDIO_STREAM_ENFORCED_AUDIBLE

- STREAM_DTMF (aliased to: STREAM_RING):
   Muted: true
   Muted Internally: false
   Min: 0
   Max: 15
   streamVolume:0
   Current: 2 (speaker): 11, 40000000 (default): 11
   Devices: speaker(2)
   Volume Group: AUDIO_STREAM_DTMF

- STREAM_TTS (aliased to: STREAM_MUSIC):
   Muted: false
   Muted Internally: false
   Min: 0
   Max: 15
   streamVolume:0
   Current: 1 (earpiece): 0, 2 (speaker): 0, 4 (headset): 8, 8 (headphone): 8, 80 (bt_a2dp): 8, 8000 (remote_submix): 15, 4000000 (usb_headset): 8, 20000000 (ble_headset): 7, 20000002 (ble_broadcast): 7, 40000000 (default): 7
   Devices: speaker(2)
   Volume Group: AUDIO_STREAM_TTS

- STREAM_ACCESSIBILITY (aliased to: STREAM_MUSIC):
   Muted: false
   Muted Internally: false
   Min: 1
   Max: 15
   streamVolume:1
   Current: 1 (earpiece): 1, 2 (speaker): 1, 4 (headset): 9, 8 (headphone): 9, 80 (bt_a2dp): 9, 8000 (remote_submix): 15, 4000000 (usb_headset): 9, 20000000 (ble_headset): 8, 20000002 (ble_broadcast): 8, 40000000 (default): 8
   Devices: speaker(2)
   Volume Group: AUDIO_STREAM_ACCESSIBILITY

- STREAM_ASSISTANT:
   Muted: false
   Muted Internally: false
   Min: 0
   Max: 15
   streamVolume:7
   Current: 1 (earpiece): 7, 2 (speaker): 7, 40000000 (default): 7
   Devices: speaker(2)
   Volume Group: AUDIO_STREAM_ASSISTANT


- mute affected streams = 0x6f

- user mutable streams = 0x2e

Volume Groups (device: index)
- VOLUME GROUP AUDIO_STREAM_ACCESSIBILITY:
   Muted: false
   Min: 1
   Max: 15
   Current: 1 (earpiece): 1, 2 (speaker): 1, 4 (headset): 9, 8 (headphone): 9, 80 (bt_a2dp): 9, 8000 (remote_submix): 15, 4000000 (usb_headset): 9, 20000000 (ble_headset): 7, 20000002 (ble_broadcast): 7, 40000000 (default): 8
   Devices: speaker
   Streams: STREAM_ACCESSIBILITY 
- VOLUME GROUP AUDIO_STREAM_ALARM:
   Muted: false
   Min: 1
   Max: 15
   Current: 40000000 (default): 11
   Devices: speaker
   Streams: STREAM_ALARM 
- VOLUME GROUP AUDIO_STREAM_BLUETOOTH_SCO:
   Muted: false
   Min: 0
   Max: 15
   Current: 40000000 (default): 7
   Devices: earpiece
   Streams: STREAM_BLUETOOTH_SCO 
- VOLUME GROUP AUDIO_STREAM_DTMF:
   Muted: false
   Min: 0
   Max: 15
   Current: 2 (speaker): 11, 40000000 (default): 11
   Devices: speaker
   Streams: STREAM_DTMF 
- VOLUME GROUP AUDIO_STREAM_ENFORCED_AUDIBLE:
   Muted: false
   Min: 0
   Max: 15
   Current: 40000000 (default): 14
   Devices: speaker
   Streams: STREAM_SYSTEM_ENFORCED 
- VOLUME GROUP AUDIO_STREAM_MUSIC:
   Muted: false
   Min: 0
   Max: 15
   Current: 1 (earpiece): 0, 2 (speaker): 0, 4 (headset): 8, 8 (headphone): 8, 80 (bt_a2dp): 8, 8000 (remote_submix): 15, 4000000 (usb_headset): 8, 20000000 (ble_headset): 7, 20000002 (ble_broadcast): 7, 40000000 (default): 7
   Devices: speaker
   Streams: STREAM_MUSIC 
- VOLUME GROUP AUDIO_STREAM_NOTIFICATION:
   Muted: true
   Min: 0
   Max: 15
   Current: 2 (speaker): 11, 40000000 (default): 11
   Devices: speaker
   Streams: STREAM_NOTIFICATION 
- VOLUME GROUP AUDIO_STREAM_PATCH:
   Muted: false
   Min: 0
   Max: 15
   Current: 40000000 (default): 7
   Devices: speaker
   Streams: UNKNOWN_STREAM_13 
- VOLUME GROUP AUDIO_STREAM_REROUTING:
   Muted: false
   Min: 0
   Max: 15
   Current: 40000000 (default): 7
   Devices: speaker
   Streams: UNKNOWN_STREAM_12 
- VOLUME GROUP AUDIO_STREAM_RING:
   Muted: true
   Min: 0
   Max: 15
   Current: 2 (speaker): 11, 40000000 (default): 11
   Devices: speaker
   Streams: STREAM_RING 
- VOLUME GROUP AUDIO_STREAM_SYSTEM:
   Muted: true
   Min: 0
   Max: 15
   Current: 2 (speaker): 6, 80 (bt_a2dp): 6, 100 (bt_a2dp_hp): 6, 200 (bt_a2dp_spk): 6, 40000000 (default): 6
   Devices: speaker
   Streams: STREAM_SYSTEM 
- VOLUME GROUP AUDIO_STREAM_TTS:
   Muted: false
   Min: 0
   Max: 15
   Current: 1 (earpiece): 0, 2 (speaker): 0, 4 (headset): 8, 8 (headphone): 8, 80 (bt_a2dp): 8, 8000 (remote_submix): 15, 4000000 (usb_headset): 8, 20000000 (ble_headset): 7, 20000002 (ble_broadcast): 7, 40000000 (default): 7
   Devices: speaker
   Streams: STREAM_TTS 
- VOLUME GROUP AUDIO_STREAM_VOICE_CALL:
   Muted: false
   Min: 1
   Max: 8
   Current: 20000000 (ble_headset): 5, 40000000 (default): 5
   Devices: earpiece
   Streams: STREAM_VOICE_CALL 
- VOLUME GROUP AUDIO_STREAM_ASSISTANT:
   Muted: false
   Min: 0
   Max: 15
   Current: 40000000 (default): 7
   Devices: speaker
   Streams: STREAM_ASSISTANT 
- VOLUME GROUP AUDIO_STREAM_CALL_ASSISTANT:
   Muted: false
   Min: 0
   Max: 15
   Current: 40000000 (default): 7
   Devices: speaker
   Streams: UNKNOWN_STREAM_14 

Ringer mode: 
- mode (internal) = VIBRATE
- mode (external) = VIBRATE
- zen mode:ZEN_MODE_OFF
- ringer mode affected streams = 0x126 (STREAM_SYSTEM,STREAM_RING,STREAM_NOTIFICATION,STREAM_DTMF)
- ringer mode muted streams = 0x126 (STREAM_SYSTEM,STREAM_RING,STREAM_NOTIFICATION,STREAM_DTMF)
- delegate = SamsungRingerModeDelegate

Audio mode: 
- Requested mode = MODE_NORMAL
- Actual mode = MODE_NORMAL
- Mode owner: 
   None
- Mode owner stack: 
   Empty

Audio routes:
  mMainType=0x0
  mBluetoothName=null

Other state:
  mUseVolumeGroupAliases=false
  mVolumeController=VolumeController(android.os.BinderProxy@3980816,mVisible=false)
  mEnableCsd=false
  mSafeMediaVolumeState=SAFE_MEDIA_VOLUME_DISABLED
  mSafeMediaVolumeIndex=90
  mSafeMediaVolumeIndex[4]=90
  mSafeMediaVolumeIndex[8]=90
  mSafeMediaVolumeIndex[128]=90
  mSafeMediaVolumeIndex[256]=90
  mSafeMediaVolumeIndex[16384]=90
  mSafeMediaVolumeIndex[67108864]=90
  mSafeMediaVolumeIndex[134217728]=90
  mSafeMediaVolumeIndex[536870912]=90
  mSafeMediaVolumeIndex[536870914]=90
  mSafeMediaVolumeDbfs=-37.0
  mMusicActiveMs=0
  mMcc=450
  mPendingVolumeCommand=null

Events log: CSD updates


  SEC_AUDIO_SAFE_MEDIA_VOLUME=false
  SEC_AUDIO_SAFE_VOLUME_COUNTRY=false
  mIsVolumeEffectOn=false

Events log: Ear shock level history

  sIndependentA11yVolume=false
  mCameraSoundForced=true
  mHasVibrator=true
  mVolumePolicy=VolumePolicy[volumeDownToEnterSilent=false,volumeUpToExitSilent=true,doNotDisturbWhenSilent=true,vibrateToSilentDebounce=400]
  mAvrcpAbsVolSupported=false
  mBtScoOnByApp=false
  mIsSingleVolume=false
  mUseFixedVolume=false
  mNotifAliasRing=false
  mFixedVolumeDevices=
  mFullVolumeDevices=0x40000,0x40001
  absolute volume devices=
  adjust-only absolute volume devices=
  pre-scale for bluetooth absolute volume = disabled
  mExtVolumeController=null
  mHdmiAudioSystemClient=null
  mHdmiPlaybackClient=null
  mHdmiTvClient=null
  mHdmiSystemAudioSupported=false
  mHdmiCecVolumeControlEnabled=false
  mIsCallScreeningModeSupported=true
  mic mute FromSwitch=false FromRestrictions=false FromApi=false from system=false
  mMasterMute=false
  No accessibility service Uids.
  Assistant service UIDs:
  - 10281
  supportsBluetoothVariableLatency=false
  isBluetoothVariableLatencyEnabled=true

Audio policies:
Events log: dynamic policy events (logged when command received by AudioService)

PlaybackActivityMonitor dump time: 오후 6:31:29

  playback listeners:
 PlayMonitorClient:S uid:1000 pid:2545
 PlayMonitorClient:S uid:1000 pid:2545
 PlayMonitorClient:S uid:10048 pid:3660
 PlayMonitorClient:S uid:1000 pid:5279



  players:
  AudioPlaybackConfiguration piid:63 deviceId:0 type:android.media.SoundPool u/pid:1000/2545 state:idle attr:AudioAttributes: usage=USAGE_VOICE_COMMUNICATION content=CONTENT_TYPE_SPEECH flags=0x800 tags=stv_call_connection bundle=null sessionId:0 mutedState:none  FormatInfo{isSpatialized=false, channelMask=0x0, sampleRate=0}
  AudioPlaybackConfiguration piid:71 deviceId:0 type:android.media.SoundPool u/pid:1000/2545 state:idle attr:AudioAttributes: usage=USAGE_ASSISTANCE_SONIFICATION content=CONTENT_TYPE_SONIFICATION flags=0x800 tags= bundle=null sessionId:0 mutedState:none  FormatInfo{isSpatialized=false, channelMask=0x0, sampleRate=0}
  AudioPlaybackConfiguration piid:79 deviceId:0 type:android.media.SoundPool u/pid:10048/3660 state:idle attr:AudioAttributes: usage=USAGE_ASSISTANCE_SONIFICATION content=CONTENT_TYPE_SONIFICATION flags=0x800 tags= bundle=null sessionId:0 mutedState:none  FormatInfo{isSpatialized=false, channelMask=0x0, sampleRate=0}
  AudioPlaybackConfiguration piid:87 deviceId:0 type:android.media.SoundPool u/pid:10048/3660 state:idle attr:AudioAttributes: usage=USAGE_ASSISTANCE_SONIFICATION content=CONTENT_TYPE_SONIFICATION flags=0x800 tags= bundle=null sessionId:0 mutedState:none  FormatInfo{isSpatialized=false, channelMask=0x0, sampleRate=0}
  AudioPlaybackConfiguration piid:95 deviceId:0 type:android.media.SoundPool u/pid:1000/2545 state:idle attr:AudioAttributes: usage=USAGE_ASSISTANCE_SONIFICATION content=CONTENT_TYPE_SONIFICATION flags=0x801 tags=VIRTUAL_VIB_SOUND bundle=null sessionId:0 mutedState:none  FormatInfo{isSpatialized=false, channelMask=0x0, sampleRate=0}
  AudioPlaybackConfiguration piid:103 deviceId:0 type:android.media.SoundPool u/pid:10219/6744 state:idle attr:AudioAttributes: usage=USAGE_ASSISTANCE_SONIFICATION content=CONTENT_TYPE_SONIFICATION flags=0x800 tags=stv_keyboard bundle=null sessionId:0 mutedState:none  FormatInfo{isSpatialized=false, channelMask=0x0, sampleRate=0}

  ducked players piids:

  faded out players piids:

  muted player piids due to call/ring:

  banned uids:


  muted players (piids) awaiting device connection:

Events log: playback activity as reported through PlayerBase
09-04 15:08:25:404 new player piid:367 uid/pid:10123/1902 package:com.sec.android.app.camera type:android.media.SoundPool attr:AudioAttributes: usage=USAGE_ASSISTANCE_SONIFICATION content=CONTENT_TYPE_SONIFICATION flags=0x801 tags=;CAMERA bundle=null session:0
09-04 15:08:30:699 player piid:367 event:started
09-04 15:08:38:058 releasing player piid:367, uid:10123
09-04 15:09:00:662 new player piid:383 uid/pid:10123/1902 package:com.sec.android.app.camera type:android.media.SoundPool attr:AudioAttributes: usage=USAGE_ASSISTANCE_SONIFICATION content=CONTENT_TYPE_SONIFICATION flags=0x801 tags=;CAMERA bundle=null session:0
09-04 15:09:20:900 player piid:383 event:started
09-04 15:09:25:509 releasing player piid:383, uid:10123
09-04 15:09:40:611 new player piid:399 uid/pid:10123/10472 package:com.sec.android.app.camera type:android.media.SoundPool attr:AudioAttributes: usage=USAGE_ASSISTANCE_SONIFICATION content=CONTENT_TYPE_SONIFICATION flags=0x801 tags=;CAMERA bundle=null session:0
09-04 15:09:42:896 player piid:399 event:started
09-04 15:09:56:396 releasing player piid:399, uid:10123
09-04 15:10:12:598 new player piid:415 uid/pid:10123/10472 package:com.sec.android.app.camera type:android.media.SoundPool attr:AudioAttributes: usage=USAGE_ASSISTANCE_SONIFICATION content=CONTENT_TYPE_SONIFICATION flags=0x801 tags=;CAMERA bundle=null session:0
09-04 15:10:17:880 player piid:415 event:started
09-04 15:10:21:731 releasing player piid:415, uid:10123
09-04 15:10:26:615 new player piid:431 uid/pid:10123/13012 package:com.sec.android.app.camera type:android.media.SoundPool attr:AudioAttributes: usage=USAGE_ASSISTANCE_SONIFICATION content=CONTENT_TYPE_SONIFICATION flags=0x801 tags=;CAMERA bundle=null session:0
09-04 15:10:27:938 player piid:431 event:started
09-04 15:10:34:537 releasing player piid:431, uid:10123
09-04 15:10:42:594 new player piid:447 uid/pid:10123/13012 package:com.sec.android.app.camera type:android.media.SoundPool attr:AudioAttributes: usage=USAGE_ASSISTANCE_SONIFICATION content=CONTENT_TYPE_SONIFICATION flags=0x801 tags=;CAMERA bundle=null session:0
09-04 15:10:44:144 player piid:447 event:started
09-04 15:10:50:921 releasing player piid:447, uid:10123
09-04 15:11:00:188 new player piid:463 uid/pid:10123/15509 package:com.sec.android.app.camera type:android.media.SoundPool attr:AudioAttributes: usage=USAGE_ASSISTANCE_SONIFICATION content=CONTENT_TYPE_SONIFICATION flags=0x801 tags=;CAMERA bundle=null session:0
09-04 15:11:01:629 player piid:463 event:started
09-04 15:11:03:093 releasing player piid:463, uid:10123
09-04 15:11:15:964 new player piid:479 uid/pid:10123/15509 package:com.sec.android.app.camera type:android.media.SoundPool attr:AudioAttributes: usage=USAGE_ASSISTANCE_SONIFICATION content=CONTENT_TYPE_SONIFICATION flags=0x801 tags=;CAMERA bundle=null session:0
09-04 15:11:21:224 player piid:479 event:started
09-04 15:11:25:642 releasing player piid:479, uid:10123
09-04 15:11:33:211 new player piid:495 uid/pid:10123/15509 package:com.sec.android.app.camera type:android.media.SoundPool attr:AudioAttributes: usage=USAGE_ASSISTANCE_SONIFICATION content=CONTENT_TYPE_SONIFICATION flags=0x801 tags=;CAMERA bundle=null session:0
09-04 15:11:40:980 player piid:495 event:started
09-04 15:11:45:376 releasing player piid:495, uid:10123
09-04 15:11:55:427 new player piid:511 uid/pid:10123/18962 package:com.sec.android.app.camera type:android.media.SoundPool attr:AudioAttributes: usage=USAGE_ASSISTANCE_SONIFICATION content=CONTENT_TYPE_SONIFICATION flags=0x801 tags=;CAMERA bundle=null session:0
09-04 15:11:57:288 player piid:511 event:started
09-04 15:12:05:385 releasing player piid:511, uid:10123
09-04 15:12:10:807 new player piid:527 uid/pid:10123/20898 package:com.sec.android.app.camera type:android.media.SoundPool attr:AudioAttributes: usage=USAGE_ASSISTANCE_SONIFICATION content=CONTENT_TYPE_SONIFICATION flags=0x801 tags=;CAMERA bundle=null session:0
09-04 15:12:13:587 player piid:527 event:started
09-04 15:12:20:517 releasing player piid:527, uid:10123
09-04 15:12:30:528 new player piid:543 uid/pid:10123/22912 package:com.sec.android.app.camera type:android.media.SoundPool attr:AudioAttributes: usage=USAGE_ASSISTANCE_SONIFICATION content=CONTENT_TYPE_SONIFICATION flags=0x801 tags=;CAMERA bundle=null session:0
09-04 15:12:41:010 player piid:543 event:started
09-04 15:12:50:953 releasing player piid:543, uid:10123
09-04 15:13:10:537 new player piid:559 uid/pid:10123/22912 package:com.sec.android.app.camera type:android.media.SoundPool attr:AudioAttributes: usage=USAGE_ASSISTANCE_SONIFICATION content=CONTENT_TYPE_SONIFICATION flags=0x801 tags=;CAMERA bundle=null session:0
09-04 15:13:21:225 player piid:559 event:started
09-04 15:13:30:741 releasing player piid:559, uid:10123
09-04 15:13:40:157 new player piid:575 uid/pid:10123/22912 package:com.sec.android.app.camera type:android.media.SoundPool attr:AudioAttributes: usage=USAGE_ASSISTANCE_SONIFICATION content=CONTENT_TYPE_SONIFICATION flags=0x801 tags=;CAMERA bundle=null session:0
09-04 15:13:50:896 player piid:575 event:started
09-04 15:13:55:783 releasing player piid:575, uid:10123
09-04 15:14:01:246 new player piid:591 uid/pid:10123/22912 package:com.sec.android.app.camera type:android.media.SoundPool attr:AudioAttributes: usage=USAGE_ASSISTANCE_SONIFICATION content=CONTENT_TYPE_SONIFICATION flags=0x801 tags=;CAMERA bundle=null session:0
09-04 15:14:05:712 releasing player piid:591, uid:10123
09-04 15:15:08:276 player piid:87 event:started
09-04 15:15:10:494 new player piid:607 uid/pid:10123/28939 package:com.sec.android.app.camera type:android.media.SoundPool attr:AudioAttributes: usage=USAGE_ASSISTANCE_SONIFICATION content=CONTENT_TYPE_SONIFICATION flags=0x801 tags=;CAMERA bundle=null session:0
09-04 15:15:30:951 player piid:607 event:started
09-04 15:15:31:907 player piid:607 event:started
09-04 15:15:32:772 player piid:607 event:started
09-04 15:15:33:746 player piid:607 event:started
09-04 15:15:34:706 player piid:607 event:started
09-04 15:15:35:633 player piid:607 event:started
09-04 15:15:36:638 player piid:607 event:started
09-04 15:15:37:771 player piid:607 event:started
09-04 15:15:38:866 player piid:607 event:started
09-04 15:15:39:868 player piid:607 event:started
09-04 15:15:51:046 releasing player piid:607, uid:10123
09-04 15:32:31:326 player piid:87 event:started
09-05 02:41:17:684 new player piid:623 uid/pid:10365/14361 package:com.kakao.talk type:android.media.MediaPlayer attr:AudioAttributes: usage=USAGE_UNKNOWN content=CONTENT_TYPE_UNKNOWN flags=0x800 tags= bundle=null session:849
09-05 02:41:17:706 releasing player piid:623, uid:10365
09-05 03:17:11:275 new player piid:631 uid/pid:10365/15100 package:com.kakao.talk type:android.media.MediaPlayer attr:AudioAttributes: usage=USAGE_UNKNOWN content=CONTENT_TYPE_UNKNOWN flags=0x800 tags= bundle=null session:857
09-05 03:17:11:291 releasing player piid:631, uid:10365
09-05 09:30:54:855 new player piid:639 uid/pid:10329/17491 package:com.google.android.cellbroadcastreceiver type:android.media.MediaPlayer attr:AudioAttributes: usage=USAGE_UNKNOWN content=CONTENT_TYPE_UNKNOWN flags=0x800 tags= bundle=null session:881
09-05 09:30:54:873 player piid:639 new AudioAttributes:AudioAttributes: usage=USAGE_NOTIFICATION content=CONTENT_TYPE_SONIFICATION flags=0x800 tags= bundle=null
09-05 09:30:54:901 player piid:639 event:started
09-05 09:30:54:944 port updated portId:142 mapped to player piid:639
09-05 09:30:54:947 player piid:639 format update:FormatInfo{isSpatialized=false, channelMask=0x20000003, sampleRate=48000}
09-05 09:30:54:962 player piid:639 event:device updated deviceId:3
09-05 09:30:56:769 player piid:639 event:stopped
09-05 09:30:56:772 player piid:639 event:stopped
09-05 09:30:56:773 releasing player piid:639, uid:10329
09-05 16:45:03:468 player piid:87 event:started
09-06 03:01:48:940 new player piid:655 uid/pid:10365/30139 package:com.kakao.talk type:android.media.MediaPlayer attr:AudioAttributes: usage=USAGE_UNKNOWN content=CONTENT_TYPE_UNKNOWN flags=0x800 tags= bundle=null session:937
09-06 03:01:48:954 releasing player piid:655, uid:10365
09-07 03:02:14:024 new player piid:663 uid/pid:10365/20750 package:com.kakao.talk type:android.media.MediaPlayer attr:AudioAttributes: usage=USAGE_UNKNOWN content=CONTENT_TYPE_UNKNOWN flags=0x800 tags= bundle=null session:1009
09-07 03:02:14:037 releasing player piid:663, uid:10365
09-07 18:21:54:453 new player piid:679 uid/pid:10048/3660 package:com.sec.android.dexsystemui type:android.media.MediaPlayer attr:AudioAttributes: usage=USAGE_UNKNOWN content=CONTENT_TYPE_UNKNOWN flags=0x800 tags= bundle=null session:1073
09-07 18:21:54:453 player piid:679 new AudioAttributes:AudioAttributes: usage=USAGE_ASSISTANCE_SONIFICATION content=CONTENT_TYPE_SONIFICATION flags=0x800 tags=stv_charger_connection;FAST_TRACK bundle=null
09-07 18:21:54:533 player piid:679 event:started
09-07 18:21:54:612 port updated portId:147 mapped to player piid:679
09-07 18:21:54:619 player piid:679 format update:FormatInfo{isSpatialized=false, channelMask=0x3, sampleRate=48000}
09-07 18:21:54:626 player piid:679 event:device updated deviceId:3
09-07 18:21:54:668 player piid:679 event:muted updated source:streamVolume 
09-07 18:21:55:897 player piid:679 event:stopped
09-07 18:21:55:898 releasing player piid:679, uid:10048
09-07 18:26:40:120 new player piid:687 uid/pid:10123/29843 package:com.sec.android.app.camera type:android.media.SoundPool attr:AudioAttributes: usage=USAGE_ASSISTANCE_SONIFICATION content=CONTENT_TYPE_SONIFICATION flags=0x801 tags=;CAMERA bundle=null session:0
09-07 18:26:50:056 player piid:687 event:started
09-07 18:26:57:706 releasing player piid:687, uid:10123
09-07 18:27:19:901 new player piid:719 uid/pid:10123/31840 package:com.sec.android.app.camera type:android.media.SoundPool attr:AudioAttributes: usage=USAGE_ASSISTANCE_SONIFICATION content=CONTENT_TYPE_SONIFICATION flags=0x801 tags=;CAMERA bundle=null session:0
09-07 18:27:30:364 player piid:719 event:started
09-07 18:27:31:528 player piid:719 event:started
09-07 18:27:45:304 releasing player piid:719, uid:10123
09-07 18:28:00:322 new player piid:735 uid/pid:10123/1941 package:com.sec.android.app.camera type:android.media.SoundPool attr:AudioAttributes: usage=USAGE_ASSISTANCE_SONIFICATION content=CONTENT_TYPE_SONIFICATION flags=0x801 tags=;CAMERA bundle=null session:0
09-07 18:28:12:262 player piid:735 event:started
09-07 18:28:12:797 player piid:735 event:started
09-07 18:28:32:531 releasing player piid:735, uid:10123
09-07 18:29:02:099 new player piid:751 uid/pid:10123/1941 package:com.sec.android.app.camera type:android.media.SoundPool attr:AudioAttributes: usage=USAGE_ASSISTANCE_SONIFICATION content=CONTENT_TYPE_SONIFICATION flags=0x801 tags=;CAMERA bundle=null session:0
09-07 18:29:13:255 player piid:751 event:started
09-07 18:29:13:556 player piid:751 event:started
09-07 18:29:22:547 releasing player piid:751, uid:10123

  allowed capture policies:

RecordActivityMonitor dump time: 오후 6:31:29


Events log: recording activity received by AudioService
09-04 14:59:16:758 rec update riid:231 uid:10123 session:401 src:HOTWORD not silenced pack:com.sec.android.app.camera
09-04 14:59:51:081 rec update riid:247 uid:10123 session:409 src:HOTWORD not silenced pack:com.sec.android.app.camera
09-04 15:04:30:963 rec update riid:263 uid:10123 session:425 src:HOTWORD not silenced pack:com.sec.android.app.camera
09-04 15:05:01:366 rec update riid:279 uid:10123 session:441 src:HOTWORD not silenced pack:com.sec.android.app.camera
09-04 15:05:31:645 rec update riid:295 uid:10123 session:457 src:HOTWORD not silenced pack:com.sec.android.app.camera
09-04 15:06:10:711 rec update riid:311 uid:10123 session:473 src:HOTWORD not silenced pack:com.sec.android.app.camera
09-04 15:06:51:187 rec update riid:327 uid:10123 session:497 src:HOTWORD not silenced pack:com.sec.android.app.camera
09-04 15:07:52:449 rec update riid:343 uid:10123 session:505 src:HOTWORD not silenced pack:com.sec.android.app.camera
09-04 15:08:11:278 rec update riid:359 uid:10123 session:521 src:HOTWORD not silenced pack:com.sec.android.app.camera
09-04 15:08:26:164 rec update riid:375 uid:10123 session:537 src:HOTWORD not silenced pack:com.sec.android.app.camera
09-04 15:09:01:419 rec update riid:391 uid:10123 session:561 src:HOTWORD not silenced pack:com.sec.android.app.camera
09-04 15:09:41:393 rec update riid:407 uid:10123 session:577 src:HOTWORD not silenced pack:com.sec.android.app.camera
09-04 15:10:13:349 rec update riid:423 uid:10123 session:593 src:HOTWORD not silenced pack:com.sec.android.app.camera
09-04 15:10:27:386 rec update riid:439 uid:10123 session:609 src:HOTWORD not silenced pack:com.sec.android.app.camera
09-04 15:10:43:351 rec update riid:455 uid:10123 session:625 src:HOTWORD not silenced pack:com.sec.android.app.camera
09-04 15:11:00:968 rec update riid:471 uid:10123 session:641 src:HOTWORD not silenced pack:com.sec.android.app.camera
09-04 15:11:16:718 rec update riid:487 uid:10123 session:657 src:HOTWORD not silenced pack:com.sec.android.app.camera
09-04 15:11:33:978 rec update riid:503 uid:10123 session:673 src:HOTWORD not silenced pack:com.sec.android.app.camera
09-04 15:11:56:201 rec update riid:519 uid:10123 session:689 src:HOTWORD not silenced pack:com.sec.android.app.camera
09-04 15:12:11:595 rec update riid:535 uid:10123 session:705 src:HOTWORD not silenced pack:com.sec.android.app.camera
09-04 15:12:31:308 rec update riid:551 uid:10123 session:721 src:HOTWORD not silenced pack:com.sec.android.app.camera
09-04 15:13:11:296 rec update riid:567 uid:10123 session:737 src:HOTWORD not silenced pack:com.sec.android.app.camera
09-04 15:13:40:915 rec update riid:583 uid:10123 session:753 src:HOTWORD not silenced pack:com.sec.android.app.camera
09-04 15:14:02:006 rec update riid:599 uid:10123 session:769 src:HOTWORD not silenced pack:com.sec.android.app.camera
09-04 15:15:11:267 rec update riid:615 uid:10123 session:777 src:HOTWORD not silenced pack:com.sec.android.app.camera
09-05 16:45:05:800 rec start riid:647 uid:10281 session:913 src:VOICE_RECOGNITION not silenced pack:com.google.android.googlequicksearchbox
09-05 16:45:14:134 rec stop riid:647 uid:10281 session:913 src:VOICE_RECOGNITION not silenced pack:com.google.android.googlequicksearchbox
09-07 18:26:40:921 rec update riid:695 uid:10123 session:1081 src:HOTWORD not silenced pack:com.sec.android.app.camera
09-07 18:26:50:858 rec update riid:703 uid:10123 session:1097 src:CAMCORDER not silenced pack:com.sec.android.app.camera
09-07 18:26:51:175 rec stop riid:703 uid:10123 session:1097 src:CAMCORDER not silenced pack:com.sec.android.app.camera
09-07 18:26:52:230 rec update riid:711 uid:10123 session:1105 src:HOTWORD not silenced pack:com.sec.android.app.camera
09-07 18:27:20:681 rec update riid:727 uid:10123 session:1113 src:HOTWORD not silenced pack:com.sec.android.app.camera
09-07 18:28:01:110 rec update riid:743 uid:10123 session:1137 src:HOTWORD not silenced pack:com.sec.android.app.camera
09-07 18:29:02:857 rec update riid:759 uid:10123 session:1161 src:HOTWORD not silenced pack:com.sec.android.app.camera

AudioDeviceBroker:
  Message handler (watch for unhandled messages):
    Handler (com.android.server.audio.AudioDeviceBroker$BrokerHandler) {9447366} @ 31262273
      Looper (AudioDeviceBroker, tid 209) {604a0e3}
        (Total messages: 0, polling=true, quitting=false)

  BECOMING_NOISY_INTENT_DEVICES_SET=
 0x400 0x800 0x8000000 0x20000000 0x80 0x100 0x200 0x2000 0x4000 0x4000000 0x20000001 0x20000 0x20000002 0x4 0x8
  Preferred devices for strategy:

  Non-default devices for strategy:

  Connected devices:
    [DeviceInfo: type:0x2 (speaker) name:speaker addr: identity addr: codec: 0 group:-1 peer addr: peer identity addr: disabled modes: {}]

  APM Connected device (A2DP sink only):

  mBluetoothDualModeEnabled = false

  Preferred devices for capture preset:

  Applied devices roles for strategies (from API):

  Applied devices roles for strategies (internal):

  Applied devices roles for presets (from API):

  Applied devices roles for presets (internal:

devices:

	type: 2 internal type: 0x2 addr:  bt audio type: AUDIO_DEVICE_CATEGORY_UNKNOWN enabled: true HT: false HTenabled: false

	type: 4 internal type: 0x8 addr:  bt audio type: AUDIO_DEVICE_CATEGORY_UNKNOWN enabled: true HT: false HTenabled: false


  Communication route clients:

  Computed Preferred communication device: null

  Applied Preferred communication device: null
  Active communication device: AudioDeviceAttributes: role:output type:earpiece addr: name:SM-S928N profiles:[{ENCODING_PCM_16BIT, sampling rates=[48000], channel masks=0x04, encapsulation type=0}] descriptors:[]
  mCommunicationStrategyId: 14
  mAccessibilityStrategyId: 17

  mAudioModeOwner: AudioModeInfo: mMode=MODE_NORMAL, mPid=0, mUid=0

  mScoManagedByAudio: false

  mBluetoothHeadset: null
  mBluetoothHeadsetDevice: null
  mScoAudioState: SCO_STATE_INACTIVE
  mScoAudioMode: SCO_MODE_VIRTUAL_CALL

  mHearingAid: null

  mLeAudio: null
  mA2dp: null
  mAvrcpAbsVolSupported: false

SoundEffects:
  Message handler (watch for unhandled messages):
  Handler (com.android.server.audio.SoundEffectsHelper$SfxHandler) {43266a7} @ 31262274
    Looper (AS.SfxWorker, tid 212) {e6c754}
      (Total messages: 0, polling=true, quitting=false)
  Default attenuation (dB): -6
Events log: Sound Effects Loading
09-02 16:38:56:576 effects loading started
09-02 16:38:56:584 effect TW_Touch.ogg loaded
09-02 16:38:56:585 effect Effect_Tick.ogg loaded
09-02 16:38:56:589 effect TW_SIP.ogg loaded
09-02 16:38:56:589 effect KeypressInvalid_1.ogg loaded
09-02 16:38:56:593 effect S_HW_Touch.ogg loaded
09-02 16:38:56:594 effect TW_Silent_mode_off.ogg loaded
09-02 16:38:56:595 effect Timepicker_scroll.ogg loaded
09-02 16:38:56:599 effect picker_fast.ogg loaded
09-02 16:38:56:599 effect picker_slow.ogg loaded
09-02 16:38:56:601 effect Detach.ogg loaded
09-02 16:38:56:601 effects loading completed
09-02 16:38:57:687 effects unloading started
09-02 16:38:57:688 effects unloading completed
09-02 16:38:57:688 effects loading started
09-02 16:38:57:692 effect TW_Touch.ogg loaded
09-02 16:38:57:692 effect Effect_Tick.ogg loaded
09-02 16:38:57:694 effect TW_SIP.ogg loaded
09-02 16:38:57:697 effect KeypressInvalid_1.ogg loaded
09-02 16:38:57:697 effect TW_Silent_mode_off.ogg loaded
09-02 16:38:57:699 effect Timepicker_scroll.ogg loaded
09-02 16:38:57:699 effect S_HW_Touch.ogg loaded
09-02 16:38:57:701 effect picker_fast.ogg loaded
09-02 16:38:57:701 effect picker_slow.ogg loaded
09-02 16:38:57:702 effect Detach.ogg loaded
09-02 16:38:57:702 effects loading completed



Event logs:
Events log: phone state (logged after successful call to AudioSystem.setPhoneState(int, int))


Events log: wired/A2DP/hearing aid device connection
09-02 16:38:56:002 synchronizeDeviceProfilesInInventory synced device pair ads1=type: 2 internal type: 0x2 addr:  bt audio type: AUDIO_DEVICE_CATEGORY_UNKNOWN enabled: true HT: false HTenabled: false ads2=type: 4 internal type: 0x8 addr:  bt audio type: AUDIO_DEVICE_CATEGORY_UNKNOWN enabled: true HT: false HTenabled: false
09-02 16:38:56:002 synchronizeDeviceProfilesInInventory synced device pair ads1=type: 4 internal type: 0x8 addr:  bt audio type: AUDIO_DEVICE_CATEGORY_UNKNOWN enabled: true HT: false HTenabled: false ads2=type: 2 internal type: 0x2 addr:  bt audio type: AUDIO_DEVICE_CATEGORY_UNKNOWN enabled: true HT: false HTenabled: false
09-02 16:38:56:560 updateCommunicationRoute, preferredCommunicationDevice: null eventSource: resetBluetoothSco
09-02 16:38:57:575 removePreferredDevicesForStrategy strat:19
09-02 16:38:59:559 updateCommunicationRoute, preferredCommunicationDevice: null eventSource: resetBluetoothSco


Events log: force use (logged before setForceUse() is executed)
09-02 16:38:55:903 setForceUse(FOR_ENCODED_SURROUND, FORCE_NONE) due to readPersistedSettings
09-02 16:38:55:903 setForceUse(FOR_DOCK, FORCE_DIGITAL_DOCK) due to readDockAudioSettings
09-02 16:38:56:002 setForceUse(FOR_SYSTEM, FORCE_NONE) due to AudioService ctor
09-02 16:38:56:038 setForceUse(FOR_VIBRATE_RINGING, FORCE_NONE) due to muteRingerModeStreams() from u/pid:1000/2545
09-02 16:38:56:577 setForceUse(FOR_VIBRATE_RINGING, FORCE_NONE) due to muteRingerModeStreams() from u/pid:1000/2545
09-02 16:38:57:396 setForceUse(FOR_DOCK, FORCE_DIGITAL_DOCK) due to readDockAudioSettings
09-02 16:38:57:396 setForceUse(FOR_ENCODED_SURROUND, FORCE_NONE) due to readPersistedSettings
09-02 16:38:57:480 setForceUse(FOR_VIBRATE_RINGING, FORCE_NONE) due to muteRingerModeStreams() from u/pid:1000/2545
09-02 16:38:59:300 setForceUse(FOR_VIBRATE_RINGING, FORCE_NONE) due to muteRingerModeStreams() from u/pid:1000/2545
09-02 16:38:59:302 setForceUse(FOR_SYSTEM, FORCE_SYSTEM_ENFORCED) due to onConfigurationChanged
09-02 16:38:59:560 setForceUse(FOR_VIBRATE_RINGING, FORCE_NONE) due to muteRingerModeStreams() from u/pid:1000/2545
09-05 16:45:11:507 setForceUse(FOR_VIBRATE_RINGING, FORCE_NONE) due to muteRingerModeStreams() from u/pid:1000/2545


Events log: volume changes (logged when command received by AudioService)
09-05 16:45:06:608 adjustSuggestedStreamVolume(sugg:USE_DEFAULT_STREAM_TYPE dir:ADJUST_LOWER flags:0x0) from com.android.systemui/com.android.systemui uid:10048
09-05 16:45:06:848 adjustSuggestedStreamVolume(sugg:USE_DEFAULT_STREAM_TYPE dir:ADJUST_LOWER flags:0x0) from com.android.systemui/com.android.systemui uid:10048
09-05 16:45:06:899 adjustSuggestedStreamVolume(sugg:USE_DEFAULT_STREAM_TYPE dir:ADJUST_LOWER flags:0x0) from com.android.systemui/com.android.systemui uid:10048
09-05 16:45:06:951 adjustSuggestedStreamVolume(sugg:USE_DEFAULT_STREAM_TYPE dir:ADJUST_LOWER flags:0x0) from com.android.systemui/com.android.systemui uid:10048
09-05 16:45:07:002 adjustSuggestedStreamVolume(sugg:USE_DEFAULT_STREAM_TYPE dir:ADJUST_LOWER flags:0x0) from com.android.systemui/com.android.systemui uid:10048
09-05 16:45:07:055 adjustSuggestedStreamVolume(sugg:USE_DEFAULT_STREAM_TYPE dir:ADJUST_LOWER flags:0x0) from com.android.systemui/com.android.systemui uid:10048
09-05 16:45:07:103 adjustSuggestedStreamVolume(sugg:USE_DEFAULT_STREAM_TYPE dir:ADJUST_LOWER flags:0x0) from com.android.systemui/com.android.systemui uid:10048
09-05 16:45:07:158 adjustSuggestedStreamVolume(sugg:USE_DEFAULT_STREAM_TYPE dir:ADJUST_LOWER flags:0x0) from com.android.systemui/com.android.systemui uid:10048
09-05 16:45:07:207 adjustSuggestedStreamVolume(sugg:USE_DEFAULT_STREAM_TYPE dir:ADJUST_LOWER flags:0x0) from com.android.systemui/com.android.systemui uid:10048
09-05 16:45:07:263 adjustSuggestedStreamVolume(sugg:USE_DEFAULT_STREAM_TYPE dir:ADJUST_LOWER flags:0x0) from com.android.systemui/com.android.systemui uid:10048
09-05 16:45:07:313 adjustSuggestedStreamVolume(sugg:USE_DEFAULT_STREAM_TYPE dir:ADJUST_LOWER flags:0x0) from com.android.systemui/com.android.systemui uid:10048
09-05 16:45:07:364 adjustSuggestedStreamVolume(sugg:USE_DEFAULT_STREAM_TYPE dir:ADJUST_LOWER flags:0x0) from com.android.systemui/com.android.systemui uid:10048
09-05 16:45:07:415 adjustSuggestedStreamVolume(sugg:USE_DEFAULT_STREAM_TYPE dir:ADJUST_LOWER flags:0x0) from com.android.systemui/com.android.systemui uid:10048
09-05 16:45:07:466 adjustSuggestedStreamVolume(sugg:USE_DEFAULT_STREAM_TYPE dir:ADJUST_LOWER flags:0x0) from com.android.systemui/com.android.systemui uid:10048
09-05 16:45:07:516 adjustSuggestedStreamVolume(sugg:USE_DEFAULT_STREAM_TYPE dir:ADJUST_LOWER flags:0x0) from com.android.systemui/com.android.systemui uid:10048
09-05 16:45:07:566 adjustSuggestedStreamVolume(sugg:USE_DEFAULT_STREAM_TYPE dir:ADJUST_LOWER flags:0x0) from com.android.systemui/com.android.systemui uid:10048
09-05 16:45:07:616 adjustSuggestedStreamVolume(sugg:USE_DEFAULT_STREAM_TYPE dir:ADJUST_LOWER flags:0x0) from com.android.systemui/com.android.systemui uid:10048
09-05 16:45:07:668 adjustSuggestedStreamVolume(sugg:USE_DEFAULT_STREAM_TYPE dir:ADJUST_LOWER flags:0x0) from com.android.systemui/com.android.systemui uid:10048
09-05 16:45:07:718 adjustSuggestedStreamVolume(sugg:USE_DEFAULT_STREAM_TYPE dir:ADJUST_LOWER flags:0x0) from com.android.systemui/com.android.systemui uid:10048
09-05 16:45:07:772 adjustSuggestedStreamVolume(sugg:USE_DEFAULT_STREAM_TYPE dir:ADJUST_LOWER flags:0x0) from com.android.systemui/com.android.systemui uid:10048
09-05 16:45:07:820 adjustSuggestedStreamVolume(sugg:USE_DEFAULT_STREAM_TYPE dir:ADJUST_LOWER flags:0x0) from com.android.systemui/com.android.systemui uid:10048
09-05 16:45:07:871 adjustSuggestedStreamVolume(sugg:USE_DEFAULT_STREAM_TYPE dir:ADJUST_LOWER flags:0x0) from com.android.systemui/com.android.systemui uid:10048
09-05 16:45:07:920 adjustSuggestedStreamVolume(sugg:USE_DEFAULT_STREAM_TYPE dir:ADJUST_LOWER flags:0x0) from com.android.systemui/com.android.systemui uid:10048
09-05 16:45:07:974 adjustSuggestedStreamVolume(sugg:USE_DEFAULT_STREAM_TYPE dir:ADJUST_LOWER flags:0x0) from com.android.systemui/com.android.systemui uid:10048
09-05 16:45:08:021 adjustSuggestedStreamVolume(sugg:USE_DEFAULT_STREAM_TYPE dir:ADJUST_LOWER flags:0x0) from com.android.systemui/com.android.systemui uid:10048
09-05 16:45:08:074 adjustSuggestedStreamVolume(sugg:USE_DEFAULT_STREAM_TYPE dir:ADJUST_LOWER flags:0x0) from com.android.systemui/com.android.systemui uid:10048
09-05 16:45:08:123 adjustSuggestedStreamVolume(sugg:USE_DEFAULT_STREAM_TYPE dir:ADJUST_LOWER flags:0x0) from com.android.systemui/com.android.systemui uid:10048
09-05 16:45:08:177 adjustSuggestedStreamVolume(sugg:USE_DEFAULT_STREAM_TYPE dir:ADJUST_LOWER flags:0x0) from com.android.systemui/com.android.systemui uid:10048
09-05 16:45:08:223 adjustSuggestedStreamVolume(sugg:USE_DEFAULT_STREAM_TYPE dir:ADJUST_LOWER flags:0x0) from com.android.systemui/com.android.systemui uid:10048
09-05 16:45:08:277 adjustSuggestedStreamVolume(sugg:USE_DEFAULT_STREAM_TYPE dir:ADJUST_LOWER flags:0x0) from com.android.systemui/com.android.systemui uid:10048
09-05 16:45:12:810 adjustSuggestedStreamVolume(sugg:USE_DEFAULT_STREAM_TYPE dir:ADJUST_LOWER flags:0x0) from com.android.systemui/com.android.systemui uid:10048


Events log: mute commands
09-02 16:38:55:997 RingerZenMutedStreams 0x0 from onInitStreamsAndVolumes
09-05 16:45:11:507 RingerZenMutedStreams 0x100 from muteRingerModeStreams
09-05 16:45:11:507 STREAM_DTMF muting by muteRingerModeStreams
09-05 16:45:11:507 RingerZenMutedStreams 0x120 from muteRingerModeStreams
09-05 16:45:11:507 STREAM_NOTIFICATION muting by muteRingerModeStreams
09-05 16:45:11:510 RingerZenMutedStreams 0x124 from muteRingerModeStreams
09-05 16:45:11:510 STREAM_RING muting by muteRingerModeStreams
09-05 16:45:11:511 RingerZenMutedStreams 0x126 from muteRingerModeStreams
09-05 16:45:11:511 STREAM_SYSTEM muting by muteRingerModeStreams


Supported System Usages:
	USAGE_CALL_ASSISTANT



Spatial audio:
mHasSpatializerEffect:true (effect present)
isSpatializerEnabled:true (routing dependent)
SpatializerHelper:
	mState:5
	mSpatLevel:1
	mCapableSpatLevel:1
	mIsHeadTrackingSupported:false
	supported head tracking modes:
	mDesiredHeadTrackingMode:HEAD_TRACKING_MODE_UNSUPPORTED
	mActualHeadTrackingMode:HEAD_TRACKING_MODE_UNSUPPORTED
	headtracker available:false
	sec headtracker available:false
	global headtracker available:false
	supports binaural:true / transaural:true
	mSpatOutput:21
	has FEATURE_AUDIO_SPATIAL_HEADTRACKING_LOW_LATENCY:false
Events log: spatial audio
09-02 16:38:55:999 init effectExpected=true
09-02 16:38:56:000 init(): found support for level: 0
09-02 16:38:56:000 init(): found support for level: 1
09-02 16:38:56:000 init(): setting capable level to LEVEL_MULTICHANNEL
09-02 16:38:56:000 addCompatibleAudioDevice: dev=AudioDeviceAttributes: role:output type:speaker addr: name: profiles:[] descriptors:[]
09-02 16:38:56:000 addCompatibleAudioDevice: dev=AudioDeviceAttributes: role:output type:headphone addr: name: profiles:[] descriptors:[]
09-02 16:38:56:001 setFeatureEnabled(true) was featureEnabled:false
09-02 16:38:56:001 onRoutingUpdated: can spatialize media 5.1:true on device:AudioDeviceAttributes: role:output type:speaker addr: name: profiles:[] descriptors:[]
09-02 16:38:56:001 setDispatchAvailableState(true) mState:STATE_DISABLED_AVAILABLE
09-02 16:38:56:001 Enabling Spatial Audio since enabled for media device:AudioDeviceAttributes: role:output type:speaker addr: name: profiles:[] descriptors:[]
09-02 16:38:56:001 Setting spatialization level to: 1
09-02 16:38:56:002 setDispatchFeatureEnabledState(true) mState:STATE_ENABLED_AVAILABLE
09-02 16:38:56:002 SpatializerCallback.onLevelChanged level:1
09-02 16:38:56:002 addCompatibleAudioDevice: dev=AudioDeviceAttributes: role:output type:headphone addr: name: profiles:[] descriptors:[]
09-02 16:38:56:002 addCompatibleAudioDevice: dev=AudioDeviceAttributes: role:output type:speaker addr: name: profiles:[] descriptors:[]
09-02 16:38:56:002 SpatializerCallback.onOutputChanged output:21
09-02 16:38:56:039 not initializing sensors, spatializer doesn't support headtracking
09-02 16:38:59:309 onRoutingUpdated: can spatialize media 5.1:true on device:AudioDeviceAttributes: role:output type:speaker addr: name: profiles:[] descriptors:[]
09-02 16:38:59:309 setDispatchAvailableState(true) no dispatch: mState:STATE_ENABLED_AVAILABLE
09-02 16:38:59:309 Enabling Spatial Audio since enabled for media device:AudioDeviceAttributes: role:output type:speaker addr: name: profiles:[] descriptors:[]
09-02 16:38:59:309 Setting spatialization level to: 1
09-02 16:38:59:309 setDispatchFeatureEnabledState(true) no dispatch: mState:STATE_ENABLED_AVAILABLE src:onRoutingUpdated



Loudness alignment:

Registered clients:


Events log: Loudness updates
09-02 16:39:07:149 Loudness client with pid 6398 died
09-02 16:39:07:155 Loudness client with pid 6672 died
09-02 16:39:21:871 Loudness client with pid 10954 died
09-02 16:41:05:561 Loudness client with pid 12714 died
09-02 17:12:41:724 Loudness client with pid 16230 died
09-02 18:39:05:562 Loudness client with pid 24193 died
09-03 03:01:32:781 Loudness client with pid 27865 died
09-03 06:47:57:225 Loudness client with pid 32189 died
09-03 16:40:59:911 Loudness client with pid 9409 died
09-03 22:44:36:554 Loudness client with pid 2672 died
09-04 03:04:21:881 Loudness client with pid 13907 died
09-04 04:58:08:720 Loudness client with pid 14978 died
09-04 14:59:15:965 Loudness client with pid 17067 died
09-04 16:42:33:608 Loudness client with pid 6589 died
09-04 17:04:43:006 Loudness client with pid 7697 died
09-04 17:17:03:234 Loudness client with pid 6733 died
09-05 02:41:18:190 Loudness client with pid 11476 died
09-05 03:01:32:301 Loudness client with pid 5903 died
09-05 16:45:03:228 Loudness client with pid 22792 died
09-05 16:45:14:326 Loudness client with pid 22397 died
09-05 17:16:04:856 Loudness client with pid 15471 died
09-06 03:01:30:607 Loudness client with pid 26990 died
09-06 06:09:20:781 Loudness client with pid 30614 died
09-06 14:19:25:998 Loudness client with pid 32623 died
09-06 17:21:06:303 Loudness client with pid 9828 died
09-07 03:01:53:853 Loudness client with pid 13217 died
09-07 08:32:47:606 Loudness client with pid 21279 died
09-07 15:02:14:735 Loudness client with pid 23297 died
09-07 18:21:58:329 Loudness client with pid 25743 died


AudioSystemAdapter:
 last cache clear time: 09-07 18:29:22:551
 mDevicesForAttrCache:
	AudioAttributes: usage=USAGE_ASSISTANCE_SONIFICATION content=CONTENT_TYPE_UNKNOWN flags=0x800 tags= bundle=null forVolume: true stream: STREAM_SYSTEM(1)
		AudioDeviceAttributes: role:output type:speaker addr: name: profiles:[] descriptors:[]
	AudioAttributes: usage=USAGE_UNKNOWN content=CONTENT_TYPE_UNKNOWN flags=0x801 tags= bundle=null forVolume: true stream: STREAM_SYSTEM(1)
		AudioDeviceAttributes: role:output type:speaker addr: name: profiles:[] descriptors:[]
	AudioAttributes: usage=USAGE_ASSISTANCE_ACCESSIBILITY content=CONTENT_TYPE_UNKNOWN flags=0x800 tags= bundle=null forVolume: true stream: STREAM_ACCESSIBILITY(10)
		AudioDeviceAttributes: role:output type:speaker addr: name: profiles:[] descriptors:[]
	AudioAttributes: usage=USAGE_NOTIFICATION_RINGTONE content=CONTENT_TYPE_UNKNOWN flags=0x800 tags= bundle=null forVolume: true stream: STREAM_RING(2)
		AudioDeviceAttributes: role:output type:speaker addr: name: profiles:[] descriptors:[]
	AudioAttributes: usage=USAGE_ALARM content=CONTENT_TYPE_UNKNOWN flags=0x800 tags= bundle=null forVolume: true stream: STREAM_ALARM(4)
		AudioDeviceAttributes: role:output type:speaker addr: name: profiles:[] descriptors:[]
	AudioAttributes: usage=USAGE_ASSISTANT content=CONTENT_TYPE_SPEECH flags=0x800 tags= bundle=null forVolume: true stream: STREAM_ASSISTANT(11)
		AudioDeviceAttributes: role:output type:speaker addr: name: profiles:[] descriptors:[]
	AudioAttributes: usage=USAGE_NOTIFICATION content=CONTENT_TYPE_UNKNOWN flags=0x800 tags= bundle=null forVolume: true stream: STREAM_NOTIFICATION(5)
		AudioDeviceAttributes: role:output type:speaker addr: name: profiles:[] descriptors:[]
	AudioAttributes: usage=USAGE_VOICE_COMMUNICATION content=CONTENT_TYPE_UNKNOWN flags=0x800 tags= bundle=null forVolume: true stream: STREAM_VOICE_CALL(0)
		AudioDeviceAttributes: role:output type:earpiece addr: name: profiles:[] descriptors:[]
	AudioAttributes: usage=USAGE_VOICE_COMMUNICATION_SIGNALLING content=CONTENT_TYPE_UNKNOWN flags=0x800 tags= bundle=null forVolume: true stream: STREAM_DTMF(8)
		AudioDeviceAttributes: role:output type:speaker addr: name: profiles:[] descriptors:[]
	AudioAttributes: usage=USAGE_MEDIA content=CONTENT_TYPE_UNKNOWN flags=0x800 tags= bundle=null forVolume: true stream: STREAM_MUSIC(3)
		AudioDeviceAttributes: role:output type:speaker addr: name: profiles:[] descriptors:[]
	AudioAttributes: usage=USAGE_UNKNOWN content=CONTENT_TYPE_UNKNOWN flags=0x804 tags= bundle=null forVolume: true stream: STREAM_VOICE_CALL(0)
		AudioDeviceAttributes: role:output type:earpiece addr: name: profiles:[] descriptors:[]
	AudioAttributes: usage=USAGE_UNKNOWN content=CONTENT_TYPE_UNKNOWN flags=0x808 tags= bundle=null forVolume: true stream: STREAM_MUSIC(3)
		AudioDeviceAttributes: role:output type:speaker addr: name: profiles:[] descriptors:[]
Events log: Ringer mode change history
09-05 16:45:11:526 setRingerMode(mode:1 external:false) from com.android.systemui
Events log: setMicrophoneMute use (logged after setMicrophoneMute() is executed)
Events log: setMasterMute (logged when command received by AudioService)
Events log: Using Audio
09-04 08:12:40:131 uid: 10329 is using audio
09-04 10:46:36:289 uid: 10048 is using audio
09-04 14:42:36:626 uid: 10048 is using audio
09-04 15:04:35:494 uid: 10123 is using audio
09-04 15:04:48:728 uid: 10123 is using audio
09-04 15:05:18:317 uid: 10123 is using audio
09-04 15:05:47:932 uid: 10123 is using audio
09-04 15:08:37:855 uid: 10123 is using audio
09-04 15:09:50:050 uid: 10123 is using audio
09-04 15:09:56:056 uid: 10123 is using audio
09-04 15:12:04:399 uid: 10123 is using audio
09-04 15:12:48:377 uid: 10123 is using audio
09-04 15:13:28:423 uid: 10123 is using audio
09-04 15:15:38:201 uid: 10123 is using audio
09-04 15:15:44:216 uid: 10123 is using audio
09-05 16:45:05:992 uid: 10281 is using audio
Events log: App Volume
Events log: Ringtone change history

Audio Setting:
  mNbQualityMode=0
  mScreenCall=false
  mMasterMono=0
  mMainBalance=0.0
  mAdaptSoundEnabled=0
  mUpscalerEnabled=0
  mIsPttCallVolumeEnabled=false
  CPUBoostValueForVoIP=0
  mAllSoundMute=0
  mKaraokeListenbackEnabled=0
  mVolumeMonitorValue=0
  AudioHqmHelper.ResetCount=0
  mIsSupportDisplayVolumeControl=false
  mIsDLNAEnabled=false
  isTalkBackEnabled=false
  mAdjustMediaVolumeOnly=true
  mMuteMediaByVibrateOrSilentMode=false
  mMediaVolumeStepIndex=10
  mMediaVolumeSteps=null
  mHeadsetOnlyStream=32
  mIgnoreDuckingByNavigation=false
  mIgnoreDuckingByAllApps=false
  SEC_AUDIO_SUPPORT_DUAL_SPEAKER=true
  mVolumeLimitOn=false
  mVolumeLimitValue=9
  OneUIVersion=7.0
  SEC_AUDIO_SUPPORT_ACH_RINGTONE=true

MultiSound, size:0, isEnabled:false
  Current Default Device: 0x2 : speaker
  Pin Device (IgnoreConnection): 0x0 : 0x0
  Pin Apps: 
  SEC_AUDIO_MULTI_SOUND=true
  Smart Things=install
  mPreventOverheatState=mUid: -1, state: false, volume: 1.0, mCureDevice: 0
  Dual App : 
Events log: App Casting history

MicModeManager dump:
  mMicModeType:TYPE_QP
  mCallMicMode:MODE_STANDARD
  mVoipCallMicMode:MODE_STANDARD
Events log: Mic mode history


SEC_AUDIO_DUAL_A2DP_VOLUME=true
  A2dp Devices: 
  AvrcpAbsoluteVolumeSupported
  Stored AvrcpAbsoluteVolumeSupported
main fine volume : -1
  Active device: null
  Dual Sound: false
Events log: Dual A2dp Event history

Events log: Dual A2dp Volume history

Device Aliases:
- earpiece:
  Alias: speaker 
  Exclude Streams: 0 8 
- speaker:
  Alias: earpiece 
  Exclude Streams: 0 8 
- bt_a2dp:
  Alias: ble_headset ble_broadcast 
  Exclude Streams: 0 1 2 4 5 6 7 8 9 10 11 
- ble_headset:
  Alias: bt_a2dp ble_broadcast 
  Exclude Streams: 0 1 2 4 5 6 7 8 9 10 11 
- ble_broadcast:
  Alias: ble_headset bt_a2dp 
  Exclude Streams: 0 1 2 4 5 6 7 8 9 10 11 

Events log: SCPM history
09-02 16:39:58:762 Register, result=1, code=20000000, msg=
09-02 16:39:58:825 checkAndUpdateLiveTranslateList : Success to update

  SCPM App List version = 2024121315

Events log: Factory test parameters history

  Last Loopback on = 
  Current Loopback state = off
Events log: SCO prevention history
  mIsLeBroadCasting=false

Events log: BLE broadcast app setParameters histories

BLE broadcast app uids = 

