Events log: audio services lifecycle
10-05 22:11:48:372 AudioService()

Message handler (watch for unhandled messages):
  Handler (com.android.server.audio.AudioService$AudioHandler) {f601664} @ 22376147
    Looper (AudioService, tid 216) {7466aa9}
      (Total messages: 0, polling=true, quitting=false)

Fun with Flags:
	android.media.audio.autoPublicVolumeApiHardening:false
	android.media.audio.Flags.automaticBtDeviceType:true
	android.media.audio.featureSpatialAudioHeadtrackingLowLatency:false
	android.media.audio.focusFreezeTestApi:true
	com.android.media.audio.audioserverPermissions:false
	com.android.media.audio.disablePrescaleAbsoluteVolume:true
	com.android.media.audio.setStreamVolumeOrder:true
	android.media.audio.roForegroundAudioControl:true
	android.media.audio.scoManagedByAudio:false
	com.android.media.audio.vgsVssSyncMuteOrder:true
	com.android.media.audio.absVolumeIndexFix:false
Events log: Hardening enforcement

MediaFocusControl dump time: 오후 11:29:57

Audio Focus stack entries (last is top of stack):

MultiFocusStack:
size:2
device:2
------------------------------
device = 0
------------------------------
device = 2
------------------------------


No external focus policy



 Notify on duck:  true

 In ring or call: false



Events log: focus commands as seen by MediaFocusControl
10-06 22:46:47:956 abandonAudioFocus() from uid/pid 10123/14297 clientId=android.media.AudioManager@ab6af95com.sec.android.app.camera.audio.e@b8658aa callingPack=com.sec.android.app.camera
10-06 22:47:51:204 abandonAudioFocus() from uid/pid 10123/14297 clientId=android.media.AudioManager@ab6af95com.sec.android.app.camera.audio.e@817a933 callingPack=com.sec.android.app.camera
10-06 22:48:56:369 abandonAudioFocus() from uid/pid 10123/14297 clientId=android.media.AudioManager@ab6af95com.sec.android.app.camera.audio.e@963c429 callingPack=com.sec.android.app.camera
10-06 22:48:56:944 abandonAudioFocus() from uid/pid 10365/27194 clientId=android.media.AudioManager@3b829b4EJ.a@756c9dd callingPack=com.kakao.talk
10-06 22:50:01:884 abandonAudioFocus() from uid/pid 10123/14297 clientId=android.media.AudioManager@ab6af95com.sec.android.app.camera.audio.e@5082b61 callingPack=com.sec.android.app.camera
10-06 22:50:08:008 abandonAudioFocus() from uid/pid 10365/27194 clientId=android.media.AudioManager@3b829b4EJ.a@f1d39f4 callingPack=com.kakao.talk
10-06 22:51:03:915 abandonAudioFocus() from uid/pid 10123/14297 clientId=android.media.AudioManager@ab6af95com.sec.android.app.camera.audio.e@a1a28db callingPack=com.sec.android.app.camera
10-06 22:51:15:073 abandonAudioFocus() from uid/pid 10365/27194 clientId=android.media.AudioManager@3b829b4EJ.a@63f0401 callingPack=com.kakao.talk
10-06 22:52:39:044 abandonAudioFocus() from uid/pid 10365/27194 clientId=android.media.AudioManager@3b829b4EJ.a@cad9e8b callingPack=com.kakao.talk
10-07 23:13:41:701 abandonAudioFocus() from uid/pid 10123/22548 clientId=android.media.AudioManager@16d5302com.sec.android.app.camera.audio.e@632413 callingPack=com.sec.android.app.camera
10-07 23:14:26:408 abandonAudioFocus() from uid/pid 10123/22548 clientId=android.media.AudioManager@16d5302com.sec.android.app.camera.audio.e@c770425 callingPack=com.sec.android.app.camera
10-07 23:15:46:790 abandonAudioFocus() from uid/pid 10123/22548 clientId=android.media.AudioManager@16d5302com.sec.android.app.camera.audio.e@b4b79e5 callingPack=com.sec.android.app.camera
10-07 23:15:47:383 abandonAudioFocus() from uid/pid 10365/32563 clientId=android.media.AudioManager@eeb4664EJ.a@ef7a0cd callingPack=com.kakao.talk
10-07 23:16:44:396 abandonAudioFocus() from uid/pid 10123/22548 clientId=android.media.AudioManager@16d5302com.sec.android.app.camera.audio.e@f9bcec8 callingPack=com.sec.android.app.camera
10-07 23:16:50:385 abandonAudioFocus() from uid/pid 10365/32563 clientId=android.media.AudioManager@eeb4664EJ.a@27112f8 callingPack=com.kakao.talk
10-07 23:20:20:302 abandonAudioFocus() from uid/pid 10123/22548 clientId=android.media.AudioManager@16d5302com.sec.android.app.camera.audio.e@9f84f78 callingPack=com.sec.android.app.camera
10-07 23:20:31:461 abandonAudioFocus() from uid/pid 10365/32563 clientId=android.media.AudioManager@eeb4664EJ.a@6e4505e callingPack=com.kakao.talk
10-07 23:21:29:483 abandonAudioFocus() from uid/pid 10365/32563 clientId=android.media.AudioManager@eeb4664EJ.a@b4cbf88 callingPack=com.kakao.talk
Multi Audio Focus enabled :false
mIgnoredAudioFocusUid:-1

Stream volumes (device: index)
- STREAM_VOICE_CALL:
   Muted: false
   Muted Internally: false
   Min: 1
   Max: 8
   streamVolume:5
   Current: 1 (earpiece): 5, 20000000 (ble_headset): 5, 40000000 (default): 5
   Devices: earpiece(1)
   Volume Group: AUDIO_STREAM_VOICE_CALL

- STREAM_SYSTEM:
   Muted: true
   Muted Internally: false
   Min: 0
   Max: 15
   streamVolume:0
   Current: 1 (earpiece): 6, 2 (speaker): 6, 80 (bt_a2dp): 6, 100 (bt_a2dp_hp): 6, 200 (bt_a2dp_spk): 6, 40000000 (default): 6
   Devices: speaker(2)
   Volume Group: AUDIO_STREAM_SYSTEM

- STREAM_RING:
   Muted: true
   Muted Internally: false
   Min: 0
   Max: 15
   streamVolume:0
   Current: 2 (speaker): 11, 40000000 (default): 11
   Devices: speaker(2)
   Volume Group: AUDIO_STREAM_RING

- STREAM_MUSIC:
   Muted: false
   Muted Internally: false
   Min: 0
   Max: 15
   streamVolume:0
   Current: 1 (earpiece): 0\0, 2 (speaker): 0\0, 4 (headset): 8\80, 8 (headphone): 8\80, 80 (bt_a2dp): 8\80, 8000 (remote_submix): 15\150, 4000000 (usb_headset): 8\80, 20000000 (ble_headset): 7\70, 20000002 (ble_broadcast): 7\70, 40000000 (default): 7\70
   Devices: speaker(2)
   Volume Group: AUDIO_STREAM_MUSIC

- STREAM_ALARM:
   Muted: false
   Muted Internally: false
   Min: 1
   Max: 15
   streamVolume:11
   Current: 1 (earpiece): 11, 2 (speaker): 11, 40000000 (default): 11
   Devices: speaker(2)
   Volume Group: AUDIO_STREAM_ALARM

- STREAM_NOTIFICATION:
   Muted: true
   Muted Internally: false
   Min: 0
   Max: 15
   streamVolume:0
   Current: 1 (earpiece): 11, 2 (speaker): 11, 40000000 (default): 11
   Devices: speaker(2)
   Volume Group: AUDIO_STREAM_NOTIFICATION

- STREAM_BLUETOOTH_SCO:
   Muted: false
   Muted Internally: false
   Min: 0
   Max: 15
   streamVolume:7
   Current: 1 (earpiece): 7, 2 (speaker): 7, 40000000 (default): 7
   Devices: earpiece(1)
   Volume Group: AUDIO_STREAM_BLUETOOTH_SCO

- STREAM_SYSTEM_ENFORCED:
   Muted: false
   Muted Internally: false
   Min: 0
   Max: 15
   streamVolume:15
   Current: 1 (earpiece): 15, 2 (speaker): 15, 40000000 (default): 15
   Devices: speaker(2)
   Volume Group: AUDIO_STREAM_ENFORCED_AUDIBLE

- STREAM_DTMF (aliased to: STREAM_RING):
   Muted: true
   Muted Internally: false
   Min: 0
   Max: 15
   streamVolume:0
   Current: 2 (speaker): 11, 40000000 (default): 11
   Devices: speaker(2)
   Volume Group: AUDIO_STREAM_DTMF

- STREAM_TTS (aliased to: STREAM_MUSIC):
   Muted: false
   Muted Internally: false
   Min: 0
   Max: 15
   streamVolume:0
   Current: 1 (earpiece): 0, 2 (speaker): 0, 4 (headset): 8, 8 (headphone): 8, 80 (bt_a2dp): 8, 8000 (remote_submix): 15, 4000000 (usb_headset): 8, 20000000 (ble_headset): 7, 20000002 (ble_broadcast): 7, 40000000 (default): 7
   Devices: speaker(2)
   Volume Group: AUDIO_STREAM_TTS

- STREAM_ACCESSIBILITY (aliased to: STREAM_MUSIC):
   Muted: false
   Muted Internally: false
   Min: 1
   Max: 15
   streamVolume:1
   Current: 1 (earpiece): 1, 2 (speaker): 1, 4 (headset): 9, 8 (headphone): 9, 80 (bt_a2dp): 9, 8000 (remote_submix): 15, 4000000 (usb_headset): 9, 20000000 (ble_headset): 8, 20000002 (ble_broadcast): 8, 40000000 (default): 8
   Devices: speaker(2)
   Volume Group: AUDIO_STREAM_ACCESSIBILITY

- STREAM_ASSISTANT:
   Muted: false
   Muted Internally: false
   Min: 0
   Max: 15
   streamVolume:7
   Current: 1 (earpiece): 7, 2 (speaker): 7, 40000000 (default): 7
   Devices: speaker(2)
   Volume Group: AUDIO_STREAM_ASSISTANT


- mute affected streams = 0x6f

- user mutable streams = 0x2e

Volume Groups (device: index)
- VOLUME GROUP AUDIO_STREAM_ACCESSIBILITY:
   Muted: false
   Min: 1
   Max: 15
   Current: 1 (earpiece): 1, 2 (speaker): 1, 4 (headset): 9, 8 (headphone): 9, 80 (bt_a2dp): 9, 8000 (remote_submix): 15, 4000000 (usb_headset): 9, 20000000 (ble_headset): 7, 20000002 (ble_broadcast): 7, 40000000 (default): 8
   Devices: speaker
   Streams: STREAM_ACCESSIBILITY 
- VOLUME GROUP AUDIO_STREAM_ALARM:
   Muted: false
   Min: 1
   Max: 15
   Current: 40000000 (default): 11
   Devices: speaker
   Streams: STREAM_ALARM 
- VOLUME GROUP AUDIO_STREAM_BLUETOOTH_SCO:
   Muted: false
   Min: 0
   Max: 15
   Current: 40000000 (default): 7
   Devices: earpiece
   Streams: STREAM_BLUETOOTH_SCO 
- VOLUME GROUP AUDIO_STREAM_DTMF:
   Muted: false
   Min: 0
   Max: 15
   Current: 2 (speaker): 11, 40000000 (default): 11
   Devices: speaker
   Streams: STREAM_DTMF 
- VOLUME GROUP AUDIO_STREAM_ENFORCED_AUDIBLE:
   Muted: false
   Min: 0
   Max: 15
   Current: 40000000 (default): 14
   Devices: speaker
   Streams: STREAM_SYSTEM_ENFORCED 
- VOLUME GROUP AUDIO_STREAM_MUSIC:
   Muted: false
   Min: 0
   Max: 15
   Current: 1 (earpiece): 0, 2 (speaker): 0, 4 (headset): 8, 8 (headphone): 8, 80 (bt_a2dp): 8, 8000 (remote_submix): 15, 4000000 (usb_headset): 8, 20000000 (ble_headset): 7, 20000002 (ble_broadcast): 7, 40000000 (default): 7
   Devices: speaker
   Streams: STREAM_MUSIC 
- VOLUME GROUP AUDIO_STREAM_NOTIFICATION:
   Muted: true
   Min: 0
   Max: 15
   Current: 40000000 (default): 11
   Devices: speaker
   Streams: STREAM_NOTIFICATION 
- VOLUME GROUP AUDIO_STREAM_PATCH:
   Muted: false
   Min: 0
   Max: 15
   Current: 40000000 (default): 7
   Devices: speaker
   Streams: UNKNOWN_STREAM_13 
- VOLUME GROUP AUDIO_STREAM_REROUTING:
   Muted: false
   Min: 0
   Max: 15
   Current: 40000000 (default): 7
   Devices: speaker
   Streams: UNKNOWN_STREAM_12 
- VOLUME GROUP AUDIO_STREAM_RING:
   Muted: true
   Min: 0
   Max: 15
   Current: 2 (speaker): 11, 40000000 (default): 11
   Devices: speaker
   Streams: STREAM_RING 
- VOLUME GROUP AUDIO_STREAM_SYSTEM:
   Muted: true
   Min: 0
   Max: 15
   Current: 80 (bt_a2dp): 6, 100 (bt_a2dp_hp): 6, 200 (bt_a2dp_spk): 6, 40000000 (default): 6
   Devices: speaker
   Streams: STREAM_SYSTEM 
- VOLUME GROUP AUDIO_STREAM_TTS:
   Muted: false
   Min: 0
   Max: 15
   Current: 1 (earpiece): 0, 2 (speaker): 0, 4 (headset): 8, 8 (headphone): 8, 80 (bt_a2dp): 8, 8000 (remote_submix): 15, 4000000 (usb_headset): 8, 20000000 (ble_headset): 7, 20000002 (ble_broadcast): 7, 40000000 (default): 7
   Devices: speaker
   Streams: STREAM_TTS 
- VOLUME GROUP AUDIO_STREAM_VOICE_CALL:
   Muted: false
   Min: 1
   Max: 8
   Current: 20000000 (ble_headset): 5, 40000000 (default): 5
   Devices: earpiece
   Streams: STREAM_VOICE_CALL 
- VOLUME GROUP AUDIO_STREAM_ASSISTANT:
   Muted: false
   Min: 0
   Max: 15
   Current: 40000000 (default): 7
   Devices: speaker
   Streams: STREAM_ASSISTANT 
- VOLUME GROUP AUDIO_STREAM_CALL_ASSISTANT:
   Muted: false
   Min: 0
   Max: 15
   Current: 40000000 (default): 7
   Devices: speaker
   Streams: UNKNOWN_STREAM_14 

Ringer mode: 
- mode (internal) = VIBRATE
- mode (external) = VIBRATE
- zen mode:ZEN_MODE_OFF
- ringer mode affected streams = 0x126 (STREAM_SYSTEM,STREAM_RING,STREAM_NOTIFICATION,STREAM_DTMF)
- ringer mode muted streams = 0x126 (STREAM_SYSTEM,STREAM_RING,STREAM_NOTIFICATION,STREAM_DTMF)
- delegate = SamsungRingerModeDelegate

Audio mode: 
- Requested mode = MODE_NORMAL
- Actual mode = MODE_NORMAL
- Mode owner: 
   None
- Mode owner stack: 
   Empty

Audio routes:
  mMainType=0x0
  mBluetoothName=null

Other state:
  mUseVolumeGroupAliases=false
  mVolumeController=VolumeController(android.os.BinderProxy@5e0204c,mVisible=false)
  mEnableCsd=false
  mSafeMediaVolumeState=SAFE_MEDIA_VOLUME_DISABLED
  mSafeMediaVolumeIndex=90
  mSafeMediaVolumeIndex[4]=90
  mSafeMediaVolumeIndex[8]=90
  mSafeMediaVolumeIndex[128]=90
  mSafeMediaVolumeIndex[256]=90
  mSafeMediaVolumeIndex[16384]=90
  mSafeMediaVolumeIndex[67108864]=90
  mSafeMediaVolumeIndex[134217728]=90
  mSafeMediaVolumeIndex[536870912]=90
  mSafeMediaVolumeIndex[536870914]=90
  mSafeMediaVolumeDbfs=-37.0
  mMusicActiveMs=0
  mMcc=450
  mPendingVolumeCommand=null

Events log: CSD updates


  SEC_AUDIO_SAFE_MEDIA_VOLUME=false
  SEC_AUDIO_SAFE_VOLUME_COUNTRY=false
  mIsVolumeEffectOn=false

Events log: Ear shock level history

  sIndependentA11yVolume=false
  mCameraSoundForced=true
  mHasVibrator=true
  mVolumePolicy=VolumePolicy[volumeDownToEnterSilent=false,volumeUpToExitSilent=true,doNotDisturbWhenSilent=true,vibrateToSilentDebounce=400]
  mAvrcpAbsVolSupported=false
  mBtScoOnByApp=false
  mIsSingleVolume=false
  mUseFixedVolume=false
  mNotifAliasRing=false
  mFixedVolumeDevices=
  mFullVolumeDevices=0x40000,0x40001
  absolute volume devices=
  adjust-only absolute volume devices=
  pre-scale for bluetooth absolute volume = disabled
  mExtVolumeController=null
  mHdmiAudioSystemClient=null
  mHdmiPlaybackClient=null
  mHdmiTvClient=null
  mHdmiSystemAudioSupported=false
  mHdmiCecVolumeControlEnabled=false
  mIsCallScreeningModeSupported=true
  mic mute FromSwitch=false FromRestrictions=false FromApi=false from system=false
  mMasterMute=false
  No accessibility service Uids.
  Assistant service UIDs:
  - 10281
  supportsBluetoothVariableLatency=false
  isBluetoothVariableLatencyEnabled=true

Audio policies:
Events log: dynamic policy events (logged when command received by AudioService)

PlaybackActivityMonitor dump time: 오후 11:29:57

  playback listeners:
 PlayMonitorClient:S uid:1000 pid:2536
 PlayMonitorClient:S uid:1000 pid:2536
 PlayMonitorClient:S uid:10048 pid:3788
 PlayMonitorClient:S uid:1002 pid:4013
 PlayMonitorClient:S uid:1000 pid:5484



  players:
  AudioPlaybackConfiguration piid:63 deviceId:0 type:android.media.SoundPool u/pid:1000/2536 state:idle attr:AudioAttributes: usage=USAGE_ASSISTANCE_SONIFICATION content=CONTENT_TYPE_SONIFICATION flags=0x800 tags= bundle=null sessionId:0 mutedState:none  FormatInfo{isSpatialized=false, channelMask=0x0, sampleRate=0}
  AudioPlaybackConfiguration piid:71 deviceId:0 type:android.media.SoundPool u/pid:1000/2536 state:idle attr:AudioAttributes: usage=USAGE_VOICE_COMMUNICATION content=CONTENT_TYPE_SPEECH flags=0x800 tags=stv_call_connection bundle=null sessionId:0 mutedState:none  FormatInfo{isSpatialized=false, channelMask=0x0, sampleRate=0}
  AudioPlaybackConfiguration piid:79 deviceId:0 type:android.media.SoundPool u/pid:10048/3788 state:idle attr:AudioAttributes: usage=USAGE_ASSISTANCE_SONIFICATION content=CONTENT_TYPE_SONIFICATION flags=0x800 tags= bundle=null sessionId:0 mutedState:none  FormatInfo{isSpatialized=false, channelMask=0x0, sampleRate=0}
  AudioPlaybackConfiguration piid:87 deviceId:0 type:android.media.SoundPool u/pid:10048/3788 state:idle attr:AudioAttributes: usage=USAGE_ASSISTANCE_SONIFICATION content=CONTENT_TYPE_SONIFICATION flags=0x800 tags= bundle=null sessionId:0 mutedState:none  FormatInfo{isSpatialized=false, channelMask=0x0, sampleRate=0}
  AudioPlaybackConfiguration piid:95 deviceId:0 type:android.media.SoundPool u/pid:1000/2536 state:idle attr:AudioAttributes: usage=USAGE_ASSISTANCE_SONIFICATION content=CONTENT_TYPE_SONIFICATION flags=0x801 tags=VIRTUAL_VIB_SOUND bundle=null sessionId:0 mutedState:none  FormatInfo{isSpatialized=false, channelMask=0x0, sampleRate=0}
  AudioPlaybackConfiguration piid:103 deviceId:0 type:android.media.SoundPool u/pid:1002/4013 state:idle attr:AudioAttributes: usage=USAGE_VOICE_COMMUNICATION content=CONTENT_TYPE_SPEECH flags=0x800 tags= bundle=null sessionId:0 mutedState:none  FormatInfo{isSpatialized=false, channelMask=0x0, sampleRate=0}
  AudioPlaybackConfiguration piid:287 deviceId:0 type:android.media.SoundPool u/pid:10219/11736 state:idle attr:AudioAttributes: usage=USAGE_ASSISTANCE_SONIFICATION content=CONTENT_TYPE_SONIFICATION flags=0x800 tags=stv_keyboard bundle=null sessionId:0 mutedState:none  FormatInfo{isSpatialized=false, channelMask=0x0, sampleRate=0}
  AudioPlaybackConfiguration piid:495 deviceId:0 type:android.media.SoundPool u/pid:10366/30147 state:idle attr:AudioAttributes: usage=USAGE_ASSISTANCE_SONIFICATION content=CONTENT_TYPE_SONIFICATION flags=0x800 tags= bundle=null sessionId:0 mutedState:none  FormatInfo{isSpatialized=false, channelMask=0x0, sampleRate=0}

  ducked players piids:

  faded out players piids:

  muted player piids due to call/ring:

  banned uids:


  muted players (piids) awaiting device connection:

Events log: playback activity as reported through PlayerBase
10-05 22:11:49:912 releasing player piid:55, uid:1000
10-05 22:11:49:919 new player piid:63 uid/pid:1000/2536 package:com.sec.android.app.hwmoduletest type:android.media.SoundPool attr:AudioAttributes: usage=USAGE_ASSISTANCE_SONIFICATION content=CONTENT_TYPE_SONIFICATION flags=0x800 tags= bundle=null session:0
10-05 22:11:50:086 new player piid:71 uid/pid:1000/2536 package:com.sec.android.app.hwmoduletest type:android.media.SoundPool attr:AudioAttributes: usage=USAGE_VOICE_COMMUNICATION content=CONTENT_TYPE_SPEECH flags=0x800 tags=stv_call_connection bundle=null session:0
10-05 22:11:50:418 new player piid:79 uid/pid:10048/3788 package:com.samsung.android.app.routines type:android.media.SoundPool attr:AudioAttributes: usage=USAGE_ASSISTANCE_SONIFICATION content=CONTENT_TYPE_SONIFICATION flags=0x800 tags= bundle=null session:0
10-05 22:11:50:444 new player piid:87 uid/pid:10048/3788 package:com.samsung.android.app.routines type:android.media.SoundPool attr:AudioAttributes: usage=USAGE_ASSISTANCE_SONIFICATION content=CONTENT_TYPE_SONIFICATION flags=0x800 tags= bundle=null session:0
10-05 22:11:51:010 new player piid:95 uid/pid:1000/2536 package:com.sec.android.app.hwmoduletest type:android.media.SoundPool attr:AudioAttributes: usage=USAGE_ASSISTANCE_SONIFICATION content=CONTENT_TYPE_SONIFICATION flags=0x801 tags=VIRTUAL_VIB_SOUND bundle=null session:0
10-05 22:11:52:276 new player piid:103 uid/pid:1002/4013 package:com.samsung.android.knox.app.networkfilter type:android.media.SoundPool attr:AudioAttributes: usage=USAGE_VOICE_COMMUNICATION content=CONTENT_TYPE_SPEECH flags=0x800 tags= bundle=null session:0
10-05 22:11:57:617 new player piid:111 uid/pid:10219/7830 package:com.samsung.android.honeyboard type:android.media.SoundPool attr:AudioAttributes: usage=USAGE_ASSISTANCE_SONIFICATION content=CONTENT_TYPE_SONIFICATION flags=0x800 tags=stv_keyboard bundle=null session:0
10-05 22:12:02:198 new player piid:119 uid/pid:10082/9829 package:com.samsung.android.game.gametools type:android.media.SoundPool attr:AudioAttributes: usage=USAGE_MEDIA content=CONTENT_TYPE_UNKNOWN flags=0x800 tags= bundle=null session:0
10-05 22:12:04:703 releasing player piid:119, uid:0
10-05 22:12:06:283 new player piid:127 uid/pid:10365/10872 package:com.kakao.talk type:android.media.MediaPlayer attr:AudioAttributes: usage=USAGE_UNKNOWN content=CONTENT_TYPE_UNKNOWN flags=0x800 tags= bundle=null session:97
10-05 22:12:06:317 releasing player piid:127, uid:10365
10-05 22:12:20:364 new player piid:135 uid/pid:15010219/15835 package:com.samsung.android.honeyboard type:android.media.SoundPool attr:AudioAttributes: usage=USAGE_ASSISTANCE_SONIFICATION content=CONTENT_TYPE_SONIFICATION flags=0x800 tags=stv_keyboard bundle=null session:0
10-05 22:12:21:738 new player piid:143 uid/pid:10082/16467 package:com.samsung.android.game.gametools type:android.media.SoundPool attr:AudioAttributes: usage=USAGE_MEDIA content=CONTENT_TYPE_UNKNOWN flags=0x800 tags= bundle=null session:0
10-05 22:12:26:424 releasing player piid:135, uid:0
10-05 22:12:47:819 releasing player piid:143, uid:0
10-05 22:12:48:905 releasing player piid:111, uid:0
10-05 22:13:31:096 new player piid:151 uid/pid:15010219/21104 package:com.samsung.android.honeyboard type:android.media.SoundPool attr:AudioAttributes: usage=USAGE_ASSISTANCE_SONIFICATION content=CONTENT_TYPE_SONIFICATION flags=0x800 tags=stv_keyboard bundle=null session:0
10-05 22:13:56:882 new player piid:159 uid/pid:10219/21449 package:com.samsung.android.honeyboard type:android.media.SoundPool attr:AudioAttributes: usage=USAGE_ASSISTANCE_SONIFICATION content=CONTENT_TYPE_SONIFICATION flags=0x800 tags=stv_keyboard bundle=null session:0
10-05 22:18:04:271 new player piid:167 uid/pid:10366/23480 package:org.telegram.messenger type:android.media.SoundPool attr:AudioAttributes: usage=USAGE_ASSISTANCE_SONIFICATION content=CONTENT_TYPE_SONIFICATION flags=0x800 tags= bundle=null session:0
10-05 22:18:04:273 player piid:167 event:started
10-05 22:18:04:275 player piid:167 event:started
10-05 22:19:13:320 player piid:167 event:started
10-05 22:39:14:677 releasing player piid:167, uid:0
10-05 22:54:48:214 releasing player piid:151, uid:0
10-05 22:56:36:258 new player piid:175 uid/pid:10082/31411 package:com.samsung.android.game.gametools type:android.media.SoundPool attr:AudioAttributes: usage=USAGE_MEDIA content=CONTENT_TYPE_UNKNOWN flags=0x800 tags= bundle=null session:0
10-05 22:57:42:399 releasing player piid:175, uid:0
10-05 22:57:58:086 new player piid:183 uid/pid:10365/4705 package:com.kakao.talk type:android.media.MediaPlayer attr:AudioAttributes: usage=USAGE_UNKNOWN content=CONTENT_TYPE_UNKNOWN flags=0x800 tags= bundle=null session:201
10-05 22:57:58:098 releasing player piid:183, uid:10365
10-05 23:02:04:010 releasing player piid:159, uid:0
10-05 23:07:22:128 new player piid:191 uid/pid:10219/12126 package:com.samsung.android.honeyboard type:android.media.SoundPool attr:AudioAttributes: usage=USAGE_ASSISTANCE_SONIFICATION content=CONTENT_TYPE_SONIFICATION flags=0x800 tags=stv_keyboard bundle=null session:0
10-05 23:07:22:297 new player piid:199 uid/pid:15010219/12248 package:com.samsung.android.honeyboard type:android.media.SoundPool attr:AudioAttributes: usage=USAGE_ASSISTANCE_SONIFICATION content=CONTENT_TYPE_SONIFICATION flags=0x800 tags=stv_keyboard bundle=null session:0
10-05 23:09:12:639 releasing player piid:191, uid:0
10-05 23:09:31:939 releasing player piid:199, uid:0
10-05 23:15:32:205 new player piid:207 uid/pid:10219/17158 package:com.samsung.android.honeyboard type:android.media.SoundPool attr:AudioAttributes: usage=USAGE_ASSISTANCE_SONIFICATION content=CONTENT_TYPE_SONIFICATION flags=0x800 tags=stv_keyboard bundle=null session:0
10-05 23:15:41:297 new player piid:215 uid/pid:10082/18713 package:com.samsung.android.game.gametools type:android.media.SoundPool attr:AudioAttributes: usage=USAGE_MEDIA content=CONTENT_TYPE_UNKNOWN flags=0x800 tags= bundle=null session:0
10-05 23:16:09:067 releasing player piid:215, uid:0
10-05 23:16:10:773 releasing player piid:207, uid:0
10-06 00:25:42:523 new player piid:223 uid/pid:15010219/23865 package:com.samsung.android.honeyboard type:android.media.SoundPool attr:AudioAttributes: usage=USAGE_ASSISTANCE_SONIFICATION content=CONTENT_TYPE_SONIFICATION flags=0x800 tags=stv_keyboard bundle=null session:0
10-06 02:26:12:254 releasing player piid:223, uid:0
10-06 03:05:29:801 new player piid:231 uid/pid:10365/27194 package:com.kakao.talk type:android.media.MediaPlayer attr:AudioAttributes: usage=USAGE_UNKNOWN content=CONTENT_TYPE_UNKNOWN flags=0x800 tags= bundle=null session:233
10-06 03:05:29:821 releasing player piid:231, uid:10365
10-06 06:26:52:920 new player piid:239 uid/pid:15010219/29315 package:com.samsung.android.honeyboard type:android.media.SoundPool attr:AudioAttributes: usage=USAGE_ASSISTANCE_SONIFICATION content=CONTENT_TYPE_SONIFICATION flags=0x800 tags=stv_keyboard bundle=null session:0
10-06 06:26:52:954 new player piid:247 uid/pid:10219/29294 package:com.samsung.android.honeyboard type:android.media.SoundPool attr:AudioAttributes: usage=USAGE_ASSISTANCE_SONIFICATION content=CONTENT_TYPE_SONIFICATION flags=0x800 tags=stv_keyboard bundle=null session:0
10-06 07:12:14:213 releasing player piid:247, uid:0
10-06 08:12:13:991 releasing player piid:239, uid:0
10-06 12:27:24:049 new player piid:255 uid/pid:10219/1919 package:com.samsung.android.honeyboard type:android.media.SoundPool attr:AudioAttributes: usage=USAGE_ASSISTANCE_SONIFICATION content=CONTENT_TYPE_SONIFICATION flags=0x800 tags=stv_keyboard bundle=null session:0
10-06 12:27:24:584 new player piid:263 uid/pid:15010219/2097 package:com.samsung.android.honeyboard type:android.media.SoundPool attr:AudioAttributes: usage=USAGE_ASSISTANCE_SONIFICATION content=CONTENT_TYPE_SONIFICATION flags=0x800 tags=stv_keyboard bundle=null session:0
10-06 14:11:52:938 releasing player piid:263, uid:0
10-06 17:23:19:735 releasing player piid:255, uid:0
10-06 18:28:08:954 new player piid:271 uid/pid:10219/8553 package:com.samsung.android.honeyboard type:android.media.SoundPool attr:AudioAttributes: usage=USAGE_ASSISTANCE_SONIFICATION content=CONTENT_TYPE_SONIFICATION flags=0x800 tags=stv_keyboard bundle=null session:0
10-06 18:28:09:126 new player piid:279 uid/pid:15010219/8665 package:com.samsung.android.honeyboard type:android.media.SoundPool attr:AudioAttributes: usage=USAGE_ASSISTANCE_SONIFICATION content=CONTENT_TYPE_SONIFICATION flags=0x800 tags=stv_keyboard bundle=null session:0
10-06 22:13:01:128 releasing player piid:271, uid:0
10-06 22:13:01:154 releasing player piid:279, uid:0
10-06 22:46:28:136 new player piid:287 uid/pid:10219/11736 package:com.samsung.android.honeyboard type:android.media.SoundPool attr:AudioAttributes: usage=USAGE_ASSISTANCE_SONIFICATION content=CONTENT_TYPE_SONIFICATION flags=0x800 tags=stv_keyboard bundle=null session:0
10-06 22:46:43:442 new player piid:295 uid/pid:10123/14297 package:com.sec.android.app.camera type:android.media.SoundPool attr:AudioAttributes: usage=USAGE_ASSISTANCE_SONIFICATION content=CONTENT_TYPE_SONIFICATION flags=0x801 tags=;CAMERA bundle=null session:0
10-06 22:46:47:943 releasing player piid:295, uid:10123
10-06 22:47:40:743 new player piid:311 uid/pid:10123/14297 package:com.sec.android.app.camera type:android.media.SoundPool attr:AudioAttributes: usage=USAGE_ASSISTANCE_SONIFICATION content=CONTENT_TYPE_SONIFICATION flags=0x801 tags=;CAMERA bundle=null session:0
10-06 22:47:45:699 player piid:311 event:started
10-06 22:47:49:103 player piid:311 event:started
10-06 22:47:51:198 releasing player piid:311, uid:10123
10-06 22:48:51:630 new player piid:327 uid/pid:10123/14297 package:com.sec.android.app.camera type:android.media.SoundPool attr:AudioAttributes: usage=USAGE_ASSISTANCE_SONIFICATION content=CONTENT_TYPE_SONIFICATION flags=0x801 tags=;CAMERA bundle=null session:0
10-06 22:48:56:364 releasing player piid:327, uid:10123
10-06 22:49:52:846 new player piid:343 uid/pid:10123/14297 package:com.sec.android.app.camera type:android.media.SoundPool attr:AudioAttributes: usage=USAGE_ASSISTANCE_SONIFICATION content=CONTENT_TYPE_SONIFICATION flags=0x801 tags=;CAMERA bundle=null session:0
10-06 22:49:56:798 player piid:343 event:started
10-06 22:50:01:879 releasing player piid:343, uid:10123
10-06 22:50:54:699 new player piid:359 uid/pid:10123/14297 package:com.sec.android.app.camera type:android.media.SoundPool attr:AudioAttributes: usage=USAGE_ASSISTANCE_SONIFICATION content=CONTENT_TYPE_SONIFICATION flags=0x801 tags=;CAMERA bundle=null session:0
10-06 22:50:58:702 player piid:359 event:started
10-06 22:51:03:912 releasing player piid:359, uid:10123
10-06 22:55:39:363 new player piid:375 uid/pid:10366/20586 package:org.telegram.messenger type:android.media.SoundPool attr:AudioAttributes: usage=USAGE_ASSISTANCE_SONIFICATION content=CONTENT_TYPE_SONIFICATION flags=0x800 tags= bundle=null session:0
10-06 22:55:39:364 player piid:375 event:started
10-06 22:55:39:368 player piid:375 event:started
10-06 22:57:02:200 player piid:375 event:started
10-06 23:53:03:331 releasing player piid:375, uid:0
10-07 01:03:15:442 new player piid:383 uid/pid:15010219/28810 package:com.samsung.android.honeyboard type:android.media.SoundPool attr:AudioAttributes: usage=USAGE_ASSISTANCE_SONIFICATION content=CONTENT_TYPE_SONIFICATION flags=0x800 tags=stv_keyboard bundle=null session:0
10-07 02:07:26:639 releasing player piid:383, uid:0
10-07 03:04:06:092 new player piid:391 uid/pid:15010219/31604 package:com.samsung.android.honeyboard type:android.media.SoundPool attr:AudioAttributes: usage=USAGE_ASSISTANCE_SONIFICATION content=CONTENT_TYPE_SONIFICATION flags=0x800 tags=stv_keyboard bundle=null session:0
10-07 03:04:45:346 new player piid:399 uid/pid:10365/32563 package:com.kakao.talk type:android.media.MediaPlayer attr:AudioAttributes: usage=USAGE_UNKNOWN content=CONTENT_TYPE_UNKNOWN flags=0x800 tags= bundle=null session:433
10-07 03:04:45:366 releasing player piid:399, uid:10365
10-07 07:04:57:154 releasing player piid:391, uid:0
10-07 07:05:27:413 new player piid:407 uid/pid:15010219/7124 package:com.samsung.android.honeyboard type:android.media.SoundPool attr:AudioAttributes: usage=USAGE_ASSISTANCE_SONIFICATION content=CONTENT_TYPE_SONIFICATION flags=0x800 tags=stv_keyboard bundle=null session:0
10-07 13:05:34:862 releasing player piid:407, uid:0
10-07 23:13:36:356 new player piid:415 uid/pid:10123/22548 package:com.sec.android.app.camera type:android.media.SoundPool attr:AudioAttributes: usage=USAGE_ASSISTANCE_SONIFICATION content=CONTENT_TYPE_SONIFICATION flags=0x801 tags=;CAMERA bundle=null session:0
10-07 23:13:41:698 releasing player piid:415, uid:10123
10-07 23:14:16:308 new player piid:431 uid/pid:10123/22548 package:com.sec.android.app.camera type:android.media.SoundPool attr:AudioAttributes: usage=USAGE_ASSISTANCE_SONIFICATION content=CONTENT_TYPE_SONIFICATION flags=0x801 tags=;CAMERA bundle=null session:0
10-07 23:14:20:947 player piid:431 event:started
10-07 23:14:24:391 player piid:431 event:started
10-07 23:14:26:403 releasing player piid:431, uid:10123
10-07 23:15:42:104 new player piid:447 uid/pid:10123/22548 package:com.sec.android.app.camera type:android.media.SoundPool attr:AudioAttributes: usage=USAGE_ASSISTANCE_SONIFICATION content=CONTENT_TYPE_SONIFICATION flags=0x801 tags=;CAMERA bundle=null session:0
10-07 23:15:46:786 releasing player piid:447, uid:10123
10-07 23:16:35:182 new player piid:463 uid/pid:10123/22548 package:com.sec.android.app.camera type:android.media.SoundPool attr:AudioAttributes: usage=USAGE_ASSISTANCE_SONIFICATION content=CONTENT_TYPE_SONIFICATION flags=0x801 tags=;CAMERA bundle=null session:0
10-07 23:16:39:129 player piid:463 event:started
10-07 23:16:44:391 releasing player piid:463, uid:10123
10-07 23:20:11:133 new player piid:479 uid/pid:10123/22548 package:com.sec.android.app.camera type:android.media.SoundPool attr:AudioAttributes: usage=USAGE_ASSISTANCE_SONIFICATION content=CONTENT_TYPE_SONIFICATION flags=0x801 tags=;CAMERA bundle=null session:0
10-07 23:20:15:214 player piid:479 event:started
10-07 23:20:20:298 releasing player piid:479, uid:10123
10-07 23:26:34:792 new player piid:495 uid/pid:10366/30147 package:org.telegram.messenger type:android.media.SoundPool attr:AudioAttributes: usage=USAGE_ASSISTANCE_SONIFICATION content=CONTENT_TYPE_SONIFICATION flags=0x800 tags= bundle=null session:0
10-07 23:26:34:793 player piid:495 event:started
10-07 23:26:34:796 player piid:495 event:started
10-07 23:28:02:664 player piid:495 event:started

  allowed capture policies:

RecordActivityMonitor dump time: 오후 11:29:57


Events log: recording activity received by AudioService
10-06 22:46:44:268 rec update riid:303 uid:10123 session:289 src:HOTWORD not silenced pack:com.sec.android.app.camera
10-06 22:47:41:505 rec update riid:319 uid:10123 session:297 src:HOTWORD not silenced pack:com.sec.android.app.camera
10-06 22:48:52:414 rec update riid:335 uid:10123 session:321 src:HOTWORD not silenced pack:com.sec.android.app.camera
10-06 22:49:53:606 rec update riid:351 uid:10123 session:329 src:HOTWORD not silenced pack:com.sec.android.app.camera
10-06 22:50:55:467 rec update riid:367 uid:10123 session:345 src:HOTWORD not silenced pack:com.sec.android.app.camera
10-07 23:13:37:157 rec update riid:423 uid:10123 session:457 src:HOTWORD not silenced pack:com.sec.android.app.camera
10-07 23:14:17:068 rec update riid:439 uid:10123 session:465 src:HOTWORD not silenced pack:com.sec.android.app.camera
10-07 23:15:42:870 rec update riid:455 uid:10123 session:489 src:HOTWORD not silenced pack:com.sec.android.app.camera
10-07 23:16:35:947 rec update riid:471 uid:10123 session:497 src:HOTWORD not silenced pack:com.sec.android.app.camera
10-07 23:20:11:903 rec update riid:487 uid:10123 session:513 src:HOTWORD not silenced pack:com.sec.android.app.camera

AudioDeviceBroker:
  Message handler (watch for unhandled messages):
    Handler (com.android.server.audio.AudioDeviceBroker$BrokerHandler) {81430cd} @ 22376149
      Looper (AudioDeviceBroker, tid 211) {1c749ce}
        (Total messages: 0, polling=true, quitting=false)

  BECOMING_NOISY_INTENT_DEVICES_SET=
 0x400 0x800 0x8000000 0x20000000 0x80 0x100 0x200 0x2000 0x4000 0x4000000 0x20000001 0x20000 0x20000002 0x4 0x8
  Preferred devices for strategy:

  Non-default devices for strategy:

  Connected devices:
    [DeviceInfo: type:0x2 (speaker) name:speaker addr: identity addr: codec: 0 group:-1 peer addr: peer identity addr: disabled modes: {}]

  APM Connected device (A2DP sink only):

  mBluetoothDualModeEnabled = false

  Preferred devices for capture preset:

  Applied devices roles for strategies (from API):

  Applied devices roles for strategies (internal):

  Applied devices roles for presets (from API):

  Applied devices roles for presets (internal:

devices:

	type: 2 internal type: 0x2 addr:  bt audio type: AUDIO_DEVICE_CATEGORY_UNKNOWN enabled: true HT: false HTenabled: false

	type: 4 internal type: 0x8 addr:  bt audio type: AUDIO_DEVICE_CATEGORY_UNKNOWN enabled: true HT: false HTenabled: false


  Communication route clients:

  Computed Preferred communication device: null

  Applied Preferred communication device: null
  Active communication device: AudioDeviceAttributes: role:output type:earpiece addr: name:SM-S928N profiles:[{ENCODING_PCM_16BIT, sampling rates=[48000], channel masks=0x04, encapsulation type=0}] descriptors:[]
  mCommunicationStrategyId: 14
  mAccessibilityStrategyId: 17

  mAudioModeOwner: AudioModeInfo: mMode=MODE_NORMAL, mPid=0, mUid=0

  mScoManagedByAudio: false

  mBluetoothHeadset: android.bluetooth.BluetoothHeadset@250098a
  mBluetoothHeadsetDevice: null
  mScoAudioState: SCO_STATE_INACTIVE
  mScoAudioMode: SCO_MODE_VIRTUAL_CALL

  mHearingAid: android.bluetooth.BluetoothHearingAid@5ce49c4

  mLeAudio: android.bluetooth.BluetoothLeAudio@4e750ad
  mA2dp: android.bluetooth.BluetoothA2dp@8fe3e71
  mAvrcpAbsVolSupported: false

SoundEffects:
  Message handler (watch for unhandled messages):
  Handler (com.android.server.audio.SoundEffectsHelper$SfxHandler) {3056d82} @ 22376150
    Looper (AS.SfxWorker, tid 215) {5396c93}
      (Total messages: 0, polling=true, quitting=false)
  Default attenuation (dB): -6
Events log: Sound Effects Loading
10-05 22:11:49:096 effects loading started
10-05 22:11:49:102 effect TW_Touch.ogg loaded
10-05 22:11:49:102 effect Effect_Tick.ogg loaded
10-05 22:11:49:104 effect KeypressInvalid_1.ogg loaded
10-05 22:11:49:105 effect TW_SIP.ogg loaded
10-05 22:11:49:106 effect S_HW_Touch.ogg loaded
10-05 22:11:49:108 effect TW_Silent_mode_off.ogg loaded
10-05 22:11:49:109 effect Timepicker_scroll.ogg loaded
10-05 22:11:49:110 effect picker_fast.ogg loaded
10-05 22:11:49:112 effect picker_slow.ogg loaded
10-05 22:11:49:112 effect Detach.ogg loaded
10-05 22:11:49:112 effects loading completed
10-05 22:11:49:912 effects unloading started
10-05 22:11:49:912 effects unloading completed
10-05 22:11:49:912 effects loading started
10-05 22:11:49:935 effect TW_Touch.ogg loaded
10-05 22:11:49:937 effect Effect_Tick.ogg loaded
10-05 22:11:49:942 effect TW_SIP.ogg loaded
10-05 22:11:49:943 effect KeypressInvalid_1.ogg loaded
10-05 22:11:49:947 effect TW_Silent_mode_off.ogg loaded
10-05 22:11:49:950 effect S_HW_Touch.ogg loaded
10-05 22:11:49:955 effect Timepicker_scroll.ogg loaded
10-05 22:11:49:956 effect picker_fast.ogg loaded
10-05 22:11:49:961 effect Detach.ogg loaded
10-05 22:11:49:962 effect picker_slow.ogg loaded
10-05 22:11:49:962 effects loading completed



Event logs:
Events log: phone state (logged after successful call to AudioSystem.setPhoneState(int, int))


Events log: wired/A2DP/hearing aid device connection
10-05 22:11:48:492 synchronizeDeviceProfilesInInventory synced device pair ads1=type: 2 internal type: 0x2 addr:  bt audio type: AUDIO_DEVICE_CATEGORY_UNKNOWN enabled: true HT: false HTenabled: false ads2=type: 4 internal type: 0x8 addr:  bt audio type: AUDIO_DEVICE_CATEGORY_UNKNOWN enabled: true HT: false HTenabled: false
10-05 22:11:48:492 synchronizeDeviceProfilesInInventory synced device pair ads1=type: 4 internal type: 0x8 addr:  bt audio type: AUDIO_DEVICE_CATEGORY_UNKNOWN enabled: true HT: false HTenabled: false ads2=type: 2 internal type: 0x2 addr:  bt audio type: AUDIO_DEVICE_CATEGORY_UNKNOWN enabled: true HT: false HTenabled: false
10-05 22:11:49:080 updateCommunicationRoute, preferredCommunicationDevice: null eventSource: resetBluetoothSco
10-05 22:11:49:995 removePreferredDevicesForStrategy strat:19
10-05 22:11:52:076 updateCommunicationRoute, preferredCommunicationDevice: null eventSource: resetBluetoothSco
10-05 22:11:52:808 BT profile service: connecting LE_AUDIO_BROADCAST profile
10-05 22:11:52:809 BT profile LE_AUDIO_BROADCAST connected to proxy android.bluetooth.BluetoothLeBroadcast@3e03fe2
10-05 22:11:52:810 BT profile service: connecting HEADSET profile
10-05 22:11:52:811 BT profile service: connecting HEARING_AID profile
10-05 22:11:52:811 BT profile HEADSET connected to proxy android.bluetooth.BluetoothHeadset@250098a
10-05 22:11:52:812 BT profile service: connecting LE_AUDIO profile
10-05 22:11:52:812 BT profile service: connecting A2DP profile
10-05 22:11:52:822 BT profile HEARING_AID connected to proxy android.bluetooth.BluetoothHearingAid@5ce49c4
10-05 22:11:52:828 BT profile LE_AUDIO connected to proxy android.bluetooth.BluetoothLeAudio@4e750ad
10-05 22:11:52:864 BT profile A2DP connected to proxy android.bluetooth.BluetoothA2dp@8fe3e71


Events log: force use (logged before setForceUse() is executed)
10-05 22:11:48:385 setForceUse(FOR_ENCODED_SURROUND, FORCE_NONE) due to readPersistedSettings
10-05 22:11:48:385 setForceUse(FOR_DOCK, FORCE_DIGITAL_DOCK) due to readDockAudioSettings
10-05 22:11:48:492 setForceUse(FOR_SYSTEM, FORCE_NONE) due to AudioService ctor
10-05 22:11:48:527 setForceUse(FOR_VIBRATE_RINGING, FORCE_NONE) due to muteRingerModeStreams() from u/pid:1000/2536
10-05 22:11:49:097 setForceUse(FOR_VIBRATE_RINGING, FORCE_NONE) due to muteRingerModeStreams() from u/pid:1000/2536
10-05 22:11:49:618 setForceUse(FOR_DOCK, FORCE_DIGITAL_DOCK) due to readDockAudioSettings
10-05 22:11:49:618 setForceUse(FOR_ENCODED_SURROUND, FORCE_NONE) due to readPersistedSettings
10-05 22:11:49:739 setForceUse(FOR_VIBRATE_RINGING, FORCE_NONE) due to muteRingerModeStreams() from u/pid:1000/2536
10-05 22:11:49:922 setForceUse(FOR_DOCK, FORCE_DIGITAL_DOCK) due to readDockAudioSettings
10-05 22:11:51:877 setForceUse(FOR_SYSTEM, FORCE_SYSTEM_ENFORCED) due to onConfigurationChanged
10-05 22:11:51:877 setForceUse(FOR_VIBRATE_RINGING, FORCE_NONE) due to muteRingerModeStreams() from u/pid:1000/2536
10-05 22:11:52:077 setForceUse(FOR_VIBRATE_RINGING, FORCE_NONE) due to muteRingerModeStreams() from u/pid:1000/2536
10-05 22:11:54:661 setForceUse(FOR_DOCK, FORCE_DIGITAL_DOCK) due to readDockAudioSettings


Events log: volume changes (logged when command received by AudioService)
10-06 23:00:48:777 adjustSuggestedStreamVolume(sugg:USE_DEFAULT_STREAM_TYPE dir:ADJUST_LOWER flags:0x1011) from android/android uid:1000


Events log: mute commands
10-05 22:11:48:479 RingerZenMutedStreams 0x0 from onInitStreamsAndVolumes
10-05 22:11:48:480 RingerZenMutedStreams 0x100 from muteRingerModeStreams
10-05 22:11:48:480 STREAM_DTMF muting by muteRingerModeStreams
10-05 22:11:48:483 RingerZenMutedStreams 0x120 from muteRingerModeStreams
10-05 22:11:48:483 STREAM_NOTIFICATION muting by muteRingerModeStreams
10-05 22:11:48:484 RingerZenMutedStreams 0x124 from muteRingerModeStreams
10-05 22:11:48:484 STREAM_RING muting by muteRingerModeStreams
10-05 22:11:48:484 RingerZenMutedStreams 0x126 from muteRingerModeStreams
10-05 22:11:48:484 STREAM_SYSTEM muting by muteRingerModeStreams


Supported System Usages:
	USAGE_CALL_ASSISTANT



Spatial audio:
mHasSpatializerEffect:true (effect present)
isSpatializerEnabled:true (routing dependent)
SpatializerHelper:
	mState:5
	mSpatLevel:1
	mCapableSpatLevel:1
	mIsHeadTrackingSupported:false
	supported head tracking modes:
	mDesiredHeadTrackingMode:HEAD_TRACKING_MODE_UNSUPPORTED
	mActualHeadTrackingMode:HEAD_TRACKING_MODE_UNSUPPORTED
	headtracker available:false
	sec headtracker available:false
	global headtracker available:false
	supports binaural:true / transaural:true
	mSpatOutput:21
	has FEATURE_AUDIO_SPATIAL_HEADTRACKING_LOW_LATENCY:false
Events log: spatial audio
10-05 22:11:48:488 init effectExpected=true
10-05 22:11:48:489 init(): found support for level: 0
10-05 22:11:48:489 init(): found support for level: 1
10-05 22:11:48:489 init(): setting capable level to LEVEL_MULTICHANNEL
10-05 22:11:48:490 addCompatibleAudioDevice: dev=AudioDeviceAttributes: role:output type:speaker addr: name: profiles:[] descriptors:[]
10-05 22:11:48:490 addCompatibleAudioDevice: dev=AudioDeviceAttributes: role:output type:headphone addr: name: profiles:[] descriptors:[]
10-05 22:11:48:490 setFeatureEnabled(true) was featureEnabled:false
10-05 22:11:48:491 onRoutingUpdated: can spatialize media 5.1:true on device:AudioDeviceAttributes: role:output type:speaker addr: name: profiles:[] descriptors:[]
10-05 22:11:48:491 setDispatchAvailableState(true) mState:STATE_DISABLED_AVAILABLE
10-05 22:11:48:491 Enabling Spatial Audio since enabled for media device:AudioDeviceAttributes: role:output type:speaker addr: name: profiles:[] descriptors:[]
10-05 22:11:48:491 Setting spatialization level to: 1
10-05 22:11:48:491 SpatializerCallback.onLevelChanged level:1
10-05 22:11:48:492 setDispatchFeatureEnabledState(true) mState:STATE_ENABLED_AVAILABLE
10-05 22:11:48:492 addCompatibleAudioDevice: dev=AudioDeviceAttributes: role:output type:headphone addr: name: profiles:[] descriptors:[]
10-05 22:11:48:492 SpatializerCallback.onOutputChanged output:21
10-05 22:11:48:492 addCompatibleAudioDevice: dev=AudioDeviceAttributes: role:output type:speaker addr: name: profiles:[] descriptors:[]
10-05 22:11:48:533 not initializing sensors, spatializer doesn't support headtracking
10-05 22:11:51:894 onRoutingUpdated: can spatialize media 5.1:true on device:AudioDeviceAttributes: role:output type:speaker addr: name: profiles:[] descriptors:[]
10-05 22:11:51:894 setDispatchAvailableState(true) no dispatch: mState:STATE_ENABLED_AVAILABLE
10-05 22:11:51:894 Enabling Spatial Audio since enabled for media device:AudioDeviceAttributes: role:output type:speaker addr: name: profiles:[] descriptors:[]
10-05 22:11:51:894 Setting spatialization level to: 1
10-05 22:11:51:894 setDispatchFeatureEnabledState(true) no dispatch: mState:STATE_ENABLED_AVAILABLE src:onRoutingUpdated



Loudness alignment:

Registered clients:


Events log: Loudness updates
10-05 22:12:00:473 Loudness client with pid 6139 died
10-05 22:13:27:566 Loudness client with pid 7222 died
10-05 22:56:37:805 Loudness client with pid 28032 died
10-06 03:01:31:778 Loudness client with pid 26254 died
10-06 06:26:53:996 Loudness client with pid 28469 died
10-06 18:28:09:795 Loudness client with pid 31677 died
10-06 22:46:33:421 Loudness client with pid 11304 died
10-07 03:04:02:721 Loudness client with pid 28786 died
10-07 07:05:20:957 Loudness client with pid 31756 died
10-07 23:12:38:017 Loudness client with pid 8274 died


AudioSystemAdapter:
 last cache clear time: 10-07 23:20:20:688
 mDevicesForAttrCache:
	AudioAttributes: usage=USAGE_ASSISTANCE_SONIFICATION content=CONTENT_TYPE_UNKNOWN flags=0x800 tags= bundle=null forVolume: true stream: STREAM_SYSTEM(1)
		AudioDeviceAttributes: role:output type:speaker addr: name: profiles:[] descriptors:[]
	AudioAttributes: usage=USAGE_UNKNOWN content=CONTENT_TYPE_UNKNOWN flags=0x801 tags= bundle=null forVolume: true stream: STREAM_SYSTEM(1)
		AudioDeviceAttributes: role:output type:speaker addr: name: profiles:[] descriptors:[]
	AudioAttributes: usage=USAGE_ASSISTANCE_ACCESSIBILITY content=CONTENT_TYPE_UNKNOWN flags=0x800 tags= bundle=null forVolume: true stream: STREAM_ACCESSIBILITY(10)
		AudioDeviceAttributes: role:output type:speaker addr: name: profiles:[] descriptors:[]
	AudioAttributes: usage=USAGE_NOTIFICATION_RINGTONE content=CONTENT_TYPE_UNKNOWN flags=0x800 tags= bundle=null forVolume: true stream: STREAM_RING(2)
		AudioDeviceAttributes: role:output type:speaker addr: name: profiles:[] descriptors:[]
	AudioAttributes: usage=USAGE_ALARM content=CONTENT_TYPE_UNKNOWN flags=0x800 tags= bundle=null forVolume: true stream: STREAM_ALARM(4)
		AudioDeviceAttributes: role:output type:speaker addr: name: profiles:[] descriptors:[]
	AudioAttributes: usage=USAGE_ASSISTANT content=CONTENT_TYPE_SPEECH flags=0x800 tags= bundle=null forVolume: true stream: STREAM_ASSISTANT(11)
		AudioDeviceAttributes: role:output type:speaker addr: name: profiles:[] descriptors:[]
	AudioAttributes: usage=USAGE_NOTIFICATION content=CONTENT_TYPE_UNKNOWN flags=0x800 tags= bundle=null forVolume: true stream: STREAM_NOTIFICATION(5)
		AudioDeviceAttributes: role:output type:speaker addr: name: profiles:[] descriptors:[]
	AudioAttributes: usage=USAGE_VOICE_COMMUNICATION content=CONTENT_TYPE_UNKNOWN flags=0x800 tags= bundle=null forVolume: true stream: STREAM_VOICE_CALL(0)
		AudioDeviceAttributes: role:output type:earpiece addr: name: profiles:[] descriptors:[]
	AudioAttributes: usage=USAGE_VOICE_COMMUNICATION_SIGNALLING content=CONTENT_TYPE_UNKNOWN flags=0x800 tags= bundle=null forVolume: true stream: STREAM_DTMF(8)
		AudioDeviceAttributes: role:output type:speaker addr: name: profiles:[] descriptors:[]
	AudioAttributes: usage=USAGE_MEDIA content=CONTENT_TYPE_UNKNOWN flags=0x800 tags= bundle=null forVolume: true stream: STREAM_MUSIC(3)
		AudioDeviceAttributes: role:output type:speaker addr: name: profiles:[] descriptors:[]
	AudioAttributes: usage=USAGE_UNKNOWN content=CONTENT_TYPE_UNKNOWN flags=0x804 tags= bundle=null forVolume: true stream: STREAM_VOICE_CALL(0)
		AudioDeviceAttributes: role:output type:earpiece addr: name: profiles:[] descriptors:[]
	AudioAttributes: usage=USAGE_UNKNOWN content=CONTENT_TYPE_UNKNOWN flags=0x808 tags= bundle=null forVolume: true stream: STREAM_MUSIC(3)
		AudioDeviceAttributes: role:output type:speaker addr: name: profiles:[] descriptors:[]
Events log: Ringer mode change history
Events log: setMicrophoneMute use (logged after setMicrophoneMute() is executed)
Events log: setMasterMute (logged when command received by AudioService)
Events log: Using Audio
Events log: App Volume
Events log: Ringtone change history

Audio Setting:
  mNbQualityMode=0
  mScreenCall=false
  mMasterMono=0
  mMainBalance=0.0
  mAdaptSoundEnabled=0
  mUpscalerEnabled=0
  mIsPttCallVolumeEnabled=false
  CPUBoostValueForVoIP=0
  mAllSoundMute=0
  mKaraokeListenbackEnabled=0
  mVolumeMonitorValue=0
  AudioHqmHelper.ResetCount=0
  mIsSupportDisplayVolumeControl=false
  mIsDLNAEnabled=false
  isTalkBackEnabled=false
  mAdjustMediaVolumeOnly=true
  mMuteMediaByVibrateOrSilentMode=false
  mMediaVolumeStepIndex=10
  mMediaVolumeSteps=null
  mHeadsetOnlyStream=32
  mIgnoreDuckingByNavigation=false
  mIgnoreDuckingByAllApps=false
  SEC_AUDIO_SUPPORT_DUAL_SPEAKER=true
  mVolumeLimitOn=false
  mVolumeLimitValue=9
  OneUIVersion=7.0
  SEC_AUDIO_SUPPORT_ACH_RINGTONE=true

MultiSound, size:0, isEnabled:false
  Current Default Device: 0x2 : speaker
  Pin Device (IgnoreConnection): 0x0 : 0x0
  Pin Apps: 
  SEC_AUDIO_MULTI_SOUND=true
  Smart Things=install
  mPreventOverheatState=mUid: -1, state: false, volume: 1.0, mCureDevice: 0
  Dual App : 
Events log: App Casting history

MicModeManager dump:
  mMicModeType:TYPE_QP
  mCallMicMode:MODE_STANDARD
  mVoipCallMicMode:MODE_STANDARD
Events log: Mic mode history


SEC_AUDIO_DUAL_A2DP_VOLUME=true
  A2dp Devices: 
  AvrcpAbsoluteVolumeSupported
  Stored AvrcpAbsoluteVolumeSupported
main fine volume : -1
  Active device: null
  Dual Sound: false
Events log: Dual A2dp Event history

Events log: Dual A2dp Volume history

Device Aliases:
- earpiece:
  Alias: speaker 
  Exclude Streams: 0 8 
- speaker:
  Alias: earpiece 
  Exclude Streams: 0 8 
- bt_a2dp:
  Alias: ble_headset ble_broadcast 
  Exclude Streams: 0 1 2 4 5 6 7 8 9 10 11 
- ble_headset:
  Alias: bt_a2dp ble_broadcast 
  Exclude Streams: 0 1 2 4 5 6 7 8 9 10 11 
- ble_broadcast:
  Alias: ble_headset bt_a2dp 
  Exclude Streams: 0 1 2 4 5 6 7 8 9 10 11 

Events log: SCPM history
10-05 22:12:51:822 Register, result=1, code=20000000, msg=
10-05 22:12:51:897 checkAndUpdateLiveTranslateList : Success to update

  SCPM App List version = 2024121315

Events log: Factory test parameters history

  Last Loopback on = 
  Current Loopback state = off
Events log: SCO prevention history
  mIsLeBroadCasting=false

Events log: BLE broadcast app setParameters histories

BLE broadcast app uids = 

