VibratorManagerService:
  VibrationSettings:
    vibrateOn = true
    keyboardVibrationOn = true, default: true
    vibrateInputDevices = false
    batterySaverMode = false
    ringerMode = vibrate
    onWirelessCharger = false
    processStateCache size = 74
    VibrationIntensities:
      UNKNOWN = MEDIUM, default: MEDIUM
      ALARM = HIGH, default: HIGH
      TOUCH = MEDIUM, default: MEDIUM
      MEDIA = MEDIUM, default: MEDIUM
      RINGTONE = MEDIUM, default: MEDIUM
      PHYSICAL_EMULATION = MEDIUM, default: MEDIUM
      NOTIFICATION = MEDIUM, default: MEDIUM
      HARDWARE_FEEDBACK = MEDIUM, default: MEDIUM
      COMMUNICATION_REQUEST = MEDIUM, default: MEDIUM
      ACCESSIBILITY = MEDIUM, default: MEDIUM
    VibrationConfig:
      ignoreVibrationsOnWirelessCharger = false
      hapticChannelMaxAmplitude = 0.0
      rampStepDurationMs = 5
      rampDownDurationMs = 0
      requestVibrationParamsForUsages = [ALARM, RINGTONE, NOTIFICATION, COMMUNICATION_REQUEST]
      requestVibrationParamsTimeoutMs = 50
  
  VibrationScaler:
    defaultVibrationAmplitude = 255
    ScaleLevels:
      VERY_LOW = ScaleLevel{factor=0.6}
      LOW = ScaleLevel{factor=0.8}
      NONE = ScaleLevel{factor=1.0}
      HIGH = ScaleLevel{factor=1.2}
      VERY_HIGH = ScaleLevel{factor=1.4}
    AdaptiveHapticsScales:
  
  Vibrators:
    Vibrator (id=0):
      isVibrating = false
      isUnderExternalControl = false
      currentAmplitude = 0.0
      vibratorInfoLoadSuccessful = true
      vibratorStateListener size = 1
      VibratorInfo:
        id = 0
        capabilities = [COMPOSE_EFFECTS, AMPLITUDE_CONTROL, EXTERNAL_CONTROL, EXTERNAL_AMPLITUDE_CONTROL]
        capabilitiesFlags = 111100
        supportedEffects = [CLICK, DOUBLE_CLICK, TICK, HEAVY_CLICK]
        supportedPrimitives = [CLICK(20ms), THUD(300ms), SPIN(130ms), QUICK_RISE(150ms), SLOW_RISE(500ms), QUICK_FALL(100ms), TICK(20ms), LOW_TICK(20ms)]
        supportedBraking = []
        primitiveDelayMax = 1000
        compositionSizeMax = 10
        pwlePrimitiveDurationMax = 0
        pwleSizeMax = 0
        q-factor = NaN
        frequencyProfile = FrequencyProfile{mFrequencyRange=null, mMinFrequency=NaN, mResonantFrequency=NaN, mFrequencyResolution=NaN, mMaxAmplitudes count=0}
  
  CurrentVibration:
    null
  
  NextVibration:
    null
  
  CurrentExternalVibration:
    null
  
  
  Recent vibrations:
    TOUCH:
      10-07 23:26:41.042 |   effect |             finished | duration:   137ms | start: 23:26:41.045 | end: 23:26:41.177 | scale:     NONE (adaptive=1.00) | flags:    0 | usage: TOUCH | android (uid=1000, deviceId=0) | reason: Virtual Key - Press | played: SemHaptic: mType=50038, mMagnitude=-1 | original: null
      10-07 23:26:42.938 |   effect |             finished | duration:   137ms | start: 23:26:42.942 | end: 23:26:43.074 | scale:     NONE (adaptive=1.00) | flags:    0 | usage: TOUCH | android (uid=1000, deviceId=0) | reason: Virtual Key - Press | played: SemHaptic: mType=50038, mMagnitude=-1 | original: null
      10-07 23:26:45.040 |   effect |             finished | duration:   136ms | start: 23:26:45.042 | end: 23:26:45.176 | scale:     NONE (adaptive=1.00) | flags:    0 | usage: TOUCH | android (uid=1000, deviceId=0) | reason: Virtual Key - Press | played: SemHaptic: mType=50038, mMagnitude=-1 | original: null
      10-07 23:26:50.040 |   effect |             finished | duration:   138ms | start: 23:26:50.047 | end: 23:26:50.177 | scale:     NONE (adaptive=1.00) | flags:    0 | usage: TOUCH | android (uid=1000, deviceId=0) | reason: Virtual Key - Press | played: SemHaptic: mType=50038, mMagnitude=-1 | original: null
      10-07 23:26:50.950 |   effect |             finished | duration:   244ms | start: 23:26:50.952 | end: 23:26:51.193 | scale:     NONE (adaptive=1.00) | flags:    0 | usage: TOUCH | com.sec.android.app.launcher (uid=10162, deviceId=0) | reason: null | played: SemHaptic: mType=50051, mMagnitude=-1 | original: null
      10-07 23:27:36.448 |   effect |             finished | duration:   134ms | start: 23:27:36.451 | end: 23:27:36.582 | scale:     NONE (adaptive=1.00) | flags:    0 | usage: TOUCH | android (uid=1000, deviceId=0) | reason: Virtual Key - Press | played: SemHaptic: mType=50038, mMagnitude=-1 | original: null
      10-07 23:28:07.067 |   effect |             finished | duration:   136ms | start: 23:28:07.069 | end: 23:28:07.202 | scale:     NONE (adaptive=1.00) | flags:    0 | usage: TOUCH | android (uid=1000, deviceId=0) | reason: Virtual Key - Press | played: SemHaptic: mType=50038, mMagnitude=-1 | original: null
      10-07 23:28:09.104 |   effect |             finished | duration:   136ms | start: 23:28:09.108 | end: 23:28:09.240 | scale:     NONE (adaptive=1.00) | flags:    0 | usage: TOUCH | android (uid=1000, deviceId=0) | reason: Virtual Key - Press | played: SemHaptic: mType=50038, mMagnitude=-1 | original: null
      10-07 23:28:11.070 |   effect |             finished | duration:   135ms | start: 23:28:11.073 | end: 23:28:11.206 | scale:     NONE (adaptive=1.00) | flags:    0 | usage: TOUCH | android (uid=1000, deviceId=0) | reason: Virtual Key - Press | played: SemHaptic: mType=50038, mMagnitude=-1 | original: null
      10-07 23:28:13.070 |   effect |             finished | duration:   141ms | start: 23:28:13.073 | end: 23:28:13.211 | scale:     NONE (adaptive=1.00) | flags:    0 | usage: TOUCH | android (uid=1000, deviceId=0) | reason: Virtual Key - Press | played: SemHaptic: mType=50038, mMagnitude=-1 | original: null
      10-07 23:28:18.006 |   effect |             finished | duration:   135ms | start: 23:28:18.009 | end: 23:28:18.141 | scale:     NONE (adaptive=1.00) | flags:    0 | usage: TOUCH | android (uid=1000, deviceId=0) | reason: Virtual Key - Press | played: SemHaptic: mType=50038, mMagnitude=-1 | original: null
      10-07 23:28:18.937 |   effect |             finished | duration:   247ms | start: 23:28:18.940 | end: 23:28:19.183 | scale:     NONE (adaptive=1.00) | flags:    0 | usage: TOUCH | com.sec.android.app.launcher (uid=10162, deviceId=0) | reason: null | played: SemHaptic: mType=50051, mMagnitude=-1 | original: null
      10-07 23:28:31.788 |   effect |             finished | duration:   137ms | start: 23:28:31.793 | end: 23:28:31.925 | scale:     NONE (adaptive=1.00) | flags:    0 | usage: TOUCH | android (uid=1000, deviceId=0) | reason: Virtual Key - Press | played: SemHaptic: mType=50038, mMagnitude=-1 | original: null
      10-07 23:28:42.967 |   effect |             finished | duration:   133ms | start: 23:28:42.968 | end: 23:28:43.100 | scale:     NONE (adaptive=1.00) | flags:    0 | usage: TOUCH | android (uid=1000, deviceId=0) | reason: Virtual Key - Press | played: SemHaptic: mType=50038, mMagnitude=-1 | original: null
      10-07 23:28:48.103 |   effect |             finished | duration:   132ms | start: 23:28:48.105 | end: 23:28:48.236 | scale:     NONE (adaptive=1.00) | flags:    0 | usage: TOUCH | android (uid=1000, deviceId=0) | reason: Virtual Key - Press | played: SemHaptic: mType=50038, mMagnitude=-1 | original: null
      10-07 23:28:48.923 |   effect |             finished | duration:   246ms | start: 23:28:48.926 | end: 23:28:49.169 | scale:     NONE (adaptive=1.00) | flags:    0 | usage: TOUCH | com.sec.android.app.launcher (uid=10162, deviceId=0) | reason: null | played: SemHaptic: mType=50051, mMagnitude=-1 | original: null
      10-07 23:29:30.632 |   effect |             finished | duration:   135ms | start: 23:29:30.634 | end: 23:29:30.766 | scale:     NONE (adaptive=1.00) | flags:    0 | usage: TOUCH | android (uid=1000, deviceId=0) | reason: Virtual Key - Press | played: SemHaptic: mType=50038, mMagnitude=-1 | original: null
      10-07 23:29:46.145 |   effect |             finished | duration:   134ms | start: 23:29:46.146 | end: 23:29:46.279 | scale:     NONE (adaptive=1.00) | flags:    0 | usage: TOUCH | android (uid=1000, deviceId=0) | reason: Virtual Key - Press | played: SemHaptic: mType=50038, mMagnitude=-1 | original: null
      10-07 23:29:51.103 |   effect |             finished | duration:   133ms | start: 23:29:51.106 | end: 23:29:51.237 | scale:     NONE (adaptive=1.00) | flags:    0 | usage: TOUCH | android (uid=1000, deviceId=0) | reason: Virtual Key - Press | played: SemHaptic: mType=50038, mMagnitude=-1 | original: null
      10-07 23:29:52.109 |   effect |             finished | duration:   245ms | start: 23:29:52.112 | end: 23:29:52.355 | scale:     NONE (adaptive=1.00) | flags:    0 | usage: TOUCH | com.sec.android.app.launcher (uid=10162, deviceId=0) | reason: null | played: SemHaptic: mType=50051, mMagnitude=-1 | original: null
    
    NOTIFICATION:
      10-05 22:12:13.453 |   effect |             finished | duration:  1105ms | start: 22:12:13.456 | end: 22:12:14.558 | scale:     NONE (adaptive=1.00) | flags:    0 | usage: NOTIFICATION | android (uid=1000, deviceId=0) | reason: Notification (com.google.android.gms 10280) (Delayed) | played: SemHaptic: mType=50034, mMagnitude=-1 | original: null
      10-05 22:14:31.147 |   effect |             finished | duration:  1106ms | start: 22:14:31.149 | end: 22:14:32.254 | scale:     NONE (adaptive=1.00) | flags:    0 | usage: NOTIFICATION | android (uid=1000, deviceId=0) | reason: Notification (android 1000) (Delayed) | played: SemHaptic: mType=50034, mMagnitude=-1 | original: null
      10-05 23:03:34.591 |   effect |             finished | duration:  1106ms | start: 23:03:34.594 | end: 23:03:35.697 | scale:     NONE (adaptive=1.00) | flags:    0 | usage: NOTIFICATION | android (uid=1000, deviceId=0) | reason: Notification (android 1000) (Delayed) | played: SemHaptic: mType=50034, mMagnitude=-1 | original: null
      10-06 00:25:44.226 |   effect |             finished | duration:  1104ms | start: 00:25:44.228 | end: 00:25:45.330 | scale:     NONE (adaptive=1.00) | flags:    0 | usage: NOTIFICATION | android (uid=1000, deviceId=0) | reason: Notification (com.sec.android.daemonapp 10235) (Delayed) | played: SemHaptic: mType=50034, mMagnitude=-1 | original: null
      10-06 01:46:13.895 |   effect |             finished | duration:  1113ms | start: 01:46:13.901 | end: 01:46:15.008 | scale:     NONE (adaptive=1.00) | flags:    0 | usage: NOTIFICATION | android (uid=1000, deviceId=0) | reason: Notification (android 1000) (Delayed) | played: SemHaptic: mType=50034, mMagnitude=-1 | original: null
      10-06 01:55:54.138 |   effect |             finished | duration:   508ms | start: 01:55:54.143 | end: 01:55:54.646 | scale:     NONE (adaptive=1.00) | flags:    1 | usage: NOTIFICATION | android (uid=1000, deviceId=0) | reason: SmartAlertController | played: [Step=0ms(amplitude=0.00),Step=75ms(amplitude=-1.00),Step=25ms(amplitude=0.00),Step=75ms(amplitude=-1.00),Step=300ms(amplitude=0.00)] | original: null
      10-06 06:26:51.505 |   effect |             finished | duration:  1109ms | start: 06:26:51.508 | end: 06:26:52.614 | scale:     NONE (adaptive=1.00) | flags:    0 | usage: NOTIFICATION | android (uid=1000, deviceId=0) | reason: Notification (com.sec.android.daemonapp 10235) (Delayed) | played: SemHaptic: mType=50034, mMagnitude=-1 | original: null
      10-06 13:23:16.403 |   effect |             finished | duration:  1143ms | start: 13:23:16.441 | end: 13:23:17.546 | scale:     NONE (adaptive=1.00) | flags:    0 | usage: NOTIFICATION | android (uid=1000, deviceId=0) | reason: Notification (android 1000) (Delayed) | played: SemHaptic: mType=50034, mMagnitude=-1 | original: null
      10-06 17:23:17.146 |   effect |             finished | duration:  1107ms | start: 17:23:17.149 | end: 17:23:18.253 | scale:     NONE (adaptive=1.00) | flags:    0 | usage: NOTIFICATION | android (uid=1000, deviceId=0) | reason: Notification (android 1000) (Delayed) | played: SemHaptic: mType=50034, mMagnitude=-1 | original: null
      10-06 19:23:11.674 |   effect |             finished | duration:  1109ms | start: 19:23:11.679 | end: 19:23:12.783 | scale:     NONE (adaptive=1.00) | flags:    0 | usage: NOTIFICATION | android (uid=1000, deviceId=0) | reason: Notification (android 1000) (Delayed) | played: SemHaptic: mType=50034, mMagnitude=-1 | original: null
      10-06 22:46:29.647 |   effect |             finished | duration:  1104ms | start: 22:46:29.649 | end: 22:46:30.751 | scale:     NONE (adaptive=1.00) | flags:    0 | usage: NOTIFICATION | android (uid=1000, deviceId=0) | reason: Notification (com.sec.android.daemonapp 10235) (Delayed) | played: SemHaptic: mType=50034, mMagnitude=-1 | original: null
      10-07 01:03:21.607 |   effect |             finished | duration:  1103ms | start: 01:03:21.608 | end: 01:03:22.711 | scale:     NONE (adaptive=1.00) | flags:    0 | usage: NOTIFICATION | android (uid=1000, deviceId=0) | reason: Notification (com.sec.android.daemonapp 10235) (Delayed) | played: SemHaptic: mType=50034, mMagnitude=-1 | original: null
      10-07 03:06:54.860 |   effect |             finished | duration:  1110ms | start: 03:06:54.866 | end: 03:06:55.970 | scale:     NONE (adaptive=1.00) | flags:    0 | usage: NOTIFICATION | android (uid=1000, deviceId=0) | reason: Notification (android 1000) (Delayed) | played: SemHaptic: mType=50034, mMagnitude=-1 | original: null
      10-07 07:04:58.483 |   effect |             finished | duration:  1104ms | start: 07:04:58.485 | end: 07:04:59.587 | scale:     NONE (adaptive=1.00) | flags:    0 | usage: NOTIFICATION | android (uid=1000, deviceId=0) | reason: Notification (com.sec.android.daemonapp 10235) (Delayed) | played: SemHaptic: mType=50034, mMagnitude=-1 | original: null
      10-07 14:00:48.971 |   effect |             finished | duration:  1122ms | start: 14:00:48.989 | end: 14:00:50.093 | scale:     NONE (adaptive=1.00) | flags:    0 | usage: NOTIFICATION | android (uid=1000, deviceId=0) | reason: Notification (com.snowcorp.soda.android 10375) (Delayed) | played: SemHaptic: mType=50034, mMagnitude=-1 | original: null
      10-07 16:08:42.806 |   effect |             finished | duration:  1106ms | start: 16:08:42.809 | end: 16:08:43.912 | scale:     NONE (adaptive=1.00) | flags:    0 | usage: NOTIFICATION | android (uid=1000, deviceId=0) | reason: Notification (android 1000) (Delayed) | played: SemHaptic: mType=50034, mMagnitude=-1 | original: null
      10-07 17:23:15.749 |   effect |             finished | duration:  1107ms | start: 17:23:15.753 | end: 17:23:16.856 | scale:     NONE (adaptive=1.00) | flags:    0 | usage: NOTIFICATION | android (uid=1000, deviceId=0) | reason: Notification (android 1000) (Delayed) | played: SemHaptic: mType=50034, mMagnitude=-1 | original: null
      10-07 20:06:56.525 |   effect |             finished | duration:  1110ms | start: 20:06:56.531 | end: 20:06:57.634 | scale:     NONE (adaptive=1.00) | flags:    0 | usage: NOTIFICATION | android (uid=1000, deviceId=0) | reason: Notification (android 1000) (Delayed) | played: SemHaptic: mType=50034, mMagnitude=-1 | original: null
      10-07 23:12:28.149 |   effect |             finished | duration:   511ms | start: 23:12:28.154 | end: 23:12:28.661 | scale:     NONE (adaptive=1.00) | flags:    1 | usage: NOTIFICATION | android (uid=1000, deviceId=0) | reason: SmartAlertController | played: [Step=0ms(amplitude=0.00),Step=75ms(amplitude=-1.00),Step=25ms(amplitude=0.00),Step=75ms(amplitude=-1.00),Step=300ms(amplitude=0.00)] | original: null
    
  
  
  Aggregated vibration history:
    TOUCH:
      10-06 23:00:48.846 |   effect |             finished | duration:   112ms | start: 23:00:48.847 | end: 23:00:48.958 | scale:     NONE (adaptive=1.00) | flags:    0 | usage: TOUCH | com.android.systemui (uid=10048, deviceId=0) | reason: null | played: SemHaptic: mType=50065, mMagnitude=-1 | original: null
      10-07 23:12:33.867 |   effect |             finished | duration:   133ms | start: 23:12:33.868 | end: 23:12:34.000 | scale:     NONE (adaptive=1.00) | flags:    0 | usage: TOUCH | android (uid=1000, deviceId=0) | reason: Virtual Key - Press | played: SemHaptic: mType=50038, mMagnitude=-1 | original: null
      10-07 23:12:37.347 |   effect |             finished | duration:   132ms | start: 23:12:37.348 | end: 23:12:37.480 | scale:     NONE (adaptive=1.00) | flags:    0 | usage: TOUCH | android (uid=1000, deviceId=0) | reason: Virtual Key - Press | played: SemHaptic: mType=50038, mMagnitude=-1 | original: null
      10-07 23:13:30.592 |   effect |             finished | duration:   134ms | start: 23:13:30.594 | end: 23:13:30.726 | scale:     NONE (adaptive=1.00) | flags:    0 | usage: TOUCH | android (uid=1000, deviceId=0) | reason: Virtual Key - Press | played: SemHaptic: mType=50038, mMagnitude=-1 | original: null
      10-07 23:13:41.015 |   effect |             finished | duration:   134ms | start: 23:13:41.017 | end: 23:13:41.148 | scale:     NONE (adaptive=1.00) | flags:    0 | usage: TOUCH | android (uid=1000, deviceId=0) | reason: Virtual Key - Press | played: SemHaptic: mType=50038, mMagnitude=-1 | original: null
      10-07 23:13:46.060 |   effect |             finished | duration:   137ms | start: 23:13:46.064 | end: 23:13:46.196 | scale:     NONE (adaptive=1.00) | flags:    0 | usage: TOUCH | android (uid=1000, deviceId=0) | reason: Virtual Key - Press | played: SemHaptic: mType=50038, mMagnitude=-1 | original: null
      10-07 23:13:46.965 |   effect |             finished | duration:   247ms | start: 23:13:46.967 | end: 23:13:47.211 | scale:     NONE (adaptive=1.00) | flags:    0 | usage: TOUCH | com.sec.android.app.launcher (uid=10162, deviceId=0) | reason: null | played: SemHaptic: mType=50051, mMagnitude=-1 | original: null
      10-07 23:14:10.207 |   effect |             finished | duration:   138ms | start: 23:14:10.214 | end: 23:14:10.345 | scale:     NONE (adaptive=1.00) | flags:    0 | usage: TOUCH | android (uid=1000, deviceId=0) | reason: Virtual Key - Press | played: SemHaptic: mType=50038, mMagnitude=-1 | original: null
      10-07 23:14:20.928 |   effect | cancelled_superseded | duration:    23ms | start: 23:14:20.929 | end: 23:14:20.952 | scale:     NONE (adaptive=1.00) | flags:    0 | usage: TOUCH | com.sec.android.app.camera (uid=10123, deviceId=0) | reason: null | played: SemHaptic: mType=50061, mMagnitude=-1 | original: null
      10-07 23:14:20.935 |   effect |             finished | duration:   140ms | start: 23:14:20.953 | end: 23:14:21.074 | scale:     NONE (adaptive=1.00) | flags:    0 | usage: TOUCH | com.sec.android.app.camera (uid=10123, deviceId=0) | reason: null | played: SemHaptic: mType=50061, mMagnitude=-1 | original: null
      10-07 23:14:24.385 |   effect |             finished | duration:   603ms | start: 23:14:24.386 | end: 23:14:24.988 | scale:     NONE (adaptive=1.00) | flags:    0 | usage: TOUCH | com.sec.android.app.camera (uid=10123, deviceId=0) | reason: null | played: SemHaptic: mType=50072, mMagnitude=-1 | original: null
      10-07 23:14:25.959 |   effect |             finished | duration:   138ms | start: 23:14:25.961 | end: 23:14:26.097 | scale:     NONE (adaptive=1.00) | flags:    0 | usage: TOUCH | android (uid=1000, deviceId=0) | reason: Virtual Key - Press | played: SemHaptic: mType=50038, mMagnitude=-1 | original: null
      10-07 23:14:31.024 |   effect |             finished | duration:   135ms | start: 23:14:31.028 | end: 23:14:31.158 | scale:     NONE (adaptive=1.00) | flags:    0 | usage: TOUCH | android (uid=1000, deviceId=0) | reason: Virtual Key - Press | played: SemHaptic: mType=50038, mMagnitude=-1 | original: null
      10-07 23:14:32.025 |   effect |             finished | duration:   246ms | start: 23:14:32.027 | end: 23:14:32.271 | scale:     NONE (adaptive=1.00) | flags:    0 | usage: TOUCH | com.sec.android.app.launcher (uid=10162, deviceId=0) | reason: null | played: SemHaptic: mType=50051, mMagnitude=-1 | original: null
      10-07 23:15:09.920 |   effect |             finished | duration:   135ms | start: 23:15:09.923 | end: 23:15:10.055 | scale:     NONE (adaptive=1.00) | flags:    0 | usage: TOUCH | android (uid=1000, deviceId=0) | reason: Virtual Key - Press | played: SemHaptic: mType=50038, mMagnitude=-1 | original: null
      10-07 23:15:21.102 |   effect |             finished | duration:   117ms | start: 23:15:21.105 | end: 23:15:21.219 | scale:     NONE (adaptive=1.00) | flags:    0 | usage: TOUCH | com.kakao.talk (uid=10365, deviceId=0) | reason: performHapticFeedback(constant=6): View#performHapticFeedback | played: SemHaptic: mType=50065, mMagnitude=-1 | original: null
      10-07 23:15:46.046 |   effect |             finished | duration:   132ms | start: 23:15:46.048 | end: 23:15:46.179 | scale:     NONE (adaptive=1.00) | flags:    0 | usage: TOUCH | android (uid=1000, deviceId=0) | reason: Virtual Key - Press | played: SemHaptic: mType=50038, mMagnitude=-1 | original: null
      10-07 23:15:46.983 |   effect |             finished | duration:   243ms | start: 23:15:46.984 | end: 23:15:47.225 | scale:     NONE (adaptive=1.00) | flags:    0 | usage: TOUCH | com.sec.android.app.launcher (uid=10162, deviceId=0) | reason: null | played: SemHaptic: mType=50051, mMagnitude=-1 | original: null
      10-07 23:16:02.879 |   effect |             finished | duration:   135ms | start: 23:16:02.883 | end: 23:16:03.014 | scale:     NONE (adaptive=1.00) | flags:    0 | usage: TOUCH | android (uid=1000, deviceId=0) | reason: Virtual Key - Press | played: SemHaptic: mType=50038, mMagnitude=-1 | original: null
      10-07 23:16:14.047 |   effect |             finished | duration:   115ms | start: 23:16:14.049 | end: 23:16:14.162 | scale:     NONE (adaptive=1.00) | flags:    0 | usage: TOUCH | com.kakao.talk (uid=10365, deviceId=0) | reason: performHapticFeedback(constant=6): View#performHapticFeedback | played: SemHaptic: mType=50065, mMagnitude=-1 | original: null
      10-07 23:16:39.009 |   effect | cancelled_superseded | duration:   103ms | start: 23:16:39.012 | end: 23:16:39.113 | scale:     NONE (adaptive=1.00) | flags:    0 | usage: TOUCH | com.sec.android.app.camera (uid=10123, deviceId=0) | reason: null | played: SemHaptic: mType=50061, mMagnitude=-1 | original: null
      10-07 23:16:39.112 |   effect |             finished | duration:   603ms | start: 23:16:39.114 | end: 23:16:39.714 | scale:     NONE (adaptive=1.00) | flags:    0 | usage: TOUCH | com.sec.android.app.camera (uid=10123, deviceId=0) | reason: null | played: SemHaptic: mType=50072, mMagnitude=-1 | original: null
      10-07 23:16:49.063 |   effect |             finished | duration:   136ms | start: 23:16:49.069 | end: 23:16:49.199 | scale:     NONE (adaptive=1.00) | flags:    0 | usage: TOUCH | android (uid=1000, deviceId=0) | reason: Virtual Key - Press | played: SemHaptic: mType=50038, mMagnitude=-1 | original: null
      10-07 23:16:50.003 |   effect |             finished | duration:   247ms | start: 23:16:50.006 | end: 23:16:50.251 | scale:     NONE (adaptive=1.00) | flags:    0 | usage: TOUCH | com.sec.android.app.launcher (uid=10162, deviceId=0) | reason: null | played: SemHaptic: mType=50051, mMagnitude=-1 | original: null
      10-07 23:19:39.566 |   effect |             finished | duration:   137ms | start: 23:19:39.573 | end: 23:19:39.704 | scale:     NONE (adaptive=1.00) | flags:    0 | usage: TOUCH | android (uid=1000, deviceId=0) | reason: Virtual Key - Press | played: SemHaptic: mType=50038, mMagnitude=-1 | original: null
      10-07 23:19:50.042 |   effect |             finished | duration:   120ms | start: 23:19:50.049 | end: 23:19:50.162 | scale:     NONE (adaptive=1.00) | flags:    0 | usage: TOUCH | com.kakao.talk (uid=10365, deviceId=0) | reason: performHapticFeedback(constant=6): View#performHapticFeedback | played: SemHaptic: mType=50065, mMagnitude=-1 | original: null
      10-07 23:20:15.076 |   effect |             finished | duration:   126ms | start: 23:20:15.080 | end: 23:20:15.202 | scale:     NONE (adaptive=1.00) | flags:    0 | usage: TOUCH | com.sec.android.app.camera (uid=10123, deviceId=0) | reason: null | played: SemHaptic: mType=50061, mMagnitude=-1 | original: null
      10-07 23:20:15.207 |   effect |             finished | duration:   605ms | start: 23:20:15.208 | end: 23:20:15.812 | scale:     NONE (adaptive=1.00) | flags:    0 | usage: TOUCH | com.sec.android.app.camera (uid=10123, deviceId=0) | reason: null | played: SemHaptic: mType=50072, mMagnitude=-1 | original: null
      10-07 23:20:30.052 |   effect |             finished | duration:   134ms | start: 23:20:30.055 | end: 23:20:30.186 | scale:     NONE (adaptive=1.00) | flags:    0 | usage: TOUCH | android (uid=1000, deviceId=0) | reason: Virtual Key - Press | played: SemHaptic: mType=50038, mMagnitude=-1 | original: null
      10-07 23:20:31.071 |   effect |             finished | duration:   246ms | start: 23:20:31.073 | end: 23:20:31.316 | scale:     NONE (adaptive=1.00) | flags:    0 | usage: TOUCH | com.sec.android.app.launcher (uid=10162, deviceId=0) | reason: null | played: SemHaptic: mType=50051, mMagnitude=-1 | original: null
      10-07 23:20:47.240 |   effect |             finished | duration:   140ms | start: 23:20:47.247 | end: 23:20:47.379 | scale:     NONE (adaptive=1.00) | flags:    0 | usage: TOUCH | android (uid=1000, deviceId=0) | reason: Virtual Key - Press | played: SemHaptic: mType=50038, mMagnitude=-1 | original: null
      10-07 23:20:58.093 |   effect |             finished | duration:   116ms | start: 23:20:58.095 | end: 23:20:58.209 | scale:     NONE (adaptive=1.00) | flags:    0 | usage: TOUCH | com.kakao.talk (uid=10365, deviceId=0) | reason: performHapticFeedback(constant=6): View#performHapticFeedback | played: SemHaptic: mType=50065, mMagnitude=-1 | original: null
      10-07 23:21:28.103 |   effect |             finished | duration:   135ms | start: 23:21:28.106 | end: 23:21:28.237 | scale:     NONE (adaptive=1.00) | flags:    0 | usage: TOUCH | android (uid=1000, deviceId=0) | reason: Virtual Key - Press | played: SemHaptic: mType=50038, mMagnitude=-1 | original: null
      10-07 23:21:29.101 |   effect |             finished | duration:   244ms | start: 23:21:29.103 | end: 23:21:29.345 | scale:     NONE (adaptive=1.00) | flags:    0 | usage: TOUCH | com.sec.android.app.launcher (uid=10162, deviceId=0) | reason: null | played: SemHaptic: mType=50051, mMagnitude=-1 | original: null
      10-07 23:21:48.300 |   effect |             finished | duration:   135ms | start: 23:21:48.306 | end: 23:21:48.436 | scale:     NONE (adaptive=1.00) | flags:    0 | usage: TOUCH | android (uid=1000, deviceId=0) | reason: Virtual Key - Press | played: SemHaptic: mType=50038, mMagnitude=-1 | original: null
      10-07 23:22:14.044 |   effect |             finished | duration:   138ms | start: 23:22:14.046 | end: 23:22:14.182 | scale:     NONE (adaptive=1.00) | flags:    0 | usage: TOUCH | android (uid=1000, deviceId=0) | reason: Virtual Key - Press | played: SemHaptic: mType=50038, mMagnitude=-1 | original: null
      10-07 23:22:15.995 |   effect |             finished | duration:   136ms | start: 23:22:15.999 | end: 23:22:16.130 | scale:     NONE (adaptive=1.00) | flags:    0 | usage: TOUCH | android (uid=1000, deviceId=0) | reason: Virtual Key - Press | played: SemHaptic: mType=50038, mMagnitude=-1 | original: null
      10-07 23:22:18.071 |   effect |             finished | duration:   133ms | start: 23:22:18.072 | end: 23:22:18.205 | scale:     NONE (adaptive=1.00) | flags:    0 | usage: TOUCH | android (uid=1000, deviceId=0) | reason: Virtual Key - Press | played: SemHaptic: mType=50038, mMagnitude=-1 | original: null
      10-07 23:22:20.026 |   effect |             finished | duration:   133ms | start: 23:22:20.028 | end: 23:22:20.160 | scale:     NONE (adaptive=1.00) | flags:    0 | usage: TOUCH | android (uid=1000, deviceId=0) | reason: Virtual Key - Press | played: SemHaptic: mType=50038, mMagnitude=-1 | original: null
      10-07 23:22:25.136 |   effect |             finished | duration:   135ms | start: 23:22:25.141 | end: 23:22:25.271 | scale:     NONE (adaptive=1.00) | flags:    0 | usage: TOUCH | android (uid=1000, deviceId=0) | reason: Virtual Key - Press | played: SemHaptic: mType=50038, mMagnitude=-1 | original: null
      10-07 23:22:25.964 |   effect |             finished | duration:   244ms | start: 23:22:25.967 | end: 23:22:26.210 | scale:     NONE (adaptive=1.00) | flags:    0 | usage: TOUCH | com.sec.android.app.launcher (uid=10162, deviceId=0) | reason: null | played: SemHaptic: mType=50051, mMagnitude=-1 | original: null
      10-07 23:22:42.754 |   effect |             finished | duration:   134ms | start: 23:22:42.757 | end: 23:22:42.889 | scale:     NONE (adaptive=1.00) | flags:    0 | usage: TOUCH | android (uid=1000, deviceId=0) | reason: Virtual Key - Press | played: SemHaptic: mType=50038, mMagnitude=-1 | original: null
      10-07 23:23:09.042 |   effect |             finished | duration:    40ms | start: 23:23:09.044 | end: 23:23:09.082 | scale:     NONE (adaptive=1.00) | flags:    0 | usage: TOUCH | org.telegram.messenger (uid=10366, deviceId=0) | reason: null | played: [Step=0ms(amplitude=0.00),Step=1ms(amplitude=-1.00)] | original: null
      10-07 23:23:13.954 |   effect |             finished | duration:   135ms | start: 23:23:13.956 | end: 23:23:14.090 | scale:     NONE (adaptive=1.00) | flags:    0 | usage: TOUCH | android (uid=1000, deviceId=0) | reason: Virtual Key - Press | played: SemHaptic: mType=50038, mMagnitude=-1 | original: null
      10-07 23:23:16.020 |   effect |             finished | duration:   133ms | start: 23:23:16.022 | end: 23:23:16.154 | scale:     NONE (adaptive=1.00) | flags:    0 | usage: TOUCH | android (uid=1000, deviceId=0) | reason: Virtual Key - Press | played: SemHaptic: mType=50038, mMagnitude=-1 | original: null
      10-07 23:23:41.371 |   effect |             finished | duration:   134ms | start: 23:23:41.374 | end: 23:23:41.506 | scale:     NONE (adaptive=1.00) | flags:    0 | usage: TOUCH | android (uid=1000, deviceId=0) | reason: Virtual Key - Press | played: SemHaptic: mType=50038, mMagnitude=-1 | original: null
      10-07 23:23:42.312 |   effect |             finished | duration:   132ms | start: 23:23:42.313 | end: 23:23:42.445 | scale:     NONE (adaptive=1.00) | flags:    0 | usage: TOUCH | android (uid=1000, deviceId=0) | reason: Virtual Key - Press | played: SemHaptic: mType=50038, mMagnitude=-1 | original: null
      10-07 23:23:43.593 |   effect |             finished | duration:   133ms | start: 23:23:43.594 | end: 23:23:43.726 | scale:     NONE (adaptive=1.00) | flags:    0 | usage: TOUCH | android (uid=1000, deviceId=0) | reason: Virtual Key - Press | played: SemHaptic: mType=50038, mMagnitude=-1 | original: null
      10-07 23:23:45.433 |   effect |             finished | duration:   115ms | start: 23:23:45.436 | end: 23:23:45.548 | scale:     NONE (adaptive=1.00) | flags:    0 | usage: TOUCH | com.sec.android.app.launcher (uid=10162, deviceId=0) | reason: null | played: SemHaptic: mType=50065, mMagnitude=-1 | original: null
      10-07 23:26:02.964 |   effect |             finished | duration:   134ms | start: 23:26:02.967 | end: 23:26:03.098 | scale:     NONE (adaptive=1.00) | flags:    0 | usage: TOUCH | android (uid=1000, deviceId=0) | reason: Virtual Key - Press | played: SemHaptic: mType=50038, mMagnitude=-1 | original: null
      10-07 23:26:29.028 |   effect |             finished | duration:    41ms | start: 23:26:29.031 | end: 23:26:29.068 | scale:     NONE (adaptive=1.00) | flags:    0 | usage: TOUCH | org.telegram.messenger (uid=10366, deviceId=0) | reason: null | played: [Step=0ms(amplitude=0.00),Step=1ms(amplitude=-1.00)] | original: null
      10-07 23:26:39.091 |   effect |             finished | duration:   135ms | start: 23:26:39.094 | end: 23:26:39.226 | scale:     NONE (adaptive=1.00) | flags:    0 | usage: TOUCH | android (uid=1000, deviceId=0) | reason: Virtual Key - Press | played: SemHaptic: mType=50038, mMagnitude=-1 | original: null
    
  
  
  VibratorControlService:
    isVibratorControllerRegistered = false
    hasPendingVibrationParamsRequest = false
    
    Vibration parameters update history:
  
  Vibrator information
    Motor type : MOTOR_LINEAR_INDEX (5)
    Motor group : SEM_SUPPORTED_VIBRATION_TYPE_D
      prebakedHapticPattern : true
      hapticEngine : true
      enhancedSamsungHapticPattern : false
      intensityControl : true
      indexWideBand : false
    SUPPORT_ACH : true
  
  VibrationSettings information
    mIsHapticSupported = true
    mIsEnableIntensity = true
    mCallMagnitude = 10000
    mNotiMagnitude = 10000
    mTouchMagnitude = 4000
    mMediaMagnitude = 10000
    mForceMagnitude = 10000
    LEVEL_TO_MAGNITUDE = [0, 2000, 4000, 6000, 8000, 10000]
    LEVEL_TO_TOUCH_MAGNITUDE = [0, 3000, 4000, 6000, 8000, 10000]
  
