CameraService_worker is up and running
	Camera is opened: false

	Dump of CameraServiceWorker CAMERA_EVENT
		2025-10-05 22:15:42.466 +0900, Open camera(0) for org.telegram.messenger
		2025-10-05 22:15:53.880 +0900, Close camera(0) for org.telegram.messenger
		2025-10-05 22:16:51.442 +0900, Open camera(0) for org.telegram.messenger
		2025-10-05 22:17:09.822 +0900, Close camera(0) for org.telegram.messenger
		2025-10-05 22:17:49.347 +0900, Open camera(0) for org.telegram.messenger
		2025-10-05 22:18:03.820 +0900, Close camera(0) for org.telegram.messenger
		2025-10-05 22:19:03.372 +0900, Open camera(0) for org.telegram.messenger
		2025-10-05 22:19:08.261 +0900, Close camera(0) for org.telegram.messenger
		2025-10-05 22:19:51.857 +0900, Open camera(0) for com.peace.SilentCamera
		2025-10-05 22:19:57.151 +0900, Close camera(0) for com.peace.SilentCamera
		2025-10-05 22:20:23.813 +0900, Open camera(0) for com.peace.SilentCamera
		2025-10-05 22:20:34.206 +0900, Close camera(0) for com.peace.SilentCamera

	Fold Event
		Last fold state: 6

	Dump of CameraServiceWorker FOLD_EVENT
		2025-10-05 22:11:48.716 +0900, Fold state changed, DeviceState{identifier=0, name='DEFAULT', app_accessible=true, cancel_when_requester_not_on_top=false}

	Shake EventListener: false
	Last event: No event.

	Dump of CameraServiceWorker SHAKE_EVENT_LISTENER

	Dump of Request Injector Service Activity
		Total # of ExtraRequest: 0

	Dump of Request Injector Allow List
		Total # of allow list: 14
		com.bluejeansnet.Base
		com.cisco.webex.meetings
		com.cisco.wx2.android
		com.facebook.orca
		com.google.android.apps.meetings
		com.google.android.apps.tachyon
		com.google.android.gm
		com.kakao.talk
		com.microsoft.teams
		com.sds.meeting
		com.sds.sdsmeeting
		com.tencent.mm
		com.whatsapp
		us.zoom.videomeetings

	Dump of ScpmReceiver list

	Policy Type : CAMERA_3RD_PARTY

	Current list : version - 2025051511
		Y29tLmhhbmFiYW5rLmViay5jaGFubmVsLmFuZHJvaWQuaGFuYW5iYW5r arg1: 1 arg2: 3rdAppPolicy:3.0c
		Y29tLmludHNpZy5CQ1JMaXRl arg1: 1 arg2: 3rdAppPolicy:3.0c
		Y29tLmludHNpZy5CaXpDYXJkUmVhZGVy arg1: 1 arg2: 3rdAppPolicy:3.0c
		Y29tLmtha2FvYmFuay5jaGFubmVs arg1: 1 arg2: 3rdAppPolicy:3.0c
		Y29tLnNoaW5oYW4uc2Jhbmtpbmc= arg1: 1 arg2: 3rdAppPolicy:3.0c
		a3Iub3Iuc2JiYW5rLnBsdXM= arg1: 1 arg2: 3rdAppPolicy:3.0c
		bmguc21hcnQuYmFua2luZw== arg1: 1 arg2: 3rdAppPolicy:3.0c
		Y29tLmppbnNpdC5zYWZlcGFzcw== arg1: 16 arg2: 3rdAppPolicy:3.0c
		Y29tLnppbmcuemFsbw== arg1: 256 arg2: 3rdAppPolicy:3.0c
		bmF0aXguYWkuZHJpdmUubWFwLm1vdmUuZWFybi53ZWIz arg1: 256 arg2: 3rdAppPolicy:3.0c
		bmV0Lmxvdm9vLmFuZHJvaWQ= arg1: 256 arg2: 3rdAppPolicy:3.0c
		Y29tLmFsaWJhYmEuYW5kcm9pZC5yaW1ldA== arg1: 260 arg2: 3rdAppPolicy:3.0c
		Y29tLmFuZHJvaWQuY2hyb21l arg1: 260 arg2: 3rdAppPolicy:3.0c
		Y29tLmNpc2NvLndlYmV4Lm1lZXRpbmdz arg1: 260 arg2: 3rdAppPolicy:3.0c
		Y29tLmNpc2NvLnd4Mi5hbmRyb2lk arg1: 260 arg2: 3rdAppPolicy:3.0c
		Y29tLmRpc2NvcmQ= arg1: 260 arg2: 3rdAppPolicy:3.0c
		Y29tLmdvb2dsZS5hbmRyb2lkLmFwcHMubWVldGluZ3M= arg1: 260 arg2: 3rdAppPolicy:3.0c
		Y29tLmdvb2dsZS5hbmRyb2lkLmFwcHMudGFjaHlvbg== arg1: 260 arg2: 3rdAppPolicy:3.0c
		Y29tLmdvb2dsZS5hbmRyb2lkLmdt arg1: 260 arg2: 3rdAppPolicy:3.0c
		Y29tLmdvb2dsZS5hbmRyb2lkLnRhbGs= arg1: 260 arg2: 3rdAppPolicy:3.0c
		Y29tLmltby5hbmRyb2lkLmltb2lt arg1: 260 arg2: 3rdAppPolicy:3.0c
		Y29tLmt0Lm5hcmxl arg1: 260 arg2: 3rdAppPolicy:3.0c
		Y29tLm1pY3Jvc29mdC50ZWFtcw== arg1: 260 arg2: 3rdAppPolicy:3.0c
		Y29tLnNhbXN1bmcuYW5kcm9pZC5hcmRyYXdpbmc= arg1: 260 arg2: 3rdAppPolicy:3.0c
		Y29tLnNkcy5tZWV0aW5n arg1: 260 arg2: 3rdAppPolicy:3.0c
		Y29tLnNkcy5zZHNtZWV0aW5n arg1: 260 arg2: 3rdAppPolicy:3.0c
		Y29tLnNlYy5zdmU= arg1: 260 arg2: 3rdAppPolicy:3.0c
		Y29tLnNnaWdnbGUucHJvZHVjdGlvbg== arg1: 260 arg2: 3rdAppPolicy:3.0c
		Y29tLnNrdC5wcm9kLmRpYWxlcg== arg1: 260 arg2: 3rdAppPolicy:3.0c
		Y29tLnNreXBlLmluc2lkZXJz arg1: 260 arg2: 3rdAppPolicy:3.0c
		Y29tLnNreXBlLnJhaWRlcg== arg1: 260 arg2: 3rdAppPolicy:3.0c
		Y29tLnRlbmNlbnQubW0= arg1: 260 arg2: 3rdAppPolicy:3.0c
		Y29tLnRlbmNlbnQubW9iaWxlcXE= arg1: 260 arg2: 3rdAppPolicy:3.0c
		Y29tLnRlbmNlbnQudGlt arg1: 260 arg2: 3rdAppPolicy:3.0c
		Y29tLnZpYmVyLnZvaXA= arg1: 260 arg2: 3rdAppPolicy:3.0c
		Y29tLndlc2Nhbi5hbG8= arg1: 260 arg2: 3rdAppPolicy:3.0c
		aW0udGhlYm90Lm1lc3Nlbmdlcg== arg1: 260 arg2: 3rdAppPolicy:3.0c
		anAubmF2ZXIubGluZS5hbmRyb2lk arg1: 260 arg2: 3rdAppPolicy:3.0c
		b3JnLmppdHNpLm1lZXQ= arg1: 260 arg2: 3rdAppPolicy:3.0c
		b3JnLnRlbGVncmFtLm1lc3Nlbmdlcg== arg1: 260 arg2: 3rdAppPolicy:3.0c
		b3JnLnRob3VnaHRjcmltZS5zZWN1cmVzbXM= arg1: 260 arg2: 3rdAppPolicy:3.0c
		dXMuem9vbS52aWRlb21lZXRpbmdz arg1: 260 arg2: 3rdAppPolicy:3.0c
		Y29tLmtha2FvLnRhbGs= arg1: 262 arg2: 3rdAppPolicy:3.0c
		Y29tLm5pYW50aWNsYWJzLnBva2Vtb25nbw== arg1: 264 arg2: 3rdAppPolicy:3.0c
		c2cuYmlnby5saXZl arg1: 292 arg2: 3rdAppPolicy:3.0c
		Y29tLnNrdC50bWFwLmt1 arg1: 296 arg2: 3rdAppPolicy:3.0c
		Y29tLnByaXNtLmxpdmU= arg1: 352 arg2: 3rdAppPolicy:3.0c
		Y29tLnNvY2lhbC5tZWRpYS5icm9hZGNhc3QuYW9zcG9wLmU= arg1: 352 arg2: 3rdAppPolicy:3.0c
		Y29tLnZhdWx0bWljcm8uY2FtZXJhZmkubGl2ZQ== arg1: 352 arg2: 3rdAppPolicy:3.0c
		a3IuY28ubm93Y29tLm1vYmlsZS5hZnJlZWNh arg1: 352 arg2: 3rdAppPolicy:3.0c
		Y29tLmNhbXBtb2JpbGUuc25vdw== arg1: 512 arg2: 3rdAppPolicy:3.0c
		Y29tLmdvcmdlb3VzLmxpdGVpbnRlcm5hdGlvbmFs arg1: 512 arg2: 3rdAppPolicy:3.0c
		Y29tLmluc3RhZ3JhbS5hbmRyb2lk arg1: 512 arg2: 3rdAppPolicy:3.0c
		Y29tLmxpbmVjb3JwLmI2MTIuYW5kcm9pZA== arg1: 512 arg2: 3rdAppPolicy:3.0c
		Y29tLnNhbXN1bmcuYW5kcm9pZC5od3Jlc291cmNlc2hhcmU= arg1: 512 arg2: 3rdAppPolicy:3.0c
		Y29tLnNpbmEud2VpYm8= arg1: 512 arg2: 3rdAppPolicy:3.0c
		Y29tLnNub3djb3JwLnNvZGEuYW5kcm9pZA== arg1: 512 arg2: 3rdAppPolicy:3.0c
		Y29tLnNzLmFuZHJvaWQudWdj arg1: 512 arg2: 3rdAppPolicy:3.0c
		Y29tLnNzLmFuZHJvaWQudWdjLnRyaWxs arg1: 512 arg2: 3rdAppPolicy:3.0c
		Y29tLnR3aXR0ZXIuYW5kcm9pZA== arg1: 512 arg2: 3rdAppPolicy:3.0c
		Y29tLnlpcnVpa2Uuc29kYWNuLmFuZHJvaWQ= arg1: 512 arg2: 3rdAppPolicy:3.0c
		Y29tLnpoaWxpYW9hcHAubXVzaWNhbGx5 arg1: 512 arg2: 3rdAppPolicy:3.0c
		Y29tLnNuYXBjaGF0LmFuZHJvaWQ= arg1: 516 arg2: 3rdAppPolicy:3.0c
		Y29tLmZhY2Vib29rLmthdGFuYQ== arg1: 772 arg2: 3rdAppPolicy:3.0c
		Y29tLmZhY2Vib29rLm9yY2E= arg1: 772 arg2: 3rdAppPolicy:3.0c
		Y29tLndoYXRzYXBw arg1: 2820 arg2: 3rdAppPolicy:3.0c
		Y29tLndoYXRzYXBwLnc0Yg== arg1: 2820 arg2: 0

	Policy Type : HIDDEN_ID_PERMITTED

	Current list : version - 2024071000
		Y29tLmZhY3RvcnkubW1pZ3JvdXA= arg1: 1 arg2: 
		Y29tLnZhbC5oYXJkd2FyZQ== arg1: 1 arg2: 
		Y29tLmxvbmdjaGVlci5taWR0ZXN0 arg1: 1 arg2: 
		Y29tLnNhbXN1bmc= arg1: 2 arg2: 
		Y29tLnNlYw== arg1: 2 arg2: 
		Y2xpZW50LnBpZA== arg1: 2 arg2: 
		Y29tLmRpYW1vbmQuYXBw arg1: 2 arg2: 
		Y29tLndhbG1hcnQuZGlhbW9uZC5hcHA= arg1: 2 arg2: 
		Y29tLnNuYXBjaGF0LmFuZHJvaWQ= arg1: 2 arg2: 
		aWUuZ2FyZGEuYW5kcm9pZC5hbnBy arg1: 2 arg2: 
		Y29tLnF1cmFtc29mdC50YWN0aWNzY2FtZXJh arg1: 2 arg2: 
		Y29tLnNyYnIuYXBwLnNlbnNvcnByb3h5 arg1: 2 arg2: 
		Y29tLnByaXNtLmxpdmU= arg1: 2 arg2: 
		Y29tLnNzLmFuZHJvaWQudWdjLmF3ZW1l arg1: 2 arg2: 
		Y29tLnNzLmFuZHJvaWQudWdjLnRyaWxs arg1: 2 arg2: 
		Y29tLnpoaWxpYW9hcHAubXVzaWNhbGx5 arg1: 2 arg2: 
		Y29tLmNhbXBtb2JpbGUuc25vdw== arg1: 2 arg2: 
		Y29tLmxpbmVjb3JwLmI2MTIuYW5kcm9pZA== arg1: 2 arg2: 
		Y29tLmxpbmVjb3JwLmZvb2RjYW0uYW5kcm9pZA== arg1: 2 arg2: 
		Y29tLmxpbmVjb3JwLmZvb2RjYW1jbi5hbmRyb2lk arg1: 2 arg2: 
		Y29tLnNub3djb3JwLnNvZGEuYW5kcm9pZA== arg1: 2 arg2: 
		Y29tLnlpcnVpa2Uuc29kYWNuLmFuZHJvaWQ= arg1: 2 arg2: 

	Dump of CameraServiceWorker REQUEST_INJECTOR_SERVICE
		2025-10-05 22:11:49.255 +0900, VT Camera Setting exists. Register camera listener.
		2025-10-05 22:12:10.667 +0900, VT Camera provider exist. Observer registered.
		2025-10-05 22:12:10.668 +0900, VtCameraProviderObserver.onChange(true)
		2025-10-05 22:12:10.899 +0900, onChange: Adding com.bluejeansnet.Base(88) to allow list
		2025-10-05 22:12:10.899 +0900, onChange: Adding com.cisco.webex.meetings(89) to allow list
		2025-10-05 22:12:10.899 +0900, onChange: Adding com.cisco.wx2.android(90) to allow list
		2025-10-05 22:12:10.899 +0900, onChange: Adding com.facebook.orca(91) to allow list
		2025-10-05 22:12:10.899 +0900, onChange: Adding com.google.android.apps.meetings(92) to allow list
		2025-10-05 22:12:10.899 +0900, onChange: Adding com.google.android.apps.tachyon(93) to allow list
		2025-10-05 22:12:10.899 +0900, onChange: Adding com.google.android.gm(94) to allow list
		2025-10-05 22:12:10.899 +0900, onChange: Adding com.kakao.talk(97) to allow list
		2025-10-05 22:12:10.899 +0900, onChange: Adding com.microsoft.teams(98) to allow list
		2025-10-05 22:12:10.899 +0900, onChange: Adding com.sds.meeting(99) to allow list
		2025-10-05 22:12:10.899 +0900, onChange: Adding com.sds.sdsmeeting(100) to allow list
		2025-10-05 22:12:10.899 +0900, onChange: Adding com.tencent.mm(101) to allow list
		2025-10-05 22:12:10.899 +0900, onChange: Adding com.whatsapp(102) to allow list
		2025-10-05 22:12:10.899 +0900, onChange: Adding us.zoom.videomeetings(103) to allow list
		2025-10-05 22:12:10.900 +0900, Updating allowed package list for request injector is done
		2025-10-05 22:12:10.900 +0900, Updating allowed package list for request injector is done
		2025-10-05 22:12:10.902 +0900, sendAllExtraRequestsToRequestInjector
		2025-10-05 22:12:10.902 +0900, sendExtraRequestsToRequestInjector updated size = 0
		2025-10-05 22:12:10.902 +0900, sendExtraRequestsToRequestInjector done
		2025-10-05 22:12:29.976 +0900, applyRequests requests size = 1
		2025-10-05 22:12:29.976 +0900,   PersistableBundle[{key.i32=[], key.tagName=android.control.aeTargetFpsRange}]
		2025-10-05 22:12:29.976 +0900, sendExtraRequestsToRequestInjector updated size = 1
		2025-10-05 22:12:29.976 +0900,   PersistableBundle[{key.i32=[], key.tagName=android.control.aeTargetFpsRange}]
		2025-10-05 22:12:29.978 +0900, sendExtraRequestsToRequestInjector done
		2025-10-05 22:12:31.755 +0900, applyRequests requests size = 1
		2025-10-05 22:12:31.755 +0900,   PersistableBundle[{key.i32=[], key.tagName=android.control.aeTargetFpsRange}]
		2025-10-05 22:12:31.755 +0900, sendExtraRequestsToRequestInjector updated size = 1
		2025-10-05 22:12:31.755 +0900,   PersistableBundle[{key.i32=[], key.tagName=android.control.aeTargetFpsRange}]
		2025-10-05 22:12:31.755 +0900, sendExtraRequestsToRequestInjector done
		2025-10-05 22:15:42.555 +0900, applyRequests requests size = 1
		2025-10-05 22:15:42.555 +0900,   PersistableBundle[{key.i32=[], key.tagName=android.control.aeTargetFpsRange}]
		2025-10-05 22:15:42.555 +0900, sendExtraRequestsToRequestInjector updated size = 1
		2025-10-05 22:15:42.555 +0900,   PersistableBundle[{key.i32=[], key.tagName=android.control.aeTargetFpsRange}]
		2025-10-05 22:15:42.555 +0900, sendExtraRequestsToRequestInjector done
		2025-10-05 22:16:51.448 +0900, applyRequests requests size = 1
		2025-10-05 22:16:51.448 +0900,   PersistableBundle[{key.i32=[], key.tagName=android.control.aeTargetFpsRange}]
		2025-10-05 22:16:51.449 +0900, sendExtraRequestsToRequestInjector updated size = 1
		2025-10-05 22:16:51.450 +0900,   PersistableBundle[{key.i32=[], key.tagName=android.control.aeTargetFpsRange}]
		2025-10-05 22:16:51.450 +0900, sendExtraRequestsToRequestInjector done
		2025-10-05 22:17:49.361 +0900, applyRequests requests size = 1
		2025-10-05 22:17:49.362 +0900,   PersistableBundle[{key.i32=[], key.tagName=android.control.aeTargetFpsRange}]
		2025-10-05 22:17:49.362 +0900, sendExtraRequestsToRequestInjector updated size = 1
		2025-10-05 22:17:49.362 +0900,   PersistableBundle[{key.i32=[], key.tagName=android.control.aeTargetFpsRange}]
		2025-10-05 22:17:49.365 +0900, sendExtraRequestsToRequestInjector done
		2025-10-05 22:19:03.369 +0900, applyRequests requests size = 1
		2025-10-05 22:19:03.370 +0900,   PersistableBundle[{key.i32=[], key.tagName=android.control.aeTargetFpsRange}]
		2025-10-05 22:19:03.370 +0900, sendExtraRequestsToRequestInjector updated size = 1
		2025-10-05 22:19:03.370 +0900,   PersistableBundle[{key.i32=[], key.tagName=android.control.aeTargetFpsRange}]
		2025-10-05 22:19:03.373 +0900, sendExtraRequestsToRequestInjector done
		2025-10-05 22:19:51.859 +0900, applyRequests requests size = 1
		2025-10-05 22:19:51.859 +0900,   PersistableBundle[{key.i32=[], key.tagName=android.control.aeTargetFpsRange}]
		2025-10-05 22:19:51.859 +0900, sendExtraRequestsToRequestInjector updated size = 1
		2025-10-05 22:19:51.859 +0900,   PersistableBundle[{key.i32=[], key.tagName=android.control.aeTargetFpsRange}]
		2025-10-05 22:19:51.859 +0900, sendExtraRequestsToRequestInjector done
		2025-10-05 22:20:23.823 +0900, applyRequests requests size = 1
		2025-10-05 22:20:23.823 +0900,   PersistableBundle[{key.i32=[], key.tagName=android.control.aeTargetFpsRange}]
		2025-10-05 22:20:23.823 +0900, sendExtraRequestsToRequestInjector updated size = 1
		2025-10-05 22:20:23.823 +0900,   PersistableBundle[{key.i32=[], key.tagName=android.control.aeTargetFpsRange}]
		2025-10-05 22:20:23.823 +0900, sendExtraRequestsToRequestInjector done

	Dump of CameraServiceWorker POST_PROCESS_EVENT

	Dump of CameraServiceWorker CAMERA_APPLICATION_EVENT

	Dump of CameraServiceWorker DATABASE_EVENT
